2025-01-05 17:45:29,518 - INFO - Network Event - AttemptingPath: {'path': ['mars_rover_1', 'mars_base', 'mars_orbiter_1', 'deep_space_relay_1', 'earth_relay_1', 'earth_station_1'], 'bundle': 'bundle_174528', 'estimated_delay': 1620}
2025-01-05 17:45:29,519 - INFO - Network Event - DisruptionCheck: {'current_node': 'mars_rover_1', 'next_node': 'mars_base', 'error_rate': 0.3, 'disruption_rate': 0.3}
2025-01-05 17:45:29,519 - INFO - Bundle bundle_174528 - BundleStored at mars_rover_1
Details: {'reason': 'disruption', 'buffer_size': 1}
2025-01-05 17:45:29,520 - INFO - Bundle bundle_174528 - RecoveryAttempt at mars_rover_1 -> mars_base (Attempt 1/3)
2025-01-05 17:45:30,521 - INFO - Bundle bundle_174528 - RecoveryAttempt at mars_rover_1 -> mars_base (Attempt 2/3)
2025-01-05 17:45:31,522 - INFO - Bundle bundle_174528 - RecoverySuccess at mars_rover_1 -> mars_base (Recovered after 2 attempts)
2025-01-05 17:45:31,523 - INFO - Bundle bundle_174528 - Transmission at mars_rover_1 -> mars_base (Success)
Details: {'delay': 60, 'total_delay': 60, 'distance': '100 km', 'retransmissions': 1}
2025-01-05 17:45:33,113 - INFO - Network Event - DisruptionCheck: {'current_node': 'mars_base', 'next_node': 'mars_orbiter_1', 'error_rate': 0.3, 'disruption_rate': 0.3}
2025-01-05 17:45:33,114 - INFO - Bundle bundle_174528 - Transmission at mars_base -> mars_orbiter_1 (Success)
Details: {'delay': 180, 'total_delay': 240, 'distance': '400 km', 'retransmissions': 1}
2025-01-05 17:45:34,698 - INFO - Network Event - DisruptionCheck: {'current_node': 'mars_orbiter_1', 'next_node': 'deep_space_relay_1', 'error_rate': 0.3, 'disruption_rate': 0.3}
2025-01-05 17:45:34,698 - INFO - Bundle bundle_174528 - Disruption at mars_orbiter_1 -> deep_space_relay_1 (Failed)
Details: {'delay': 600, 'distance': '200M km'}
2025-01-05 17:45:34,699 - INFO - Network Event - DisruptionCheck: {'current_node': 'mars_orbiter_1', 'next_node': 'deep_space_relay_1', 'error_rate': 0.3, 'disruption_rate': 0.3}
2025-01-05 17:45:34,699 - INFO - Bundle bundle_174528 - BundleStored at mars_orbiter_1
Details: {'reason': 'disruption', 'buffer_size': 1}
2025-01-05 17:45:34,699 - INFO - Bundle bundle_174528 - RecoveryAttempt at mars_orbiter_1 -> deep_space_relay_1 (Attempt 1/3)
2025-01-05 17:45:35,700 - INFO - Bundle bundle_174528 - RecoverySuccess at mars_orbiter_1 -> deep_space_relay_1 (Recovered after 1 attempts)
2025-01-05 17:45:35,701 - INFO - Bundle bundle_174528 - Disruption at mars_orbiter_1 -> deep_space_relay_1 (Failed)
Details: {'delay': 600, 'distance': '200M km'}
2025-01-05 17:45:35,701 - INFO - Network Event - DisruptionCheck: {'current_node': 'mars_orbiter_1', 'next_node': 'deep_space_relay_1', 'error_rate': 0.3, 'disruption_rate': 0.3}
2025-01-05 17:45:35,702 - INFO - Bundle bundle_174528 - Disruption at mars_orbiter_1 -> deep_space_relay_1 (Failed)
Details: {'delay': 600, 'distance': '200M km'}
2025-01-05 17:45:35,702 - INFO - Network Event - DisruptionCheck: {'current_node': 'mars_orbiter_1', 'next_node': 'deep_space_relay_1', 'error_rate': 0.3, 'disruption_rate': 0.3}
2025-01-05 17:45:35,702 - INFO - Bundle bundle_174528 - Disruption at mars_orbiter_1 -> deep_space_relay_1 (Failed)
Details: {'delay': 600, 'distance': '200M km'}
2025-01-05 17:45:35,702 - INFO - Network Event - DisruptionCheck: {'current_node': 'mars_orbiter_1', 'next_node': 'deep_space_relay_1', 'error_rate': 0.3, 'disruption_rate': 0.3}
2025-01-05 17:45:35,702 - INFO - Bundle bundle_174528 - Transmission at mars_orbiter_1 -> deep_space_relay_1 (Success)
Details: {'delay': 600, 'total_delay': 840, 'distance': '200M km', 'retransmissions': 1}
2025-01-05 17:45:37,287 - INFO - Network Event - DisruptionCheck: {'current_node': 'deep_space_relay_1', 'next_node': 'earth_relay_1', 'error_rate': 0.3, 'disruption_rate': 0.3}
2025-01-05 17:45:37,287 - INFO - Bundle bundle_174528 - BundleStored at deep_space_relay_1
Details: {'reason': 'disruption', 'buffer_size': 1}
2025-01-05 17:45:37,288 - INFO - Bundle bundle_174528 - RecoveryAttempt at deep_space_relay_1 -> earth_relay_1 (Attempt 1/3)
2025-01-05 17:45:38,289 - INFO - Bundle bundle_174528 - RecoverySuccess at deep_space_relay_1 -> earth_relay_1 (Recovered after 1 attempts)
2025-01-05 17:45:38,290 - INFO - Bundle bundle_174528 - Transmission at deep_space_relay_1 -> earth_relay_1 (Success)
Details: {'delay': 600, 'total_delay': 1440, 'distance': '50M km', 'retransmissions': 1}
2025-01-05 17:45:39,870 - INFO - Network Event - DisruptionCheck: {'current_node': 'earth_relay_1', 'next_node': 'earth_station_1', 'error_rate': 0.3, 'disruption_rate': 0.3}
2025-01-05 17:45:39,870 - INFO - Bundle bundle_174528 - BundleStored at earth_relay_1
Details: {'reason': 'error', 'buffer_size': 1}
2025-01-05 17:45:39,871 - INFO - Bundle bundle_174528 - RecoveryAttempt at earth_relay_1 -> earth_station_1 (Attempt 1/3)
2025-01-05 17:45:40,872 - INFO - Bundle bundle_174528 - RecoverySuccess at earth_relay_1 -> earth_station_1 (Recovered after 1 attempts)
2025-01-05 17:45:40,873 - INFO - Bundle bundle_174528 - Transmission at earth_relay_1 -> earth_station_1 (Success)
Details: {'delay': 180, 'total_delay': 1620, 'distance': '400 km', 'retransmissions': 1}
2025-01-05 17:45:42,458 - INFO - Network Event - SimulationComplete: {'bundle_id': 'bundle_174528', 'total_delay': 1620, 'total_retransmissions': 1, 'final_path': ['mars_rover_1', 'mars_rover_2', 'mars_base', 'mars_orbiter_1', 'deep_space_relay_1', 'earth_relay_1', 'earth_station_1'], 'disruptions': 4, 'disrupted_links': [('mars_orbiter_1', 'deep_space_relay_1')], 'avg_recovery_time': 1.2516140341758728, 'stored_bundles': 4, 'max_stored_bundles': 0, 'paths_attempted': 2, 'total_available_paths': 3, 'buffer_states': {'mars_rover_1': 0, 'mars_orbiter_1': 0, 'deep_space_relay_1': 0, 'earth_relay_1': 0}, 'total_storage_events': 4, 'recovery_attempts': 1, 'successful_recoveries': 4, 'simulation_timestamp': '2025-01-05 17:45:42', 'source': 'mars_rover_1', 'destination': 'earth_station_1', 'message': 'Hello from mars_rover_1!'}
