2025-01-02 00:30:15,982 - INFO - Network Event - PathsFound: {'num_paths': 1, 'paths': [['mars_rover_1', 'mars_base', 'mars_orbiter_1', 'deep_space_relay_1', 'earth_relay_1', 'earth_station_1']], 'delays': {"['mars_rover_1', 'mars_base', 'mars_orbiter_1', 'deep_space_relay_1', 'earth_relay_1', 'earth_station_1']": 1620}}
2025-01-02 00:30:15,983 - INFO - Network Event - AttemptingPath: {'path': ['mars_rover_1', 'mars_base', 'mars_orbiter_1', 'deep_space_relay_1', 'earth_relay_1', 'earth_station_1'], 'bundle': 'bundle_003015', 'estimated_delay': 1620}
2025-01-02 00:30:15,983 - INFO - Network Event - DisruptionCheck: {'current_node': 'mars_rover_1', 'next_node': 'mars_base', 'error_rate': 0.3, 'disruption_rate': 0.3}
2025-01-02 00:30:15,983 - INFO - Bundle bundle_003015 - Transmission at mars_rover_1 -> mars_base (Success)
Details: {'delay': 60, 'total_delay': 60, 'distance': '100 km', 'retransmissions': 0}
2025-01-02 00:30:17,581 - INFO - Network Event - DisruptionCheck: {'current_node': 'mars_base', 'next_node': 'mars_orbiter_1', 'error_rate': 0.3, 'disruption_rate': 0.3}
2025-01-02 00:30:17,581 - INFO - Bundle bundle_003015 - BundleStored at mars_base
Details: {'reason': 'error', 'buffer_size': 1}
2025-01-02 00:30:17,581 - INFO - Bundle bundle_003015 - RecoveryAttempt at mars_base -> mars_orbiter_1 (Attempt 1/3)
2025-01-02 00:30:18,582 - INFO - Bundle bundle_003015 - RecoverySuccess at mars_base -> mars_orbiter_1 (Recovered after 1 attempts)
2025-01-02 00:30:18,582 - INFO - Bundle bundle_003015 - Disruption at mars_base -> mars_orbiter_1 (Failed)
Details: {'delay': 180, 'distance': '400 km'}
2025-01-02 00:30:18,582 - INFO - Network Event - DisruptionCheck: {'current_node': 'mars_base', 'next_node': 'mars_orbiter_1', 'error_rate': 0.3, 'disruption_rate': 0.3}
2025-01-02 00:30:18,583 - INFO - Bundle bundle_003015 - BundleStored at mars_base
Details: {'reason': 'error', 'buffer_size': 1}
2025-01-02 00:30:18,583 - INFO - Bundle bundle_003015 - RecoveryAttempt at mars_base -> mars_orbiter_1 (Attempt 1/3)
2025-01-02 00:30:19,584 - INFO - Bundle bundle_003015 - RecoverySuccess at mars_base -> mars_orbiter_1 (Recovered after 1 attempts)
2025-01-02 00:30:19,585 - INFO - Bundle bundle_003015 - Transmission at mars_base -> mars_orbiter_1 (Success)
Details: {'delay': 180, 'total_delay': 240, 'distance': '400 km', 'retransmissions': 0}
2025-01-02 00:30:21,163 - INFO - Network Event - DisruptionCheck: {'current_node': 'mars_orbiter_1', 'next_node': 'deep_space_relay_1', 'error_rate': 0.3, 'disruption_rate': 0.3}
2025-01-02 00:30:21,163 - INFO - Bundle bundle_003015 - Disruption at mars_orbiter_1 -> deep_space_relay_1 (Failed)
Details: {'delay': 600, 'distance': '200M km'}
2025-01-02 00:30:21,163 - INFO - Network Event - DisruptionCheck: {'current_node': 'mars_orbiter_1', 'next_node': 'deep_space_relay_1', 'error_rate': 0.3, 'disruption_rate': 0.3}
2025-01-02 00:30:21,164 - INFO - Bundle bundle_003015 - Transmission at mars_orbiter_1 -> deep_space_relay_1 (Success)
Details: {'delay': 600, 'total_delay': 840, 'distance': '200M km', 'retransmissions': 0}
2025-01-02 00:30:22,738 - INFO - Network Event - DisruptionCheck: {'current_node': 'deep_space_relay_1', 'next_node': 'earth_relay_1', 'error_rate': 0.3, 'disruption_rate': 0.3}
2025-01-02 00:30:22,739 - INFO - Bundle bundle_003015 - BundleStored at deep_space_relay_1
Details: {'reason': 'error', 'buffer_size': 1}
2025-01-02 00:30:22,739 - INFO - Bundle bundle_003015 - RecoveryAttempt at deep_space_relay_1 -> earth_relay_1 (Attempt 1/3)
2025-01-02 00:30:23,740 - INFO - Bundle bundle_003015 - RecoverySuccess at deep_space_relay_1 -> earth_relay_1 (Recovered after 1 attempts)
2025-01-02 00:30:23,741 - INFO - Bundle bundle_003015 - Transmission at deep_space_relay_1 -> earth_relay_1 (Success)
Details: {'delay': 600, 'total_delay': 1440, 'distance': '50M km', 'retransmissions': 0}
2025-01-02 00:30:25,318 - INFO - Network Event - DisruptionCheck: {'current_node': 'earth_relay_1', 'next_node': 'earth_station_1', 'error_rate': 0.3, 'disruption_rate': 0.3}
2025-01-02 00:30:25,318 - INFO - Bundle bundle_003015 - BundleStored at earth_relay_1
Details: {'reason': 'error', 'buffer_size': 1}
2025-01-02 00:30:25,319 - INFO - Bundle bundle_003015 - RecoveryAttempt at earth_relay_1 -> earth_station_1 (Attempt 1/3)
2025-01-02 00:30:26,320 - INFO - Bundle bundle_003015 - RecoverySuccess at earth_relay_1 -> earth_station_1 (Recovered after 1 attempts)
2025-01-02 00:30:26,320 - INFO - Bundle bundle_003015 - Transmission at earth_relay_1 -> earth_station_1 (Success)
Details: {'delay': 180, 'total_delay': 1620, 'distance': '400 km', 'retransmissions': 0}
2025-01-02 00:30:27,899 - INFO - Network Event - SimulationComplete: {'bundle_id': 'bundle_003015', 'total_delay': 1620, 'total_retransmissions': 0, 'final_path': ['mars_rover_1', 'mars_base', 'mars_orbiter_1', 'deep_space_relay_1', 'earth_relay_1', 'earth_station_1'], 'disruptions': 4, 'disrupted_links': [('mars_orbiter_1', 'deep_space_relay_1')], 'avg_recovery_time': 1.0010727643966675, 'stored_bundles': 4, 'max_stored_bundles': 0, 'paths_attempted': 1, 'total_available_paths': 1, 'buffer_states': {'mars_base': 0, 'deep_space_relay_1': 0, 'earth_relay_1': 0}, 'total_storage_events': 4, 'recovery_attempts': 0, 'successful_recoveries': 4}
