2025-01-05 18:39:45,081 - INFO - Network Event - SimulationStarted: {'bundle_id': 'bundle_183945', 'source': 'mars_rover_1', 'destination': 'earth_station_1', 'initial_paths': 3}
2025-01-05 18:39:45,081 - INFO - Network Event - AttemptingPath: {'attempt': 1, 'path': ['mars_rover_1', 'mars_base', 'mars_orbiter_1', 'deep_space_relay_1', 'earth_relay_1', 'earth_station_1'], 'current_node': 'mars_rover_1'}
2025-01-05 18:39:45,637 - INFO - Network Event - DisruptionCheck: {'current_node': 'mars_rover_1', 'next_node': 'mars_base', 'error_rate': 0.3, 'disruption_rate': 0.3, 'is_error': False, 'is_disrupted': False}
2025-01-05 18:39:45,638 - INFO - Bundle bundle_183945 - Transmission at mars_rover_1 -> mars_base (Success)
Details: {'delay': 60, 'total_delay': 0}
2025-01-05 18:39:46,139 - INFO - Network Event - AttemptingPath: {'attempt': 2, 'path': ['mars_rover_1', 'mars_base', 'mars_orbiter_1', 'deep_space_relay_1', 'earth_relay_1', 'earth_station_1'], 'current_node': 'mars_base'}
2025-01-05 18:39:46,754 - INFO - Network Event - DisruptionCheck: {'current_node': 'mars_base', 'next_node': 'mars_orbiter_1', 'error_rate': 0.3, 'disruption_rate': 0.3, 'is_error': False, 'is_disrupted': False}
2025-01-05 18:39:46,755 - INFO - Bundle bundle_183945 - Transmission at mars_base -> mars_orbiter_1 (Success)
Details: {'delay': 180, 'total_delay': 60}
2025-01-05 18:39:47,256 - INFO - Network Event - AttemptingPath: {'attempt': 3, 'path': ['mars_rover_1', 'mars_base', 'mars_orbiter_1', 'deep_space_relay_1', 'earth_relay_1', 'earth_station_1'], 'current_node': 'mars_orbiter_1'}
2025-01-05 18:39:47,838 - INFO - Network Event - DisruptionCheck: {'current_node': 'mars_orbiter_1', 'next_node': 'deep_space_relay_1', 'error_rate': 0.3, 'disruption_rate': 0.3, 'is_error': False, 'is_disrupted': False}
2025-01-05 18:39:47,839 - INFO - Bundle bundle_183945 - Transmission at mars_orbiter_1 -> deep_space_relay_1 (Success)
Details: {'delay': 600, 'total_delay': 240}
2025-01-05 18:39:48,340 - INFO - Network Event - AttemptingPath: {'attempt': 4, 'path': ['mars_rover_1', 'mars_base', 'mars_orbiter_1', 'deep_space_relay_1', 'earth_relay_1', 'earth_station_1'], 'current_node': 'deep_space_relay_1'}
2025-01-05 18:39:48,922 - INFO - Network Event - DisruptionCheck: {'current_node': 'deep_space_relay_1', 'next_node': 'earth_relay_1', 'error_rate': 0.3, 'disruption_rate': 0.3, 'is_error': False, 'is_disrupted': False}
2025-01-05 18:39:48,923 - INFO - Bundle bundle_183945 - Transmission at deep_space_relay_1 -> earth_relay_1 (Success)
Details: {'delay': 600, 'total_delay': 840}
2025-01-05 18:39:49,424 - INFO - Network Event - AttemptingPath: {'attempt': 5, 'path': ['mars_rover_1', 'mars_base', 'mars_orbiter_1', 'deep_space_relay_1', 'earth_relay_1', 'earth_station_1'], 'current_node': 'earth_relay_1'}
2025-01-05 18:39:49,980 - INFO - Network Event - DisruptionCheck: {'current_node': 'earth_relay_1', 'next_node': 'earth_station_1', 'error_rate': 0.3, 'disruption_rate': 0.3, 'is_error': False, 'is_disrupted': True}
2025-01-05 18:39:49,983 - INFO - Network Event - ReroutingAttempt: {'from_node': 'earth_relay_1', 'new_path': ['earth_relay_1', 'earth_relay_2', 'earth_station_2', 'earth_station_1'], 'available_paths': 2}
2025-01-05 18:39:49,983 - INFO - Network Event - AttemptingPath: {'attempt': 6, 'path': ['earth_relay_1', 'earth_relay_2', 'earth_station_2', 'earth_station_1'], 'current_node': 'earth_relay_1'}
2025-01-05 18:39:50,564 - INFO - Network Event - DisruptionCheck: {'current_node': 'earth_relay_1', 'next_node': 'earth_relay_2', 'error_rate': 0.3, 'disruption_rate': 0.3, 'is_error': False, 'is_disrupted': False}
2025-01-05 18:39:50,565 - INFO - Bundle bundle_183945 - Transmission at earth_relay_1 -> earth_relay_2 (Success)
Details: {'delay': 90, 'total_delay': 1440}
2025-01-05 18:39:51,066 - INFO - Network Event - AttemptingPath: {'attempt': 7, 'path': ['earth_relay_1', 'earth_relay_2', 'earth_station_2', 'earth_station_1'], 'current_node': 'earth_relay_2'}
2025-01-05 18:39:51,649 - INFO - Network Event - DisruptionCheck: {'current_node': 'earth_relay_2', 'next_node': 'earth_station_2', 'error_rate': 0.3, 'disruption_rate': 0.3, 'is_error': False, 'is_disrupted': False}
2025-01-05 18:39:51,650 - INFO - Bundle bundle_183945 - Transmission at earth_relay_2 -> earth_station_2 (Success)
Details: {'delay': 180, 'total_delay': 1530}
2025-01-05 18:39:52,151 - INFO - Network Event - AttemptingPath: {'attempt': 8, 'path': ['earth_relay_1', 'earth_relay_2', 'earth_station_2', 'earth_station_1'], 'current_node': 'earth_station_2'}
2025-01-05 18:39:52,734 - INFO - Network Event - DisruptionCheck: {'current_node': 'earth_station_2', 'next_node': 'earth_station_1', 'error_rate': 0.3, 'disruption_rate': 0.3, 'is_error': True, 'is_disrupted': False}
2025-01-05 18:39:52,737 - INFO - Network Event - ReroutingAttempt: {'from_node': 'earth_station_2', 'new_path': ['earth_station_2', 'earth_relay_2', 'earth_relay_1', 'earth_station_1'], 'available_paths': 2}
2025-01-05 18:39:52,737 - INFO - Network Event - AttemptingPath: {'attempt': 9, 'path': ['earth_station_2', 'earth_relay_2', 'earth_relay_1', 'earth_station_1'], 'current_node': 'earth_station_2'}
2025-01-05 18:39:53,318 - INFO - Network Event - DisruptionCheck: {'current_node': 'earth_station_2', 'next_node': 'earth_relay_2', 'error_rate': 0.3, 'disruption_rate': 0.3, 'is_error': True, 'is_disrupted': True}
2025-01-05 18:39:53,321 - INFO - Network Event - NoAlternativePaths: {'current_node': 'earth_station_2', 'disrupted_links': [('earth_station_2', 'earth_station_1'), ('earth_relay_1', 'earth_station_1'), ('earth_station_2', 'earth_relay_2')]}
2025-01-05 18:39:53,321 - INFO - Bundle bundle_183945 - RecoveryAttempt at earth_station_2 -> earth_relay_2 (Attempt 1/3)
Details: {'chance': 0.5514717626080264, 'threshold': 0.3}
2025-01-05 18:39:53,322 - INFO - Network Event - AttemptingPath: {'attempt': 10, 'path': ['earth_station_2', 'earth_station_1'], 'current_node': 'earth_station_2'}
2025-01-05 18:39:53,929 - INFO - Network Event - DisruptionCheck: {'current_node': 'earth_station_2', 'next_node': 'earth_station_1', 'error_rate': 0.3, 'disruption_rate': 0.3, 'is_error': False, 'is_disrupted': True}
2025-01-05 18:39:53,932 - INFO - Network Event - ReroutingAttempt: {'from_node': 'earth_station_2', 'new_path': ['earth_station_2', 'earth_relay_2', 'earth_relay_1', 'earth_station_1'], 'available_paths': 2}
2025-01-05 18:39:53,932 - INFO - Network Event - AttemptingPath: {'attempt': 11, 'path': ['earth_station_2', 'earth_relay_2', 'earth_relay_1', 'earth_station_1'], 'current_node': 'earth_station_2'}
2025-01-05 18:39:54,511 - INFO - Network Event - DisruptionCheck: {'current_node': 'earth_station_2', 'next_node': 'earth_relay_2', 'error_rate': 0.3, 'disruption_rate': 0.3, 'is_error': True, 'is_disrupted': False}
2025-01-05 18:39:54,514 - INFO - Network Event - NoAlternativePaths: {'current_node': 'earth_station_2', 'disrupted_links': [('earth_station_2', 'earth_station_1'), ('earth_relay_1', 'earth_station_1'), ('earth_station_2', 'earth_relay_2')]}
2025-01-05 18:39:54,514 - INFO - Bundle bundle_183945 - RecoveryAttempt at earth_station_2 -> earth_relay_2 (Attempt 1/3)
Details: {'chance': 0.8696736917196826, 'threshold': 0.3}
2025-01-05 18:39:54,515 - INFO - Network Event - AttemptingPath: {'attempt': 12, 'path': ['earth_station_2', 'earth_station_1'], 'current_node': 'earth_station_2'}
2025-01-05 18:39:55,093 - INFO - Network Event - DisruptionCheck: {'current_node': 'earth_station_2', 'next_node': 'earth_station_1', 'error_rate': 0.3, 'disruption_rate': 0.3, 'is_error': False, 'is_disrupted': True}
2025-01-05 18:39:55,095 - INFO - Network Event - ReroutingAttempt: {'from_node': 'earth_station_2', 'new_path': ['earth_station_2', 'earth_relay_2', 'earth_relay_1', 'earth_station_1'], 'available_paths': 2}
2025-01-05 18:39:55,095 - INFO - Network Event - AttemptingPath: {'attempt': 13, 'path': ['earth_station_2', 'earth_relay_2', 'earth_relay_1', 'earth_station_1'], 'current_node': 'earth_station_2'}
2025-01-05 18:39:55,675 - INFO - Network Event - DisruptionCheck: {'current_node': 'earth_station_2', 'next_node': 'earth_relay_2', 'error_rate': 0.3, 'disruption_rate': 0.3, 'is_error': True, 'is_disrupted': False}
2025-01-05 18:39:55,675 - INFO - Network Event - NoAlternativePaths: {'current_node': 'earth_station_2', 'disrupted_links': [('earth_station_2', 'earth_station_1'), ('earth_relay_1', 'earth_station_1'), ('earth_station_2', 'earth_relay_2')]}
2025-01-05 18:39:55,675 - INFO - Bundle bundle_183945 - RecoveryAttempt at earth_station_2 -> earth_relay_2 (Attempt 1/3)
Details: {'chance': 0.3859362538105481, 'threshold': 0.3}
2025-01-05 18:39:55,676 - INFO - Network Event - AttemptingPath: {'attempt': 14, 'path': ['earth_station_2', 'earth_station_1'], 'current_node': 'earth_station_2'}
2025-01-05 18:39:56,227 - INFO - Network Event - DisruptionCheck: {'current_node': 'earth_station_2', 'next_node': 'earth_station_1', 'error_rate': 0.3, 'disruption_rate': 0.3, 'is_error': True, 'is_disrupted': False}
2025-01-05 18:39:56,229 - INFO - Network Event - ReroutingAttempt: {'from_node': 'earth_station_2', 'new_path': ['earth_station_2', 'earth_relay_2', 'earth_relay_1', 'earth_station_1'], 'available_paths': 2}
2025-01-05 18:39:56,229 - INFO - Network Event - AttemptingPath: {'attempt': 15, 'path': ['earth_station_2', 'earth_relay_2', 'earth_relay_1', 'earth_station_1'], 'current_node': 'earth_station_2'}
2025-01-05 18:39:56,807 - INFO - Network Event - DisruptionCheck: {'current_node': 'earth_station_2', 'next_node': 'earth_relay_2', 'error_rate': 0.3, 'disruption_rate': 0.3, 'is_error': False, 'is_disrupted': True}
2025-01-05 18:39:56,810 - INFO - Network Event - NoAlternativePaths: {'current_node': 'earth_station_2', 'disrupted_links': [('earth_station_2', 'earth_station_1'), ('earth_relay_1', 'earth_station_1'), ('earth_station_2', 'earth_relay_2')]}
2025-01-05 18:39:56,810 - INFO - Bundle bundle_183945 - RecoveryAttempt at earth_station_2 -> earth_relay_2 (Attempt 1/3)
Details: {'chance': 0.7430226840793777, 'threshold': 0.3}
2025-01-05 18:39:56,812 - INFO - Network Event - AttemptingPath: {'attempt': 16, 'path': ['earth_station_2', 'earth_station_1'], 'current_node': 'earth_station_2'}
2025-01-05 18:39:57,392 - INFO - Network Event - DisruptionCheck: {'current_node': 'earth_station_2', 'next_node': 'earth_station_1', 'error_rate': 0.3, 'disruption_rate': 0.3, 'is_error': False, 'is_disrupted': True}
2025-01-05 18:39:57,395 - INFO - Network Event - ReroutingAttempt: {'from_node': 'earth_station_2', 'new_path': ['earth_station_2', 'earth_relay_2', 'earth_relay_1', 'earth_station_1'], 'available_paths': 2}
2025-01-05 18:39:57,395 - INFO - Network Event - AttemptingPath: {'attempt': 17, 'path': ['earth_station_2', 'earth_relay_2', 'earth_relay_1', 'earth_station_1'], 'current_node': 'earth_station_2'}
2025-01-05 18:39:57,976 - INFO - Network Event - DisruptionCheck: {'current_node': 'earth_station_2', 'next_node': 'earth_relay_2', 'error_rate': 0.3, 'disruption_rate': 0.3, 'is_error': False, 'is_disrupted': True}
2025-01-05 18:39:57,977 - INFO - Network Event - NoAlternativePaths: {'current_node': 'earth_station_2', 'disrupted_links': [('earth_station_2', 'earth_station_1'), ('earth_relay_1', 'earth_station_1'), ('earth_station_2', 'earth_relay_2')]}
2025-01-05 18:39:57,978 - INFO - Bundle bundle_183945 - RecoveryAttempt at earth_station_2 -> earth_relay_2 (Attempt 1/3)
Details: {'chance': 0.6888523906555603, 'threshold': 0.3}
2025-01-05 18:39:57,979 - INFO - Network Event - AttemptingPath: {'attempt': 18, 'path': ['earth_station_2', 'earth_station_1'], 'current_node': 'earth_station_2'}
2025-01-05 18:39:58,532 - INFO - Network Event - DisruptionCheck: {'current_node': 'earth_station_2', 'next_node': 'earth_station_1', 'error_rate': 0.3, 'disruption_rate': 0.3, 'is_error': True, 'is_disrupted': False}
2025-01-05 18:39:58,535 - INFO - Network Event - ReroutingAttempt: {'from_node': 'earth_station_2', 'new_path': ['earth_station_2', 'earth_relay_2', 'earth_relay_1', 'earth_station_1'], 'available_paths': 2}
2025-01-05 18:39:58,535 - INFO - Network Event - AttemptingPath: {'attempt': 19, 'path': ['earth_station_2', 'earth_relay_2', 'earth_relay_1', 'earth_station_1'], 'current_node': 'earth_station_2'}
2025-01-05 18:39:59,114 - INFO - Network Event - DisruptionCheck: {'current_node': 'earth_station_2', 'next_node': 'earth_relay_2', 'error_rate': 0.3, 'disruption_rate': 0.3, 'is_error': True, 'is_disrupted': True}
2025-01-05 18:39:59,117 - INFO - Network Event - NoAlternativePaths: {'current_node': 'earth_station_2', 'disrupted_links': [('earth_station_2', 'earth_station_1'), ('earth_relay_1', 'earth_station_1'), ('earth_station_2', 'earth_relay_2')]}
2025-01-05 18:39:59,117 - INFO - Bundle bundle_183945 - RecoveryAttempt at earth_station_2 -> earth_relay_2 (Attempt 1/3)
Details: {'chance': 0.424291566682508, 'threshold': 0.3}
2025-01-05 18:39:59,119 - INFO - Network Event - AttemptingPath: {'attempt': 20, 'path': ['earth_station_2', 'earth_station_1'], 'current_node': 'earth_station_2'}
2025-01-05 18:39:59,726 - INFO - Network Event - DisruptionCheck: {'current_node': 'earth_station_2', 'next_node': 'earth_station_1', 'error_rate': 0.3, 'disruption_rate': 0.3, 'is_error': False, 'is_disrupted': False}
2025-01-05 18:39:59,726 - INFO - Bundle bundle_183945 - Transmission at earth_station_2 -> earth_station_1 (Success)
Details: {'delay': 60, 'total_delay': 1710}
2025-01-05 18:40:00,227 - INFO - Network Event - AttemptingPath: {'attempt': 21, 'path': ['earth_station_2', 'earth_station_1'], 'current_node': 'earth_station_1'}
2025-01-05 18:40:00,782 - INFO - Network Event - SimulationComplete: {'status': 'Delivered', 'total_delay': 1770, 'retransmissions': 6, 'paths_attempted': 21, 'disruptions': 2, 'stored_bundles': 13}
