2025-01-05 18:37:47,110 - INFO - Network Event - SimulationStarted: {'bundle_id': 'bundle_183747', 'source': 'mars_rover_1', 'destination': 'earth_station_1', 'initial_paths': 3}
2025-01-05 18:37:47,110 - INFO - Network Event - AttemptingPath: {'attempt': 1, 'path': ['mars_rover_1', 'mars_base', 'mars_orbiter_1', 'deep_space_relay_1', 'earth_relay_1', 'earth_station_1'], 'current_node': 'mars_rover_1'}
2025-01-05 18:37:47,667 - INFO - Bundle bundle_183747 - Transmission at mars_rover_1 -> mars_base (Success)
Details: {'delay': 60, 'total_delay': 0}
2025-01-05 18:37:48,169 - INFO - Network Event - AttemptingPath: {'attempt': 2, 'path': ['mars_rover_1', 'mars_base', 'mars_orbiter_1', 'deep_space_relay_1', 'earth_relay_1', 'earth_station_1'], 'current_node': 'mars_base'}
2025-01-05 18:37:48,753 - INFO - Bundle bundle_183747 - LinkDisruption at mars_base -> mars_orbiter_1 (Failed)
Details: {'reason': 'disruption', 'remaining_paths': 3}
2025-01-05 18:37:48,757 - INFO - Network Event - ReroutingAttempt: {'from_node': 'mars_base', 'new_path': ['mars_base', 'mars_orbiter_1', 'deep_space_relay_1', 'earth_relay_1', 'earth_station_1'], 'available_paths': 3}
2025-01-05 18:37:48,757 - INFO - Network Event - AttemptingPath: {'attempt': 3, 'path': ['mars_base', 'mars_orbiter_1', 'deep_space_relay_1', 'earth_relay_1', 'earth_station_1'], 'current_node': 'mars_base'}
2025-01-05 18:37:49,336 - INFO - Bundle bundle_183747 - LinkDisruption at mars_base -> mars_orbiter_1 (Failed)
Details: {'reason': 'disruption', 'remaining_paths': 3}
2025-01-05 18:37:49,340 - INFO - Network Event - ReroutingAttempt: {'from_node': 'mars_base', 'new_path': ['mars_base', 'mars_orbiter_1', 'deep_space_relay_1', 'earth_relay_1', 'earth_station_1'], 'available_paths': 3}
2025-01-05 18:37:49,340 - INFO - Network Event - AttemptingPath: {'attempt': 4, 'path': ['mars_base', 'mars_orbiter_1', 'deep_space_relay_1', 'earth_relay_1', 'earth_station_1'], 'current_node': 'mars_base'}
2025-01-05 18:37:49,919 - INFO - Bundle bundle_183747 - LinkDisruption at mars_base -> mars_orbiter_1 (Failed)
Details: {'reason': 'error', 'remaining_paths': 3}
2025-01-05 18:37:49,924 - INFO - Network Event - ReroutingAttempt: {'from_node': 'mars_base', 'new_path': ['mars_base', 'mars_orbiter_1', 'deep_space_relay_1', 'earth_relay_1', 'earth_station_1'], 'available_paths': 3}
2025-01-05 18:37:49,924 - INFO - Network Event - AttemptingPath: {'attempt': 5, 'path': ['mars_base', 'mars_orbiter_1', 'deep_space_relay_1', 'earth_relay_1', 'earth_station_1'], 'current_node': 'mars_base'}
2025-01-05 18:37:50,507 - INFO - Bundle bundle_183747 - Transmission at mars_base -> mars_orbiter_1 (Success)
Details: {'delay': 180, 'total_delay': 60}
2025-01-05 18:37:51,009 - INFO - Network Event - AttemptingPath: {'attempt': 6, 'path': ['mars_base', 'mars_orbiter_1', 'deep_space_relay_1', 'earth_relay_1', 'earth_station_1'], 'current_node': 'mars_orbiter_1'}
2025-01-05 18:37:51,593 - INFO - Bundle bundle_183747 - LinkDisruption at mars_orbiter_1 -> deep_space_relay_1 (Failed)
Details: {'reason': 'error', 'remaining_paths': 3}
2025-01-05 18:37:51,594 - INFO - Network Event - ReroutingAttempt: {'from_node': 'mars_orbiter_1', 'new_path': ['mars_orbiter_1', 'deep_space_relay_1', 'earth_relay_1', 'earth_station_1'], 'available_paths': 3}
2025-01-05 18:37:51,595 - INFO - Network Event - AttemptingPath: {'attempt': 7, 'path': ['mars_orbiter_1', 'deep_space_relay_1', 'earth_relay_1', 'earth_station_1'], 'current_node': 'mars_orbiter_1'}
2025-01-05 18:37:52,161 - INFO - Bundle bundle_183747 - Transmission at mars_orbiter_1 -> deep_space_relay_1 (Success)
Details: {'delay': 600, 'total_delay': 240}
2025-01-05 18:37:52,662 - INFO - Network Event - AttemptingPath: {'attempt': 8, 'path': ['mars_orbiter_1', 'deep_space_relay_1', 'earth_relay_1', 'earth_station_1'], 'current_node': 'deep_space_relay_1'}
2025-01-05 18:37:53,251 - INFO - Bundle bundle_183747 - LinkDisruption at deep_space_relay_1 -> earth_relay_1 (Failed)
Details: {'reason': 'error', 'remaining_paths': 3}
2025-01-05 18:37:53,254 - INFO - Network Event - ReroutingAttempt: {'from_node': 'deep_space_relay_1', 'new_path': ['deep_space_relay_1', 'earth_relay_1', 'earth_station_1'], 'available_paths': 3}
2025-01-05 18:37:53,254 - INFO - Network Event - AttemptingPath: {'attempt': 9, 'path': ['deep_space_relay_1', 'earth_relay_1', 'earth_station_1'], 'current_node': 'deep_space_relay_1'}
2025-01-05 18:37:53,865 - INFO - Bundle bundle_183747 - Transmission at deep_space_relay_1 -> earth_relay_1 (Success)
Details: {'delay': 600, 'total_delay': 840}
2025-01-05 18:37:54,367 - INFO - Network Event - AttemptingPath: {'attempt': 10, 'path': ['deep_space_relay_1', 'earth_relay_1', 'earth_station_1'], 'current_node': 'earth_relay_1'}
2025-01-05 18:37:54,954 - INFO - Bundle bundle_183747 - Transmission at earth_relay_1 -> earth_station_1 (Success)
Details: {'delay': 180, 'total_delay': 1440}
2025-01-05 18:37:55,456 - INFO - Network Event - AttemptingPath: {'attempt': 11, 'path': ['deep_space_relay_1', 'earth_relay_1', 'earth_station_1'], 'current_node': 'earth_station_1'}
2025-01-05 18:37:56,033 - INFO - Network Event - SimulationComplete: {'status': 'Delivered', 'total_delay': 1620, 'retransmissions': 0, 'paths_attempted': 11, 'disruptions': 0, 'stored_bundles': 5}
