2025-01-05 18:41:14,831 - INFO - Network Event - SimulationStarted: {'bundle_id': 'bundle_184114', 'source': 'mars_rover_1', 'destination': 'earth_station_1', 'initial_paths': 3}
2025-01-05 18:41:14,831 - INFO - Network Event - AttemptingPath: {'attempt': 1, 'path': ['mars_rover_1', 'mars_base', 'mars_orbiter_1', 'deep_space_relay_1', 'earth_relay_1', 'earth_station_1'], 'current_node': 'mars_rover_1'}
2025-01-05 18:41:15,393 - INFO - Network Event - DisruptionCheck: {'current_node': 'mars_rover_1', 'next_node': 'mars_base', 'error_rate': 0.3, 'disruption_rate': 0.3, 'is_error': False, 'is_disrupted': False}
2025-01-05 18:41:15,393 - INFO - Bundle bundle_184114 - Transmission at mars_rover_1 -> mars_base (Success)
Details: {'delay': 60, 'total_delay': 0}
2025-01-05 18:41:15,894 - INFO - Network Event - AttemptingPath: {'attempt': 2, 'path': ['mars_rover_1', 'mars_base', 'mars_orbiter_1', 'deep_space_relay_1', 'earth_relay_1', 'earth_station_1'], 'current_node': 'mars_base'}
2025-01-05 18:41:16,447 - INFO - Network Event - DisruptionCheck: {'current_node': 'mars_base', 'next_node': 'mars_orbiter_1', 'error_rate': 0.3, 'disruption_rate': 0.3, 'is_error': False, 'is_disrupted': False}
2025-01-05 18:41:16,448 - INFO - Bundle bundle_184114 - Transmission at mars_base -> mars_orbiter_1 (Success)
Details: {'delay': 180, 'total_delay': 60}
2025-01-05 18:41:16,949 - INFO - Network Event - AttemptingPath: {'attempt': 3, 'path': ['mars_rover_1', 'mars_base', 'mars_orbiter_1', 'deep_space_relay_1', 'earth_relay_1', 'earth_station_1'], 'current_node': 'mars_orbiter_1'}
2025-01-05 18:41:17,532 - INFO - Network Event - DisruptionCheck: {'current_node': 'mars_orbiter_1', 'next_node': 'deep_space_relay_1', 'error_rate': 0.3, 'disruption_rate': 0.3, 'is_error': False, 'is_disrupted': True}
2025-01-05 18:41:17,536 - INFO - Network Event - ReroutingAttempt: {'from_node': 'mars_orbiter_1', 'new_path': ['mars_orbiter_1', 'mars_orbiter_2', 'deep_space_relay_2', 'earth_relay_2', 'earth_station_2', 'earth_station_1'], 'available_paths': 1}
2025-01-05 18:41:17,536 - INFO - Network Event - AttemptingPath: {'attempt': 4, 'path': ['mars_orbiter_1', 'mars_orbiter_2', 'deep_space_relay_2', 'earth_relay_2', 'earth_station_2', 'earth_station_1'], 'current_node': 'mars_orbiter_1'}
2025-01-05 18:41:18,116 - INFO - Network Event - DisruptionCheck: {'current_node': 'mars_orbiter_1', 'next_node': 'mars_orbiter_2', 'error_rate': 0.3, 'disruption_rate': 0.3, 'is_error': False, 'is_disrupted': False}
2025-01-05 18:41:18,116 - INFO - Bundle bundle_184114 - Transmission at mars_orbiter_1 -> mars_orbiter_2 (Success)
Details: {'delay': 120, 'total_delay': 240}
2025-01-05 18:41:18,618 - INFO - Network Event - AttemptingPath: {'attempt': 5, 'path': ['mars_orbiter_1', 'mars_orbiter_2', 'deep_space_relay_2', 'earth_relay_2', 'earth_station_2', 'earth_station_1'], 'current_node': 'mars_orbiter_2'}
2025-01-05 18:41:19,203 - INFO - Network Event - DisruptionCheck: {'current_node': 'mars_orbiter_2', 'next_node': 'deep_space_relay_2', 'error_rate': 0.3, 'disruption_rate': 0.3, 'is_error': False, 'is_disrupted': False}
2025-01-05 18:41:19,204 - INFO - Bundle bundle_184114 - Transmission at mars_orbiter_2 -> deep_space_relay_2 (Success)
Details: {'delay': 600, 'total_delay': 360}
2025-01-05 18:41:19,705 - INFO - Network Event - AttemptingPath: {'attempt': 6, 'path': ['mars_orbiter_1', 'mars_orbiter_2', 'deep_space_relay_2', 'earth_relay_2', 'earth_station_2', 'earth_station_1'], 'current_node': 'deep_space_relay_2'}
2025-01-05 18:41:20,290 - INFO - Network Event - DisruptionCheck: {'current_node': 'deep_space_relay_2', 'next_node': 'earth_relay_2', 'error_rate': 0.3, 'disruption_rate': 0.3, 'is_error': False, 'is_disrupted': False}
2025-01-05 18:41:20,291 - INFO - Bundle bundle_184114 - Transmission at deep_space_relay_2 -> earth_relay_2 (Success)
Details: {'delay': 600, 'total_delay': 960}
2025-01-05 18:41:20,792 - INFO - Network Event - AttemptingPath: {'attempt': 7, 'path': ['mars_orbiter_1', 'mars_orbiter_2', 'deep_space_relay_2', 'earth_relay_2', 'earth_station_2', 'earth_station_1'], 'current_node': 'earth_relay_2'}
2025-01-05 18:41:21,377 - INFO - Network Event - DisruptionCheck: {'current_node': 'earth_relay_2', 'next_node': 'earth_station_2', 'error_rate': 0.3, 'disruption_rate': 0.3, 'is_error': True, 'is_disrupted': False}
2025-01-05 18:41:21,380 - INFO - Network Event - ReroutingAttempt: {'from_node': 'earth_relay_2', 'new_path': ['earth_relay_2', 'earth_relay_1', 'earth_station_1'], 'available_paths': 2}
2025-01-05 18:41:21,380 - INFO - Network Event - AttemptingPath: {'attempt': 8, 'path': ['earth_relay_2', 'earth_relay_1', 'earth_station_1'], 'current_node': 'earth_relay_2'}
2025-01-05 18:41:21,960 - INFO - Network Event - DisruptionCheck: {'current_node': 'earth_relay_2', 'next_node': 'earth_relay_1', 'error_rate': 0.3, 'disruption_rate': 0.3, 'is_error': False, 'is_disrupted': False}
2025-01-05 18:41:21,960 - INFO - Bundle bundle_184114 - Transmission at earth_relay_2 -> earth_relay_1 (Success)
Details: {'delay': 90, 'total_delay': 1560}
2025-01-05 18:41:22,461 - INFO - Network Event - AttemptingPath: {'attempt': 9, 'path': ['earth_relay_2', 'earth_relay_1', 'earth_station_1'], 'current_node': 'earth_relay_1'}
2025-01-05 18:41:23,077 - INFO - Network Event - DisruptionCheck: {'current_node': 'earth_relay_1', 'next_node': 'earth_station_1', 'error_rate': 0.3, 'disruption_rate': 0.3, 'is_error': True, 'is_disrupted': False}
2025-01-05 18:41:23,079 - INFO - Network Event - ReroutingAttempt: {'from_node': 'earth_relay_1', 'new_path': ['earth_relay_1', 'earth_relay_2', 'earth_station_2', 'earth_station_1'], 'available_paths': 2}
2025-01-05 18:41:23,080 - INFO - Network Event - AttemptingPath: {'attempt': 10, 'path': ['earth_relay_1', 'earth_relay_2', 'earth_station_2', 'earth_station_1'], 'current_node': 'earth_relay_1'}
2025-01-05 18:41:23,662 - INFO - Network Event - DisruptionCheck: {'current_node': 'earth_relay_1', 'next_node': 'earth_relay_2', 'error_rate': 0.3, 'disruption_rate': 0.3, 'is_error': False, 'is_disrupted': False}
2025-01-05 18:41:23,663 - INFO - Bundle bundle_184114 - Transmission at earth_relay_1 -> earth_relay_2 (Success)
Details: {'delay': 90, 'total_delay': 1650}
2025-01-05 18:41:24,164 - INFO - Network Event - AttemptingPath: {'attempt': 11, 'path': ['earth_relay_1', 'earth_relay_2', 'earth_station_2', 'earth_station_1'], 'current_node': 'earth_relay_2'}
2025-01-05 18:41:24,741 - INFO - Network Event - DisruptionCheck: {'current_node': 'earth_relay_2', 'next_node': 'earth_station_2', 'error_rate': 0.3, 'disruption_rate': 0.3, 'is_error': False, 'is_disrupted': True}
2025-01-05 18:41:24,742 - INFO - Network Event - ReroutingAttempt: {'from_node': 'earth_relay_2', 'new_path': ['earth_relay_2', 'earth_relay_1', 'earth_station_1'], 'available_paths': 2}
2025-01-05 18:41:24,742 - INFO - Network Event - AttemptingPath: {'attempt': 12, 'path': ['earth_relay_2', 'earth_relay_1', 'earth_station_1'], 'current_node': 'earth_relay_2'}
2025-01-05 18:41:25,309 - INFO - Network Event - DisruptionCheck: {'current_node': 'earth_relay_2', 'next_node': 'earth_relay_1', 'error_rate': 0.3, 'disruption_rate': 0.3, 'is_error': False, 'is_disrupted': False}
2025-01-05 18:41:25,310 - INFO - Bundle bundle_184114 - Transmission at earth_relay_2 -> earth_relay_1 (Success)
Details: {'delay': 90, 'total_delay': 1740}
2025-01-05 18:41:25,811 - INFO - Network Event - AttemptingPath: {'attempt': 13, 'path': ['earth_relay_2', 'earth_relay_1', 'earth_station_1'], 'current_node': 'earth_relay_1'}
2025-01-05 18:41:26,394 - INFO - Network Event - DisruptionCheck: {'current_node': 'earth_relay_1', 'next_node': 'earth_station_1', 'error_rate': 0.3, 'disruption_rate': 0.3, 'is_error': False, 'is_disrupted': False}
2025-01-05 18:41:26,395 - INFO - Bundle bundle_184114 - Transmission at earth_relay_1 -> earth_station_1 (Success)
Details: {'delay': 180, 'total_delay': 1830}
2025-01-05 18:41:26,896 - INFO - Network Event - AttemptingPath: {'attempt': 14, 'path': ['earth_relay_2', 'earth_relay_1', 'earth_station_1'], 'current_node': 'earth_station_1'}
2025-01-05 18:41:27,481 - INFO - Network Event - SimulationComplete: {'status': 'Delivered', 'total_delay': 2010, 'retransmissions': 0, 'paths_attempted': 14, 'disruptions': 3, 'stored_bundles': 4}
