2025-01-05 18:07:40,995 - INFO - Network Event - AttemptingPath: {'path': ['mars_rover_1', 'mars_base', 'mars_orbiter_1', 'deep_space_relay_1', 'earth_relay_1', 'earth_station_1'], 'bundle': 'bundle_180740', 'estimated_delay': 1620}
2025-01-05 18:07:40,996 - INFO - Network Event - DisruptionCheck: {'current_node': 'mars_rover_1', 'next_node': 'mars_base', 'error_rate': 0.3, 'disruption_rate': 0.3}
2025-01-05 18:07:40,996 - INFO - Bundle bundle_180740 - Transmission at mars_rover_1 -> mars_base (Success)
Details: {'delay': 60, 'total_delay': 60, 'distance': '100 km', 'retransmissions': 0}
2025-01-05 18:07:42,603 - INFO - Network Event - DisruptionCheck: {'current_node': 'mars_base', 'next_node': 'mars_orbiter_1', 'error_rate': 0.3, 'disruption_rate': 0.3}
2025-01-05 18:07:42,604 - INFO - Bundle bundle_180740 - BundleStored at mars_base
Details: {'reason': 'disruption', 'buffer_size': 1}
2025-01-05 18:07:42,604 - INFO - Bundle bundle_180740 - RecoveryAttempt at mars_base -> mars_orbiter_1 (Attempt 1/3)
2025-01-05 18:07:43,605 - INFO - Bundle bundle_180740 - RecoveryAttempt at mars_base -> mars_orbiter_1 (Attempt 2/3)
2025-01-05 18:07:44,607 - INFO - Bundle bundle_180740 - RecoverySuccess at mars_base -> mars_orbiter_1 (Recovered after 2 attempts)
2025-01-05 18:07:44,607 - INFO - Bundle bundle_180740 - Disruption at mars_base -> mars_orbiter_1 (Failed)
Details: {'delay': 180, 'distance': '400 km'}
2025-01-05 18:07:44,607 - INFO - Network Event - DisruptionCheck: {'current_node': 'mars_base', 'next_node': 'mars_orbiter_1', 'error_rate': 0.3, 'disruption_rate': 0.3}
2025-01-05 18:07:44,608 - INFO - Bundle bundle_180740 - BundleStored at mars_base
Details: {'reason': 'disruption', 'buffer_size': 1}
2025-01-05 18:07:44,608 - INFO - Bundle bundle_180740 - RecoveryAttempt at mars_base -> mars_orbiter_1 (Attempt 1/3)
2025-01-05 18:07:45,609 - INFO - Bundle bundle_180740 - RecoverySuccess at mars_base -> mars_orbiter_1 (Recovered after 1 attempts)
2025-01-05 18:07:45,610 - INFO - Bundle bundle_180740 - Transmission at mars_base -> mars_orbiter_1 (Success)
Details: {'delay': 180, 'total_delay': 240, 'distance': '400 km', 'retransmissions': 1}
2025-01-05 18:07:47,195 - INFO - Network Event - DisruptionCheck: {'current_node': 'mars_orbiter_1', 'next_node': 'deep_space_relay_1', 'error_rate': 0.3, 'disruption_rate': 0.3}
2025-01-05 18:07:47,196 - INFO - Bundle bundle_180740 - BundleStored at mars_orbiter_1
Details: {'reason': 'disruption', 'buffer_size': 1}
2025-01-05 18:07:47,196 - INFO - Bundle bundle_180740 - RecoveryAttempt at mars_orbiter_1 -> deep_space_relay_1 (Attempt 1/3)
2025-01-05 18:07:48,197 - INFO - Bundle bundle_180740 - RecoverySuccess at mars_orbiter_1 -> deep_space_relay_1 (Recovered after 1 attempts)
2025-01-05 18:07:48,198 - INFO - Bundle bundle_180740 - Transmission at mars_orbiter_1 -> deep_space_relay_1 (Success)
Details: {'delay': 600, 'total_delay': 840, 'distance': '200M km', 'retransmissions': 1}
2025-01-05 18:07:49,783 - INFO - Network Event - DisruptionCheck: {'current_node': 'deep_space_relay_1', 'next_node': 'earth_relay_1', 'error_rate': 0.3, 'disruption_rate': 0.3}
2025-01-05 18:07:49,784 - INFO - Bundle bundle_180740 - Disruption at deep_space_relay_1 -> earth_relay_1 (Failed)
Details: {'delay': 600, 'distance': '50M km'}
2025-01-05 18:07:49,784 - INFO - Network Event - DisruptionCheck: {'current_node': 'deep_space_relay_1', 'next_node': 'earth_relay_1', 'error_rate': 0.3, 'disruption_rate': 0.3}
2025-01-05 18:07:49,784 - INFO - Bundle bundle_180740 - BundleStored at deep_space_relay_1
Details: {'reason': 'disruption', 'buffer_size': 1}
2025-01-05 18:07:49,784 - INFO - Bundle bundle_180740 - RecoveryAttempt at deep_space_relay_1 -> earth_relay_1 (Attempt 1/3)
2025-01-05 18:07:50,786 - INFO - Bundle bundle_180740 - RecoverySuccess at deep_space_relay_1 -> earth_relay_1 (Recovered after 1 attempts)
2025-01-05 18:07:50,786 - INFO - Bundle bundle_180740 - Disruption at deep_space_relay_1 -> earth_relay_1 (Failed)
Details: {'delay': 600, 'distance': '50M km'}
2025-01-05 18:07:50,786 - INFO - Network Event - DisruptionCheck: {'current_node': 'deep_space_relay_1', 'next_node': 'earth_relay_1', 'error_rate': 0.3, 'disruption_rate': 0.3}
2025-01-05 18:07:50,786 - INFO - Bundle bundle_180740 - BundleStored at deep_space_relay_1
Details: {'reason': 'error', 'buffer_size': 1}
2025-01-05 18:07:50,786 - INFO - Bundle bundle_180740 - RecoveryAttempt at deep_space_relay_1 -> earth_relay_1 (Attempt 1/3)
2025-01-05 18:07:51,787 - INFO - Bundle bundle_180740 - RecoverySuccess at deep_space_relay_1 -> earth_relay_1 (Recovered after 1 attempts)
2025-01-05 18:07:51,788 - INFO - Bundle bundle_180740 - Transmission at deep_space_relay_1 -> earth_relay_1 (Success)
Details: {'delay': 600, 'total_delay': 1440, 'distance': '50M km', 'retransmissions': 1}
2025-01-05 18:07:53,375 - INFO - Network Event - DisruptionCheck: {'current_node': 'earth_relay_1', 'next_node': 'earth_station_1', 'error_rate': 0.3, 'disruption_rate': 0.3}
2025-01-05 18:07:53,376 - INFO - Bundle bundle_180740 - Disruption at earth_relay_1 -> earth_station_1 (Failed)
Details: {'delay': 180, 'distance': '400 km'}
2025-01-05 18:07:53,376 - INFO - Network Event - DisruptionCheck: {'current_node': 'earth_relay_1', 'next_node': 'earth_station_1', 'error_rate': 0.3, 'disruption_rate': 0.3}
2025-01-05 18:07:53,376 - INFO - Bundle bundle_180740 - BundleStored at earth_relay_1
Details: {'reason': 'error', 'buffer_size': 1}
2025-01-05 18:07:53,376 - INFO - Bundle bundle_180740 - RecoveryAttempt at earth_relay_1 -> earth_station_1 (Attempt 1/3)
2025-01-05 18:07:54,377 - INFO - Bundle bundle_180740 - RecoveryAttempt at earth_relay_1 -> earth_station_1 (Attempt 2/3)
2025-01-05 18:07:55,379 - INFO - Bundle bundle_180740 - RecoverySuccess at earth_relay_1 -> earth_station_1 (Recovered after 2 attempts)
2025-01-05 18:07:55,380 - INFO - Bundle bundle_180740 - Transmission at earth_relay_1 -> earth_station_1 (Success)
Details: {'delay': 180, 'total_delay': 1620, 'distance': '400 km', 'retransmissions': 2}
2025-01-05 18:07:56,964 - INFO - Network Event - SimulationComplete: {'bundle_id': 'bundle_180740', 'total_delay': 1620, 'total_retransmissions': 2, 'final_path': ['mars_rover_1', 'mars_rover_2', 'mars_base', 'mars_orbiter_1', 'deep_space_relay_1', 'earth_relay_1', 'earth_station_1'], 'disruptions': 6, 'disrupted_links': [], 'avg_recovery_time': 1.3350188732147217, 'stored_bundles': 6, 'max_stored_bundles': 0, 'paths_attempted': 2, 'total_available_paths': 3, 'buffer_states': {'mars_base': 0, 'mars_orbiter_1': 0, 'deep_space_relay_1': 0, 'earth_relay_1': 0}, 'total_storage_events': 6, 'recovery_attempts': 2, 'successful_recoveries': 6, 'simulation_timestamp': '2025-01-05 18:07:56', 'source': 'mars_rover_1', 'destination': 'earth_station_1', 'message': 'Hello from mars_rover_1!'}
