2025-01-05 17:39:53,582 - INFO - Network Event - AttemptingPath: {'path': ['mars_rover_1', 'mars_base', 'mars_orbiter_1', 'deep_space_relay_1', 'earth_relay_1', 'earth_station_1'], 'bundle': 'bundle_173953', 'estimated_delay': 1620}
2025-01-05 17:39:53,582 - INFO - Network Event - DisruptionCheck: {'current_node': 'mars_rover_1', 'next_node': 'mars_base', 'error_rate': 0.3, 'disruption_rate': 0.3}
2025-01-05 17:39:53,582 - INFO - Bundle bundle_173953 - BundleStored at mars_rover_1
Details: {'reason': 'error', 'buffer_size': 1}
2025-01-05 17:39:53,582 - INFO - Bundle bundle_173953 - RecoveryAttempt at mars_rover_1 -> mars_base (Attempt 1/3)
2025-01-05 17:39:54,583 - INFO - Bundle bundle_173953 - RecoverySuccess at mars_rover_1 -> mars_base (Recovered after 1 attempts)
2025-01-05 17:39:54,583 - INFO - Bundle bundle_173953 - Transmission at mars_rover_1 -> mars_base (Success)
Details: {'delay': 60, 'total_delay': 60, 'distance': '100 km', 'retransmissions': 0}
2025-01-05 17:39:56,170 - INFO - Network Event - DisruptionCheck: {'current_node': 'mars_base', 'next_node': 'mars_orbiter_1', 'error_rate': 0.3, 'disruption_rate': 0.3}
2025-01-05 17:39:56,171 - INFO - Bundle bundle_173953 - BundleStored at mars_base
Details: {'reason': 'disruption', 'buffer_size': 1}
2025-01-05 17:39:56,171 - INFO - Bundle bundle_173953 - RecoveryAttempt at mars_base -> mars_orbiter_1 (Attempt 1/3)
2025-01-05 17:39:57,172 - INFO - Bundle bundle_173953 - RecoverySuccess at mars_base -> mars_orbiter_1 (Recovered after 1 attempts)
2025-01-05 17:39:57,172 - INFO - Bundle bundle_173953 - Disruption at mars_base -> mars_orbiter_1 (Failed)
Details: {'delay': 180, 'distance': '400 km'}
2025-01-05 17:39:57,173 - INFO - Network Event - DisruptionCheck: {'current_node': 'mars_base', 'next_node': 'mars_orbiter_1', 'error_rate': 0.3, 'disruption_rate': 0.3}
2025-01-05 17:39:57,173 - INFO - Bundle bundle_173953 - BundleStored at mars_base
Details: {'reason': 'disruption', 'buffer_size': 1}
2025-01-05 17:39:57,173 - INFO - Bundle bundle_173953 - RecoveryAttempt at mars_base -> mars_orbiter_1 (Attempt 1/3)
2025-01-05 17:39:58,174 - INFO - Bundle bundle_173953 - RecoveryAttempt at mars_base -> mars_orbiter_1 (Attempt 2/3)
2025-01-05 17:39:59,175 - INFO - Bundle bundle_173953 - RecoverySuccess at mars_base -> mars_orbiter_1 (Recovered after 2 attempts)
2025-01-05 17:39:59,176 - INFO - Bundle bundle_173953 - Transmission at mars_base -> mars_orbiter_1 (Success)
Details: {'delay': 180, 'total_delay': 240, 'distance': '400 km', 'retransmissions': 1}
2025-01-05 17:40:00,760 - INFO - Network Event - DisruptionCheck: {'current_node': 'mars_orbiter_1', 'next_node': 'deep_space_relay_1', 'error_rate': 0.3, 'disruption_rate': 0.3}
2025-01-05 17:40:00,761 - INFO - Bundle bundle_173953 - Transmission at mars_orbiter_1 -> deep_space_relay_1 (Success)
Details: {'delay': 600, 'total_delay': 840, 'distance': '200M km', 'retransmissions': 1}
2025-01-05 17:40:02,342 - INFO - Network Event - DisruptionCheck: {'current_node': 'deep_space_relay_1', 'next_node': 'earth_relay_1', 'error_rate': 0.3, 'disruption_rate': 0.3}
2025-01-05 17:40:02,343 - INFO - Bundle bundle_173953 - BundleStored at deep_space_relay_1
Details: {'reason': 'error', 'buffer_size': 1}
2025-01-05 17:40:02,343 - INFO - Bundle bundle_173953 - RecoveryAttempt at deep_space_relay_1 -> earth_relay_1 (Attempt 1/3)
2025-01-05 17:40:03,345 - INFO - Bundle bundle_173953 - RecoveryAttempt at deep_space_relay_1 -> earth_relay_1 (Attempt 2/3)
2025-01-05 17:40:04,346 - INFO - Bundle bundle_173953 - RecoveryAttempt at deep_space_relay_1 -> earth_relay_1 (Attempt 3/3)
2025-01-05 17:40:05,348 - INFO - Bundle bundle_173953 - RecoverySuccess at deep_space_relay_1 -> earth_relay_1 (Recovered after 3 attempts)
2025-01-05 17:40:05,349 - INFO - Bundle bundle_173953 - Transmission at deep_space_relay_1 -> earth_relay_1 (Success)
Details: {'delay': 600, 'total_delay': 1440, 'distance': '50M km', 'retransmissions': 3}
2025-01-05 17:40:06,959 - INFO - Network Event - DisruptionCheck: {'current_node': 'earth_relay_1', 'next_node': 'earth_station_1', 'error_rate': 0.3, 'disruption_rate': 0.3}
2025-01-05 17:40:06,959 - INFO - Bundle bundle_173953 - Transmission at earth_relay_1 -> earth_station_1 (Success)
Details: {'delay': 180, 'total_delay': 1620, 'distance': '400 km', 'retransmissions': 3}
2025-01-05 17:40:08,543 - INFO - Network Event - SimulationComplete: {'bundle_id': 'bundle_173953', 'total_delay': 1620, 'total_retransmissions': 3, 'final_path': ['mars_rover_1', 'mars_rover_2', 'mars_base', 'mars_orbiter_1', 'deep_space_relay_1', 'earth_relay_1', 'earth_station_1'], 'disruptions': 4, 'disrupted_links': [], 'avg_recovery_time': 1.7523559927940369, 'stored_bundles': 4, 'max_stored_bundles': 0, 'paths_attempted': 2, 'total_available_paths': 3, 'buffer_states': {'mars_rover_1': 0, 'mars_base': 0, 'deep_space_relay_1': 0}, 'total_storage_events': 4, 'recovery_attempts': 3, 'successful_recoveries': 4, 'simulation_timestamp': '2025-01-05 17:40:08', 'source': 'mars_rover_1', 'destination': 'earth_station_1', 'message': 'Hello from Mars!'}
