2025-01-05 19:07:06,674 - INFO - Network Event - LinkDisrupted: Link disrupted: mars_base -> mars_orbiter_1
2025-01-05 19:07:06,676 - INFO - Network Event - NewPath: Found new path from mars_base: ['mars_base', 'mars_orbiter_2', 'deep_space_relay_2', 'earth_relay_2', 'earth_station_2', 'earth_station_1']
2025-01-05 19:07:08,392 - INFO - Network Event - LinkDisrupted: Link disrupted: mars_orbiter_2 -> deep_space_relay_2
2025-01-05 19:07:08,396 - INFO - Network Event - RetryingLinks: No alternative paths available, attempting to retry disrupted links...
2025-01-05 19:07:08,396 - INFO - Network Event - RetryAttempt: Retry attempt 1/3
2025-01-05 19:07:09,397 - INFO - Network Event - LinkRecovered: Link recovered: mars_orbiter_2 -> deep_space_relay_2
2025-01-05 19:07:09,401 - INFO - Network Event - NewPathAfterRecovery: Found new path after recovery: ['mars_orbiter_2', 'deep_space_relay_2', 'earth_relay_2', 'earth_station_2', 'earth_station_1']
2025-01-05 19:07:09,985 - INFO - Network Event - LinkDisrupted: Link disrupted: mars_orbiter_2 -> deep_space_relay_2
2025-01-05 19:07:09,988 - INFO - Network Event - RetryingLinks: No alternative paths available, attempting to retry disrupted links...
2025-01-05 19:07:09,988 - INFO - Network Event - RetryAttempt: Retry attempt 1/3
2025-01-05 19:07:10,990 - INFO - Network Event - LinkRecovered: Link recovered: mars_orbiter_2 -> deep_space_relay_2
2025-01-05 19:07:10,993 - INFO - Network Event - NewPathAfterRecovery: Found new path after recovery: ['mars_orbiter_2', 'deep_space_relay_2', 'earth_relay_2', 'earth_station_2', 'earth_station_1']
2025-01-05 19:07:12,657 - INFO - Network Event - LinkDisrupted: Link disrupted: deep_space_relay_2 -> earth_relay_2
2025-01-05 19:07:12,660 - INFO - Network Event - RetryingLinks: No alternative paths available, attempting to retry disrupted links...
2025-01-05 19:07:12,660 - INFO - Network Event - RetryAttempt: Retry attempt 1/3
2025-01-05 19:07:13,661 - INFO - Network Event - LinkRecovered: Link recovered: deep_space_relay_2 -> earth_relay_2
2025-01-05 19:07:13,664 - INFO - Network Event - NewPathAfterRecovery: Found new path after recovery: ['deep_space_relay_2', 'earth_relay_2', 'earth_station_2', 'earth_station_1']
2025-01-05 19:07:14,246 - INFO - Network Event - LinkDisrupted: Link disrupted: deep_space_relay_2 -> earth_relay_2
2025-01-05 19:07:14,249 - INFO - Network Event - RetryingLinks: No alternative paths available, attempting to retry disrupted links...
2025-01-05 19:07:14,249 - INFO - Network Event - RetryAttempt: Retry attempt 1/3
2025-01-05 19:07:15,251 - INFO - Network Event - LinkRecovered: Link recovered: deep_space_relay_2 -> earth_relay_2
2025-01-05 19:07:15,253 - INFO - Network Event - NewPathAfterRecovery: Found new path after recovery: ['deep_space_relay_2', 'earth_relay_2', 'earth_station_2', 'earth_station_1']
2025-01-05 19:07:16,953 - INFO - Network Event - LinkDisrupted: Link disrupted: earth_relay_2 -> earth_station_2
2025-01-05 19:07:16,955 - INFO - Network Event - NewPath: Found new path from earth_relay_2: ['earth_relay_2', 'earth_relay_1', 'earth_station_1']
2025-01-05 19:07:17,537 - INFO - Network Event - LinkDisrupted: Link disrupted: earth_relay_2 -> earth_relay_1
2025-01-05 19:07:17,539 - INFO - Network Event - NewPath: Found new path from earth_relay_2: ['earth_relay_2', 'earth_relay_3', 'earth_station_1']
2025-01-05 19:07:19,199 - INFO - Network Event - LinkDisrupted: Link disrupted: earth_relay_3 -> earth_station_1
2025-01-05 19:07:19,201 - INFO - Network Event - NewPath: Found new path from earth_relay_3: ['earth_relay_3', 'earth_relay_2', 'earth_station_2', 'earth_station_1']
2025-01-05 19:07:21,952 - INFO - Network Event - LinkDisrupted: Link disrupted: earth_station_2 -> earth_station_1
2025-01-05 19:07:21,955 - INFO - Network Event - NewPath: Found new path from earth_station_2: ['earth_station_2', 'earth_relay_2', 'earth_relay_1', 'earth_station_1']
2025-01-05 19:07:22,538 - INFO - Network Event - LinkDisrupted: Link disrupted: earth_station_2 -> earth_relay_2
2025-01-05 19:07:22,542 - INFO - Network Event - RetryingLinks: No alternative paths available, attempting to retry disrupted links...
2025-01-05 19:07:22,542 - INFO - Network Event - RetryAttempt: Retry attempt 1/3
2025-01-05 19:07:23,544 - INFO - Network Event - LinkRecovered: Link recovered: earth_station_2 -> earth_relay_2
2025-01-05 19:07:23,546 - INFO - Network Event - NewPathAfterRecovery: Found new path after recovery: ['earth_station_2', 'earth_station_1']
2025-01-05 19:07:25,237 - INFO - Network Event - SimulationComplete: Simulation completed: Delivered
