2025-01-05 18:55:01,994 - INFO - Network Event - LinkDisrupted: Link disrupted: mars_rover_1 -> mars_base
2025-01-05 18:55:01,997 - INFO - Network Event - NewPath: Found new path from mars_rover_1: ['mars_rover_1', 'mars_rover_2', 'mars_base', 'mars_orbiter_1', 'deep_space_relay_1', 'earth_relay_1', 'earth_station_1']
2025-01-05 18:55:02,588 - INFO - Network Event - LinkDisrupted: Link disrupted: mars_rover_1 -> mars_rover_2
2025-01-05 18:55:02,590 - INFO - Network Event - RetryingLinks: No alternative paths available, attempting to retry disrupted links...
2025-01-05 18:55:02,590 - INFO - Network Event - RetryAttempt: Retry attempt 1/3
2025-01-05 18:55:03,591 - INFO - Network Event - LinkRecovered: Link recovered: mars_rover_1 -> mars_rover_2
2025-01-05 18:55:03,596 - INFO - Network Event - NewPathAfterRecovery: Found new path after recovery: ['mars_rover_1', 'mars_base', 'mars_orbiter_1', 'deep_space_relay_1', 'earth_relay_1', 'earth_station_1']
2025-01-05 18:55:04,176 - INFO - Network Event - LinkDisrupted: Link disrupted: mars_rover_1 -> mars_base
2025-01-05 18:55:04,181 - INFO - Network Event - NewPath: Found new path from mars_rover_1: ['mars_rover_1', 'mars_rover_2', 'mars_base', 'mars_orbiter_1', 'deep_space_relay_1', 'earth_relay_1', 'earth_station_1']
2025-01-05 18:55:04,760 - INFO - Network Event - LinkDisrupted: Link disrupted: mars_rover_1 -> mars_rover_2
2025-01-05 18:55:04,765 - INFO - Network Event - RetryingLinks: No alternative paths available, attempting to retry disrupted links...
2025-01-05 18:55:04,765 - INFO - Network Event - RetryAttempt: Retry attempt 1/3
2025-01-05 18:55:05,767 - INFO - Network Event - LinkRecovered: Link recovered: mars_rover_1 -> mars_rover_2
2025-01-05 18:55:05,771 - INFO - Network Event - NewPathAfterRecovery: Found new path after recovery: ['mars_rover_1', 'mars_base', 'mars_orbiter_1', 'deep_space_relay_1', 'earth_relay_1', 'earth_station_1']
2025-01-05 18:55:07,455 - INFO - Network Event - LinkDisrupted: Link disrupted: mars_base -> mars_orbiter_1
2025-01-05 18:55:07,460 - INFO - Network Event - NewPath: Found new path from mars_base: ['mars_base', 'mars_orbiter_2', 'deep_space_relay_2', 'earth_relay_2', 'earth_station_2', 'earth_station_1']
2025-01-05 18:55:08,035 - INFO - Network Event - LinkDisrupted: Link disrupted: mars_base -> mars_orbiter_2
2025-01-05 18:55:08,036 - INFO - Network Event - RetryingLinks: No alternative paths available, attempting to retry disrupted links...
2025-01-05 18:55:08,036 - INFO - Network Event - RetryAttempt: Retry attempt 1/3
2025-01-05 18:55:09,038 - INFO - Network Event - LinkRecovered: Link recovered: mars_base -> mars_orbiter_2
2025-01-05 18:55:09,041 - INFO - Network Event - NewPathAfterRecovery: Found new path after recovery: ['mars_base', 'mars_orbiter_1', 'deep_space_relay_1', 'earth_relay_1', 'earth_station_1']
2025-01-05 18:55:10,677 - INFO - Network Event - LinkDisrupted: Link disrupted: mars_orbiter_1 -> deep_space_relay_1
2025-01-05 18:55:10,680 - INFO - Network Event - NewPath: Found new path from mars_orbiter_1: ['mars_orbiter_1', 'mars_orbiter_2', 'deep_space_relay_2', 'earth_relay_2', 'earth_station_2', 'earth_station_1']
2025-01-05 18:55:12,370 - INFO - Network Event - LinkDisrupted: Link disrupted: mars_orbiter_2 -> deep_space_relay_2
2025-01-05 18:55:12,374 - INFO - Network Event - RetryingLinks: No alternative paths available, attempting to retry disrupted links...
2025-01-05 18:55:12,374 - INFO - Network Event - RetryAttempt: Retry attempt 1/3
2025-01-05 18:55:13,375 - INFO - Network Event - RetryAttempt: Retry attempt 2/3
2025-01-05 18:55:14,377 - INFO - Network Event - LinkRecovered: Link recovered: mars_orbiter_2 -> deep_space_relay_2
2025-01-05 18:55:14,379 - INFO - Network Event - NewPathAfterRecovery: Found new path after recovery: ['mars_orbiter_2', 'deep_space_relay_2', 'earth_relay_2', 'earth_station_2', 'earth_station_1']
2025-01-05 18:55:16,030 - INFO - Network Event - LinkDisrupted: Link disrupted: deep_space_relay_2 -> earth_relay_2
2025-01-05 18:55:16,030 - INFO - Network Event - RetryingLinks: No alternative paths available, attempting to retry disrupted links...
2025-01-05 18:55:16,030 - INFO - Network Event - RetryAttempt: Retry attempt 1/3
2025-01-05 18:55:17,032 - INFO - Network Event - LinkRecovered: Link recovered: deep_space_relay_2 -> earth_relay_2
2025-01-05 18:55:17,033 - INFO - Network Event - NewPathAfterRecovery: Found new path after recovery: ['deep_space_relay_2', 'earth_relay_2', 'earth_station_2', 'earth_station_1']
2025-01-05 18:55:20,858 - INFO - Network Event - SimulationComplete: Simulation completed: Delivered
