2025-01-05 17:33:36,515 - INFO - Network Event - AttemptingPath: {'path': ['mars_rover_1', 'mars_base', 'mars_orbiter_1', 'deep_space_relay_1', 'earth_relay_1', 'earth_station_1'], 'bundle': 'bundle_173335', 'estimated_delay': 1620}
2025-01-05 17:33:36,515 - INFO - Network Event - DisruptionCheck: {'current_node': 'mars_rover_1', 'next_node': 'mars_base', 'error_rate': 0.3, 'disruption_rate': 0.3}
2025-01-05 17:33:36,516 - INFO - Bundle bundle_173335 - Disruption at mars_rover_1 -> mars_base (Failed)
Details: {'delay': 60, 'distance': '100 km'}
2025-01-05 17:33:36,516 - INFO - Network Event - DisruptionCheck: {'current_node': 'mars_rover_1', 'next_node': 'mars_base', 'error_rate': 0.3, 'disruption_rate': 0.3}
2025-01-05 17:33:36,516 - INFO - Bundle bundle_173335 - Transmission at mars_rover_1 -> mars_base (Success)
Details: {'delay': 60, 'total_delay': 60, 'distance': '100 km', 'retransmissions': 0}
2025-01-05 17:33:38,108 - INFO - Network Event - DisruptionCheck: {'current_node': 'mars_base', 'next_node': 'mars_orbiter_1', 'error_rate': 0.3, 'disruption_rate': 0.3}
2025-01-05 17:33:38,108 - INFO - Bundle bundle_173335 - BundleStored at mars_base
Details: {'reason': 'error', 'buffer_size': 1}
2025-01-05 17:33:38,109 - INFO - Bundle bundle_173335 - RecoveryAttempt at mars_base -> mars_orbiter_1 (Attempt 1/3)
2025-01-05 17:33:39,110 - INFO - Bundle bundle_173335 - RecoverySuccess at mars_base -> mars_orbiter_1 (Recovered after 1 attempts)
2025-01-05 17:33:39,110 - INFO - Bundle bundle_173335 - Transmission at mars_base -> mars_orbiter_1 (Success)
Details: {'delay': 180, 'total_delay': 240, 'distance': '400 km', 'retransmissions': 0}
2025-01-05 17:33:40,719 - INFO - Network Event - DisruptionCheck: {'current_node': 'mars_orbiter_1', 'next_node': 'deep_space_relay_1', 'error_rate': 0.3, 'disruption_rate': 0.3}
2025-01-05 17:33:40,719 - INFO - Bundle bundle_173335 - BundleStored at mars_orbiter_1
Details: {'reason': 'error', 'buffer_size': 1}
2025-01-05 17:33:40,720 - INFO - Bundle bundle_173335 - RecoveryAttempt at mars_orbiter_1 -> deep_space_relay_1 (Attempt 1/3)
2025-01-05 17:33:41,721 - INFO - Bundle bundle_173335 - RecoverySuccess at mars_orbiter_1 -> deep_space_relay_1 (Recovered after 1 attempts)
2025-01-05 17:33:41,722 - INFO - Bundle bundle_173335 - Disruption at mars_orbiter_1 -> deep_space_relay_1 (Failed)
Details: {'delay': 600, 'distance': '200M km'}
2025-01-05 17:33:41,722 - INFO - Network Event - DisruptionCheck: {'current_node': 'mars_orbiter_1', 'next_node': 'deep_space_relay_1', 'error_rate': 0.3, 'disruption_rate': 0.3}
2025-01-05 17:33:41,722 - INFO - Bundle bundle_173335 - BundleStored at mars_orbiter_1
Details: {'reason': 'error', 'buffer_size': 1}
2025-01-05 17:33:41,722 - INFO - Bundle bundle_173335 - RecoveryAttempt at mars_orbiter_1 -> deep_space_relay_1 (Attempt 1/3)
2025-01-05 17:33:42,724 - INFO - Bundle bundle_173335 - RecoverySuccess at mars_orbiter_1 -> deep_space_relay_1 (Recovered after 1 attempts)
2025-01-05 17:33:42,724 - INFO - Bundle bundle_173335 - Transmission at mars_orbiter_1 -> deep_space_relay_1 (Success)
Details: {'delay': 600, 'total_delay': 840, 'distance': '200M km', 'retransmissions': 0}
2025-01-05 17:33:44,302 - INFO - Network Event - DisruptionCheck: {'current_node': 'deep_space_relay_1', 'next_node': 'earth_relay_1', 'error_rate': 0.3, 'disruption_rate': 0.3}
2025-01-05 17:33:44,303 - INFO - Bundle bundle_173335 - BundleStored at deep_space_relay_1
Details: {'reason': 'error', 'buffer_size': 1}
2025-01-05 17:33:44,303 - INFO - Bundle bundle_173335 - RecoveryAttempt at deep_space_relay_1 -> earth_relay_1 (Attempt 1/3)
2025-01-05 17:33:45,304 - INFO - Bundle bundle_173335 - RecoverySuccess at deep_space_relay_1 -> earth_relay_1 (Recovered after 1 attempts)
2025-01-05 17:33:45,306 - INFO - Bundle bundle_173335 - Transmission at deep_space_relay_1 -> earth_relay_1 (Success)
Details: {'delay': 600, 'total_delay': 1440, 'distance': '50M km', 'retransmissions': 0}
2025-01-05 17:33:46,883 - INFO - Network Event - DisruptionCheck: {'current_node': 'earth_relay_1', 'next_node': 'earth_station_1', 'error_rate': 0.3, 'disruption_rate': 0.3}
2025-01-05 17:33:46,884 - INFO - Bundle bundle_173335 - BundleStored at earth_relay_1
Details: {'reason': 'disruption', 'buffer_size': 1}
2025-01-05 17:33:46,884 - INFO - Bundle bundle_173335 - RecoveryAttempt at earth_relay_1 -> earth_station_1 (Attempt 1/3)
2025-01-05 17:33:47,885 - INFO - Bundle bundle_173335 - RecoverySuccess at earth_relay_1 -> earth_station_1 (Recovered after 1 attempts)
2025-01-05 17:33:47,886 - INFO - Bundle bundle_173335 - Transmission at earth_relay_1 -> earth_station_1 (Success)
Details: {'delay': 180, 'total_delay': 1620, 'distance': '400 km', 'retransmissions': 0}
2025-01-05 17:33:49,479 - INFO - Network Event - SimulationComplete: {'bundle_id': 'bundle_173335', 'total_delay': 1620, 'total_retransmissions': 0, 'final_path': ['mars_rover_1', 'mars_base', 'mars_orbiter_1', 'deep_space_relay_1', 'earth_relay_1', 'earth_station_1'], 'disruptions': 5, 'disrupted_links': [('mars_rover_1', 'mars_base')], 'avg_recovery_time': 1.0011821746826173, 'stored_bundles': 5, 'max_stored_bundles': 0, 'paths_attempted': 1, 'total_available_paths': 1, 'buffer_states': {'mars_base': 0, 'mars_orbiter_1': 0, 'deep_space_relay_1': 0, 'earth_relay_1': 0}, 'total_storage_events': 5, 'recovery_attempts': 0, 'successful_recoveries': 5}
