2025-01-02 00:14:28,851 - INFO - Network Event - PathsFound: {'num_paths': 1, 'paths': [['mars_rover_1', 'mars_base', 'mars_orbiter_1', 'deep_space_relay_1', 'earth_relay_1', 'earth_station_1']], 'delays': {"['mars_rover_1', 'mars_base', 'mars_orbiter_1', 'deep_space_relay_1', 'earth_relay_1', 'earth_station_1']": 1620}}
2025-01-02 00:14:28,852 - INFO - Network Event - AttemptingPath: {'path': ['mars_rover_1', 'mars_base', 'mars_orbiter_1', 'deep_space_relay_1', 'earth_relay_1', 'earth_station_1'], 'bundle': 'bundle_001428', 'estimated_delay': 1620}
2025-01-02 00:14:28,852 - INFO - Bundle bundle_001428 - Transmission at mars_rover_1 -> mars_base (Success)
Details: {'delay': 60, 'total_delay': 60, 'distance': '100 km', 'retransmissions': 0}
2025-01-02 00:14:30,451 - INFO - Bundle bundle_001428 - Transmission at mars_base -> mars_orbiter_1 (Success)
Details: {'delay': 180, 'total_delay': 240, 'distance': '400 km', 'retransmissions': 0}
2025-01-02 00:14:32,030 - INFO - Bundle bundle_001428 - Disruption at mars_orbiter_1 -> deep_space_relay_1 (Failed)
Details: {'delay': 600, 'distance': '200M km'}
2025-01-02 00:14:32,031 - INFO - Bundle bundle_001428 - RetryingDisruptedLink at mars_orbiter_1 -> deep_space_relay_1 (Attempt 1/3)
2025-01-02 00:14:32,031 - INFO - Bundle bundle_001428 - StoredBundle at mars_orbiter_1
Details: {'buffer_size': 1}
2025-01-02 00:14:34,601 - INFO - Bundle bundle_001428 - RetryingDisruptedLink at mars_orbiter_1 -> deep_space_relay_1 (Attempt 2/3)
2025-01-02 00:14:37,183 - INFO - Bundle bundle_001428 - RetryingDisruptedLink at mars_orbiter_1 -> deep_space_relay_1 (Attempt 3/3)
2025-01-02 00:14:39,764 - INFO - Network Event - AttemptingPath: {'path': ['mars_rover_1', 'mars_base', 'mars_orbiter_1', 'deep_space_relay_1', 'earth_relay_1', 'earth_station_1'], 'bundle': 'bundle_001428', 'estimated_delay': 1620}
2025-01-02 00:14:39,765 - INFO - Bundle bundle_001428 - Disruption at mars_rover_1 -> mars_base (Failed)
Details: {'delay': 60, 'distance': '100 km'}
2025-01-02 00:14:39,765 - INFO - Bundle bundle_001428 - RetryingDisruptedLink at mars_rover_1 -> mars_base (Attempt 1/3)
2025-01-02 00:14:39,765 - INFO - Bundle bundle_001428 - StoredBundle at mars_rover_1
Details: {'buffer_size': 1}
2025-01-02 00:14:42,346 - INFO - Bundle bundle_001428 - RetryingDisruptedLink at mars_rover_1 -> mars_base (Attempt 2/3)
2025-01-02 00:14:44,348 - INFO - Bundle bundle_001428 - LinkRecovered at mars_rover_1 -> mars_base
2025-01-02 00:14:44,348 - INFO - Bundle bundle_001428 - Transmission at mars_rover_1 -> mars_base (Success)
Details: {'delay': 60, 'total_delay': 300, 'distance': '100 km', 'retransmissions': 4}
2025-01-02 00:14:45,925 - INFO - Bundle bundle_001428 - Disruption at mars_base -> mars_orbiter_1 (Failed)
Details: {'delay': 180, 'distance': '400 km'}
2025-01-02 00:14:45,926 - INFO - Bundle bundle_001428 - RetryingDisruptedLink at mars_base -> mars_orbiter_1 (Attempt 1/3)
2025-01-02 00:14:45,926 - INFO - Bundle bundle_001428 - StoredBundle at mars_base
Details: {'buffer_size': 1}
2025-01-02 00:14:47,927 - INFO - Bundle bundle_001428 - LinkRecovered at mars_base -> mars_orbiter_1
2025-01-02 00:14:47,928 - INFO - Bundle bundle_001428 - Disruption at mars_base -> mars_orbiter_1 (Failed)
Details: {'delay': 180, 'distance': '400 km'}
2025-01-02 00:14:47,928 - INFO - Bundle bundle_001428 - RetryingDisruptedLink at mars_base -> mars_orbiter_1 (Attempt 1/3)
2025-01-02 00:14:47,929 - INFO - Bundle bundle_001428 - StoredBundle at mars_base
Details: {'buffer_size': 1}
2025-01-02 00:14:50,509 - INFO - Bundle bundle_001428 - RetryingDisruptedLink at mars_base -> mars_orbiter_1 (Attempt 2/3)
2025-01-02 00:14:52,511 - INFO - Bundle bundle_001428 - LinkRecovered at mars_base -> mars_orbiter_1
2025-01-02 00:14:52,512 - INFO - Bundle bundle_001428 - Disruption at mars_base -> mars_orbiter_1 (Failed)
Details: {'delay': 180, 'distance': '400 km'}
2025-01-02 00:14:52,512 - INFO - Bundle bundle_001428 - RetryingDisruptedLink at mars_base -> mars_orbiter_1 (Attempt 1/3)
2025-01-02 00:14:52,512 - INFO - Bundle bundle_001428 - StoredBundle at mars_base
Details: {'buffer_size': 1}
2025-01-02 00:14:55,097 - INFO - Bundle bundle_001428 - RetryingDisruptedLink at mars_base -> mars_orbiter_1 (Attempt 2/3)
2025-01-02 00:14:57,703 - INFO - Bundle bundle_001428 - RetryingDisruptedLink at mars_base -> mars_orbiter_1 (Attempt 3/3)
2025-01-02 00:14:59,705 - INFO - Bundle bundle_001428 - LinkRecovered at mars_base -> mars_orbiter_1
2025-01-02 00:14:59,706 - INFO - Bundle bundle_001428 - Disruption at mars_base -> mars_orbiter_1 (Failed)
Details: {'delay': 180, 'distance': '400 km'}
2025-01-02 00:14:59,706 - INFO - Bundle bundle_001428 - RetryingDisruptedLink at mars_base -> mars_orbiter_1 (Attempt 1/3)
2025-01-02 00:14:59,707 - INFO - Bundle bundle_001428 - StoredBundle at mars_base
Details: {'buffer_size': 1}
2025-01-02 00:15:01,708 - INFO - Bundle bundle_001428 - LinkRecovered at mars_base -> mars_orbiter_1
2025-01-02 00:15:01,709 - INFO - Bundle bundle_001428 - Transmission at mars_base -> mars_orbiter_1 (Success)
Details: {'delay': 180, 'total_delay': 480, 'distance': '400 km', 'retransmissions': 7}
2025-01-02 00:15:03,288 - INFO - Bundle bundle_001428 - RetryingDisruptedLink at mars_orbiter_1 -> deep_space_relay_1 (Attempt 1/3)
2025-01-02 00:15:05,290 - INFO - Bundle bundle_001428 - LinkRecovered at mars_orbiter_1 -> deep_space_relay_1
2025-01-02 00:15:05,291 - INFO - Bundle bundle_001428 - Disruption at mars_orbiter_1 -> deep_space_relay_1 (Failed)
Details: {'delay': 600, 'distance': '200M km'}
2025-01-02 00:15:05,291 - INFO - Bundle bundle_001428 - RetryingDisruptedLink at mars_orbiter_1 -> deep_space_relay_1 (Attempt 1/3)
2025-01-02 00:15:05,291 - INFO - Bundle bundle_001428 - StoredBundle at mars_orbiter_1
Details: {'buffer_size': 1}
2025-01-02 00:15:07,292 - INFO - Bundle bundle_001428 - LinkRecovered at mars_orbiter_1 -> deep_space_relay_1
2025-01-02 00:15:07,293 - INFO - Bundle bundle_001428 - Transmission at mars_orbiter_1 -> deep_space_relay_1 (Success)
Details: {'delay': 600, 'total_delay': 1080, 'distance': '200M km', 'retransmissions': 7}
2025-01-02 00:15:08,872 - INFO - Bundle bundle_001428 - Transmission at deep_space_relay_1 -> earth_relay_1 (Success)
Details: {'delay': 600, 'total_delay': 1680, 'distance': '50M km', 'retransmissions': 7}
2025-01-02 00:15:10,435 - INFO - Bundle bundle_001428 - Transmission at earth_relay_1 -> earth_station_1 (Success)
Details: {'delay': 180, 'total_delay': 1860, 'distance': '400 km', 'retransmissions': 7}
2025-01-02 00:15:11,987 - INFO - Network Event - SimulationComplete: {'bundle_id': 'bundle_001428', 'total_delay': 1860, 'total_retransmissions': 7, 'final_path': ['mars_rover_1', 'mars_base', 'mars_orbiter_1', 'deep_space_relay_1', 'earth_relay_1', 'earth_station_1'], 'disruptions': 0, 'paths_attempted': 1, 'total_available_paths': 1, 'max_stored_bundles': 0, 'disrupted_links': [], 'avg_recovery_time': 0, 'max_retry_count': 3, 'total_recovery_attempts': 0}
