2025-01-05 18:45:54,456 - INFO - Network Event - SimulationStarted: {'bundle_id': 'bundle_184554', 'source': 'mars_rover_1', 'destination': 'earth_station_1', 'initial_paths': 3}
2025-01-05 18:45:54,456 - INFO - Network Event - PathsFound: {'total_paths': 3, 'initial_path': ['mars_rover_1', 'mars_base', 'mars_orbiter_1', 'deep_space_relay_1', 'earth_relay_1', 'earth_station_1'], 'source': 'mars_rover_1', 'destination': 'earth_station_1'}
2025-01-05 18:45:54,457 - INFO - Network Event - AttemptingPath: {'attempt': 1, 'path': ['mars_rover_1', 'mars_base', 'mars_orbiter_1', 'deep_space_relay_1', 'earth_relay_1', 'earth_station_1'], 'current_node': 'mars_rover_1'}
2025-01-05 18:45:55,014 - INFO - Bundle bundle_184554 - LinkDisruption at mars_rover_1 -> mars_base (Failed)
Details: {'reason': 'disruption', 'remaining_paths': 3}
2025-01-05 18:45:55,018 - INFO - Network Event - ReroutingAttempt: {'from_node': 'mars_rover_1', 'new_path': ['mars_rover_1', 'mars_base', 'mars_orbiter_1', 'deep_space_relay_1', 'earth_relay_1', 'earth_station_1'], 'available_paths': 3}
2025-01-05 18:45:55,018 - INFO - Network Event - AttemptingPath: {'attempt': 2, 'path': ['mars_rover_1', 'mars_base', 'mars_orbiter_1', 'deep_space_relay_1', 'earth_relay_1', 'earth_station_1'], 'current_node': 'mars_rover_1'}
2025-01-05 18:45:55,619 - INFO - Bundle bundle_184554 - LinkDisruption at mars_rover_1 -> mars_base (Failed)
Details: {'reason': 'error', 'remaining_paths': 3}
2025-01-05 18:45:55,625 - INFO - Network Event - ReroutingAttempt: {'from_node': 'mars_rover_1', 'new_path': ['mars_rover_1', 'mars_base', 'mars_orbiter_1', 'deep_space_relay_1', 'earth_relay_1', 'earth_station_1'], 'available_paths': 3}
2025-01-05 18:45:55,625 - INFO - Network Event - AttemptingPath: {'attempt': 3, 'path': ['mars_rover_1', 'mars_base', 'mars_orbiter_1', 'deep_space_relay_1', 'earth_relay_1', 'earth_station_1'], 'current_node': 'mars_rover_1'}
2025-01-05 18:45:56,201 - INFO - Bundle bundle_184554 - Transmission at mars_rover_1 -> mars_base (Success)
Details: {'delay': 60, 'total_delay': 0}
2025-01-05 18:45:56,703 - INFO - Network Event - AttemptingPath: {'attempt': 4, 'path': ['mars_rover_1', 'mars_base', 'mars_orbiter_1', 'deep_space_relay_1', 'earth_relay_1', 'earth_station_1'], 'current_node': 'mars_base'}
2025-01-05 18:45:57,288 - INFO - Bundle bundle_184554 - LinkDisruption at mars_base -> mars_orbiter_1 (Failed)
Details: {'reason': 'error', 'remaining_paths': 3}
2025-01-05 18:45:57,289 - INFO - Network Event - ReroutingAttempt: {'from_node': 'mars_base', 'new_path': ['mars_base', 'mars_orbiter_1', 'deep_space_relay_1', 'earth_relay_1', 'earth_station_1'], 'available_paths': 3}
2025-01-05 18:45:57,289 - INFO - Network Event - AttemptingPath: {'attempt': 5, 'path': ['mars_base', 'mars_orbiter_1', 'deep_space_relay_1', 'earth_relay_1', 'earth_station_1'], 'current_node': 'mars_base'}
2025-01-05 18:45:57,859 - INFO - Bundle bundle_184554 - LinkDisruption at mars_base -> mars_orbiter_1 (Failed)
Details: {'reason': 'error', 'remaining_paths': 3}
2025-01-05 18:45:57,860 - INFO - Network Event - ReroutingAttempt: {'from_node': 'mars_base', 'new_path': ['mars_base', 'mars_orbiter_1', 'deep_space_relay_1', 'earth_relay_1', 'earth_station_1'], 'available_paths': 3}
2025-01-05 18:45:57,860 - INFO - Network Event - AttemptingPath: {'attempt': 6, 'path': ['mars_base', 'mars_orbiter_1', 'deep_space_relay_1', 'earth_relay_1', 'earth_station_1'], 'current_node': 'mars_base'}
2025-01-05 18:45:58,415 - INFO - Bundle bundle_184554 - Transmission at mars_base -> mars_orbiter_1 (Success)
Details: {'delay': 180, 'total_delay': 60}
2025-01-05 18:45:58,916 - INFO - Network Event - AttemptingPath: {'attempt': 7, 'path': ['mars_base', 'mars_orbiter_1', 'deep_space_relay_1', 'earth_relay_1', 'earth_station_1'], 'current_node': 'mars_orbiter_1'}
2025-01-05 18:45:59,506 - INFO - Bundle bundle_184554 - Transmission at mars_orbiter_1 -> deep_space_relay_1 (Success)
Details: {'delay': 600, 'total_delay': 240}
2025-01-05 18:46:00,007 - INFO - Network Event - AttemptingPath: {'attempt': 8, 'path': ['mars_base', 'mars_orbiter_1', 'deep_space_relay_1', 'earth_relay_1', 'earth_station_1'], 'current_node': 'deep_space_relay_1'}
2025-01-05 18:46:00,589 - INFO - Bundle bundle_184554 - Transmission at deep_space_relay_1 -> earth_relay_1 (Success)
Details: {'delay': 600, 'total_delay': 840}
2025-01-05 18:46:01,090 - INFO - Network Event - AttemptingPath: {'attempt': 9, 'path': ['mars_base', 'mars_orbiter_1', 'deep_space_relay_1', 'earth_relay_1', 'earth_station_1'], 'current_node': 'earth_relay_1'}
2025-01-05 18:46:01,702 - INFO - Bundle bundle_184554 - LinkDisruption at earth_relay_1 -> earth_station_1 (Failed)
Details: {'reason': 'error', 'remaining_paths': 3}
2025-01-05 18:46:01,705 - INFO - Network Event - ReroutingAttempt: {'from_node': 'earth_relay_1', 'new_path': ['earth_relay_1', 'earth_station_1'], 'available_paths': 3}
2025-01-05 18:46:01,705 - INFO - Network Event - AttemptingPath: {'attempt': 10, 'path': ['earth_relay_1', 'earth_station_1'], 'current_node': 'earth_relay_1'}
2025-01-05 18:46:02,287 - INFO - Bundle bundle_184554 - Transmission at earth_relay_1 -> earth_station_1 (Success)
Details: {'delay': 180, 'total_delay': 1440}
2025-01-05 18:46:02,789 - INFO - Network Event - AttemptingPath: {'attempt': 11, 'path': ['earth_relay_1', 'earth_station_1'], 'current_node': 'earth_station_1'}
2025-01-05 18:46:03,373 - INFO - Network Event - SimulationComplete: {'status': 'Delivered', 'total_delay': 1620, 'retransmissions': 0, 'paths_attempted': 11, 'disruptions': 0, 'stored_bundles': 5}
