2025-01-02 00:20:15,130 - INFO - Network Event - PathsFound: {'num_paths': 1, 'paths': [['mars_rover_1', 'mars_base', 'mars_orbiter_1', 'deep_space_relay_1', 'earth_relay_1', 'earth_station_1']], 'delays': {"['mars_rover_1', 'mars_base', 'mars_orbiter_1', 'deep_space_relay_1', 'earth_relay_1', 'earth_station_1']": 1620}}
2025-01-02 00:20:15,131 - INFO - Network Event - AttemptingPath: {'path': ['mars_rover_1', 'mars_base', 'mars_orbiter_1', 'deep_space_relay_1', 'earth_relay_1', 'earth_station_1'], 'bundle': 'bundle_002015', 'estimated_delay': 1620}
2025-01-02 00:20:15,131 - INFO - Network Event - DisruptionCheck: {'current_node': 'mars_rover_1', 'next_node': 'mars_base', 'error_rate': 0.3, 'disruption_rate': 0.3}
2025-01-02 00:20:15,131 - INFO - Bundle bundle_002015 - BundleStored at mars_rover_1
Details: {'reason': 'disruption', 'buffer_size': 1}
2025-01-02 00:20:15,132 - INFO - Bundle bundle_002015 - RecoveryAttempt at mars_rover_1 -> mars_base (Attempt 1/3)
2025-01-02 00:20:16,133 - INFO - Bundle bundle_002015 - RecoveryAttempt at mars_rover_1 -> mars_base (Attempt 2/3)
2025-01-02 00:20:17,135 - INFO - Bundle bundle_002015 - RecoverySuccess at mars_rover_1 -> mars_base (Recovered after 2 attempts)
2025-01-02 00:20:17,135 - INFO - Bundle bundle_002015 - Disruption at mars_rover_1 -> mars_base (Failed)
Details: {'delay': 60, 'distance': '100 km'}
2025-01-02 00:20:17,136 - INFO - Network Event - DisruptionCheck: {'current_node': 'mars_rover_1', 'next_node': 'mars_base', 'error_rate': 0.3, 'disruption_rate': 0.3}
2025-01-02 00:20:17,136 - INFO - Bundle bundle_002015 - Disruption at mars_rover_1 -> mars_base (Failed)
Details: {'delay': 60, 'distance': '100 km'}
2025-01-02 00:20:17,136 - INFO - Network Event - DisruptionCheck: {'current_node': 'mars_rover_1', 'next_node': 'mars_base', 'error_rate': 0.3, 'disruption_rate': 0.3}
2025-01-02 00:20:17,136 - INFO - Bundle bundle_002015 - BundleStored at mars_rover_1
Details: {'reason': 'disruption', 'buffer_size': 1}
2025-01-02 00:20:17,136 - INFO - Bundle bundle_002015 - RecoveryAttempt at mars_rover_1 -> mars_base (Attempt 1/3)
2025-01-02 00:20:18,138 - INFO - Bundle bundle_002015 - RecoverySuccess at mars_rover_1 -> mars_base (Recovered after 1 attempts)
2025-01-02 00:20:18,138 - INFO - Bundle bundle_002015 - Disruption at mars_rover_1 -> mars_base (Failed)
Details: {'delay': 60, 'distance': '100 km'}
2025-01-02 00:20:18,138 - INFO - Network Event - DisruptionCheck: {'current_node': 'mars_rover_1', 'next_node': 'mars_base', 'error_rate': 0.3, 'disruption_rate': 0.3}
2025-01-02 00:20:18,138 - INFO - Bundle bundle_002015 - Transmission at mars_rover_1 -> mars_base (Success)
Details: {'delay': 60, 'total_delay': 60, 'distance': '100 km', 'retransmissions': 1}
2025-01-02 00:20:19,717 - INFO - Network Event - DisruptionCheck: {'current_node': 'mars_base', 'next_node': 'mars_orbiter_1', 'error_rate': 0.3, 'disruption_rate': 0.3}
2025-01-02 00:20:19,718 - INFO - Bundle bundle_002015 - Transmission at mars_base -> mars_orbiter_1 (Success)
Details: {'delay': 180, 'total_delay': 240, 'distance': '400 km', 'retransmissions': 1}
2025-01-02 00:20:21,297 - INFO - Network Event - DisruptionCheck: {'current_node': 'mars_orbiter_1', 'next_node': 'deep_space_relay_1', 'error_rate': 0.3, 'disruption_rate': 0.3}
2025-01-02 00:20:21,297 - INFO - Bundle bundle_002015 - BundleStored at mars_orbiter_1
Details: {'reason': 'error', 'buffer_size': 1}
2025-01-02 00:20:21,298 - INFO - Bundle bundle_002015 - RecoveryAttempt at mars_orbiter_1 -> deep_space_relay_1 (Attempt 1/3)
2025-01-02 00:20:22,299 - INFO - Bundle bundle_002015 - RecoveryAttempt at mars_orbiter_1 -> deep_space_relay_1 (Attempt 2/3)
2025-01-02 00:20:23,301 - INFO - Bundle bundle_002015 - RecoverySuccess at mars_orbiter_1 -> deep_space_relay_1 (Recovered after 2 attempts)
2025-01-02 00:20:23,301 - INFO - Bundle bundle_002015 - Transmission at mars_orbiter_1 -> deep_space_relay_1 (Success)
Details: {'delay': 600, 'total_delay': 840, 'distance': '200M km', 'retransmissions': 2}
2025-01-02 00:20:24,882 - INFO - Network Event - DisruptionCheck: {'current_node': 'deep_space_relay_1', 'next_node': 'earth_relay_1', 'error_rate': 0.3, 'disruption_rate': 0.3}
2025-01-02 00:20:24,882 - INFO - Bundle bundle_002015 - BundleStored at deep_space_relay_1
Details: {'reason': 'disruption', 'buffer_size': 1}
2025-01-02 00:20:24,883 - INFO - Bundle bundle_002015 - RecoveryAttempt at deep_space_relay_1 -> earth_relay_1 (Attempt 1/3)
2025-01-02 00:20:25,884 - INFO - Bundle bundle_002015 - RecoveryAttempt at deep_space_relay_1 -> earth_relay_1 (Attempt 2/3)
2025-01-02 00:20:26,886 - INFO - Bundle bundle_002015 - RecoveryAttempt at deep_space_relay_1 -> earth_relay_1 (Attempt 3/3)
2025-01-02 00:20:27,887 - INFO - Bundle bundle_002015 - RecoverySuccess at deep_space_relay_1 -> earth_relay_1 (Recovered after 3 attempts)
2025-01-02 00:20:27,888 - INFO - Bundle bundle_002015 - Disruption at deep_space_relay_1 -> earth_relay_1 (Failed)
Details: {'delay': 600, 'distance': '50M km'}
2025-01-02 00:20:27,888 - INFO - Network Event - DisruptionCheck: {'current_node': 'deep_space_relay_1', 'next_node': 'earth_relay_1', 'error_rate': 0.3, 'disruption_rate': 0.3}
2025-01-02 00:20:27,888 - INFO - Bundle bundle_002015 - BundleStored at deep_space_relay_1
Details: {'reason': 'error', 'buffer_size': 1}
2025-01-02 00:20:27,888 - INFO - Bundle bundle_002015 - RecoveryAttempt at deep_space_relay_1 -> earth_relay_1 (Attempt 1/3)
2025-01-02 00:20:28,889 - INFO - Bundle bundle_002015 - RecoverySuccess at deep_space_relay_1 -> earth_relay_1 (Recovered after 1 attempts)
2025-01-02 00:20:28,890 - INFO - Bundle bundle_002015 - Transmission at deep_space_relay_1 -> earth_relay_1 (Success)
Details: {'delay': 600, 'total_delay': 1440, 'distance': '50M km', 'retransmissions': 4}
2025-01-02 00:20:30,475 - INFO - Network Event - DisruptionCheck: {'current_node': 'earth_relay_1', 'next_node': 'earth_station_1', 'error_rate': 0.3, 'disruption_rate': 0.3}
2025-01-02 00:20:30,476 - INFO - Bundle bundle_002015 - BundleStored at earth_relay_1
Details: {'reason': 'disruption', 'buffer_size': 1}
2025-01-02 00:20:30,476 - INFO - Bundle bundle_002015 - RecoveryAttempt at earth_relay_1 -> earth_station_1 (Attempt 1/3)
2025-01-02 00:20:31,478 - INFO - Bundle bundle_002015 - RecoverySuccess at earth_relay_1 -> earth_station_1 (Recovered after 1 attempts)
2025-01-02 00:20:31,478 - INFO - Bundle bundle_002015 - Transmission at earth_relay_1 -> earth_station_1 (Success)
Details: {'delay': 180, 'total_delay': 1620, 'distance': '400 km', 'retransmissions': 4}
2025-01-02 00:20:33,057 - INFO - Network Event - SimulationComplete: {'bundle_id': 'bundle_002015', 'total_delay': 1620, 'total_retransmissions': 4, 'final_path': ['mars_rover_1', 'mars_base', 'mars_orbiter_1', 'deep_space_relay_1', 'earth_relay_1', 'earth_station_1'], 'disruptions': 6, 'disrupted_links': [('mars_rover_1', 'mars_base')], 'avg_recovery_time': 1.6689409812291462, 'stored_bundles': 6, 'max_stored_bundles': 0, 'paths_attempted': 1, 'total_available_paths': 1, 'buffer_states': {'mars_rover_1': 0, 'mars_orbiter_1': 0, 'deep_space_relay_1': 0, 'earth_relay_1': 0}, 'total_storage_events': 6, 'recovery_attempts': 4, 'successful_recoveries': 6}
