2024-12-30 15:45:17,662 - INFO - Network Event - PathsFound: {'num_paths': 1, 'paths': [['mars_rover_1', 'mars_base', 'mars_orbiter_1', 'deep_space_relay_1', 'earth_relay_1', 'earth_station_1']], 'delays': {"['mars_rover_1', 'mars_base', 'mars_orbiter_1', 'deep_space_relay_1', 'earth_relay_1', 'earth_station_1']": 1620}}
2024-12-30 15:45:17,663 - INFO - Network Event - AttemptingPath: {'path': ['mars_rover_1', 'mars_base', 'mars_orbiter_1', 'deep_space_relay_1', 'earth_relay_1', 'earth_station_1'], 'bundle': 'bundle_154517', 'estimated_delay': 1620}
2024-12-30 15:45:17,663 - INFO - Bundle bundle_154517 - Disruption at mars_rover_1 -> mars_base (Failed)
Details: {'delay': 60, 'distance': '100 km'}
2024-12-30 15:45:17,663 - INFO - Bundle bundle_154517 - RetryingDisruptedLink at mars_rover_1 -> mars_base (Attempt 1/3)
2024-12-30 15:45:17,663 - INFO - Bundle bundle_154517 - StoredBundle at mars_rover_1
Details: {'buffer_size': 1}
2024-12-30 15:45:20,259 - INFO - Bundle bundle_154517 - RetryingDisruptedLink at mars_rover_1 -> mars_base (Attempt 2/3)
2024-12-30 15:45:22,261 - INFO - Bundle bundle_154517 - LinkRecovered at mars_rover_1 -> mars_base
2024-12-30 15:45:22,262 - INFO - Bundle bundle_154517 - Transmission at mars_rover_1 -> mars_base (Success)
Details: {'delay': 60, 'total_delay': 60, 'distance': '100 km', 'retransmissions': 1}
2024-12-30 15:45:23,837 - INFO - Bundle bundle_154517 - Disruption at mars_base -> mars_orbiter_1 (Failed)
Details: {'delay': 180, 'distance': '400 km'}
2024-12-30 15:45:23,838 - INFO - Bundle bundle_154517 - RetryingDisruptedLink at mars_base -> mars_orbiter_1 (Attempt 1/3)
2024-12-30 15:45:23,838 - INFO - Bundle bundle_154517 - StoredBundle at mars_base
Details: {'buffer_size': 1}
2024-12-30 15:45:26,423 - INFO - Bundle bundle_154517 - RetryingDisruptedLink at mars_base -> mars_orbiter_1 (Attempt 2/3)
2024-12-30 15:45:28,425 - INFO - Bundle bundle_154517 - LinkRecovered at mars_base -> mars_orbiter_1
2024-12-30 15:45:28,425 - INFO - Bundle bundle_154517 - Disruption at mars_base -> mars_orbiter_1 (Failed)
Details: {'delay': 180, 'distance': '400 km'}
2024-12-30 15:45:28,426 - INFO - Bundle bundle_154517 - RetryingDisruptedLink at mars_base -> mars_orbiter_1 (Attempt 1/3)
2024-12-30 15:45:28,426 - INFO - Bundle bundle_154517 - StoredBundle at mars_base
Details: {'buffer_size': 1}
2024-12-30 15:45:30,999 - INFO - Bundle bundle_154517 - RetryingDisruptedLink at mars_base -> mars_orbiter_1 (Attempt 2/3)
2024-12-30 15:45:33,001 - INFO - Bundle bundle_154517 - LinkRecovered at mars_base -> mars_orbiter_1
2024-12-30 15:45:33,002 - INFO - Bundle bundle_154517 - Disruption at mars_base -> mars_orbiter_1 (Failed)
Details: {'delay': 180, 'distance': '400 km'}
2024-12-30 15:45:33,002 - INFO - Bundle bundle_154517 - RetryingDisruptedLink at mars_base -> mars_orbiter_1 (Attempt 1/3)
2024-12-30 15:45:33,002 - INFO - Bundle bundle_154517 - StoredBundle at mars_base
Details: {'buffer_size': 1}
2024-12-30 15:45:35,003 - INFO - Bundle bundle_154517 - LinkRecovered at mars_base -> mars_orbiter_1
2024-12-30 15:45:35,003 - INFO - Bundle bundle_154517 - Transmission at mars_base -> mars_orbiter_1 (Success)
Details: {'delay': 180, 'total_delay': 240, 'distance': '400 km', 'retransmissions': 3}
2024-12-30 15:45:36,577 - INFO - Bundle bundle_154517 - Disruption at mars_orbiter_1 -> deep_space_relay_1 (Failed)
Details: {'delay': 600, 'distance': '200M km'}
2024-12-30 15:45:36,577 - INFO - Bundle bundle_154517 - RetryingDisruptedLink at mars_orbiter_1 -> deep_space_relay_1 (Attempt 1/3)
2024-12-30 15:45:36,577 - INFO - Bundle bundle_154517 - StoredBundle at mars_orbiter_1
Details: {'buffer_size': 1}
2024-12-30 15:45:38,577 - INFO - Bundle bundle_154517 - LinkRecovered at mars_orbiter_1 -> deep_space_relay_1
2024-12-30 15:45:38,578 - INFO - Bundle bundle_154517 - Disruption at mars_orbiter_1 -> deep_space_relay_1 (Failed)
Details: {'delay': 600, 'distance': '200M km'}
2024-12-30 15:45:38,578 - INFO - Bundle bundle_154517 - RetryingDisruptedLink at mars_orbiter_1 -> deep_space_relay_1 (Attempt 1/3)
2024-12-30 15:45:38,578 - INFO - Bundle bundle_154517 - StoredBundle at mars_orbiter_1
Details: {'buffer_size': 1}
2024-12-30 15:45:41,154 - INFO - Bundle bundle_154517 - RetryingDisruptedLink at mars_orbiter_1 -> deep_space_relay_1 (Attempt 2/3)
2024-12-30 15:45:43,155 - INFO - Bundle bundle_154517 - LinkRecovered at mars_orbiter_1 -> deep_space_relay_1
2024-12-30 15:45:43,156 - INFO - Bundle bundle_154517 - Disruption at mars_orbiter_1 -> deep_space_relay_1 (Failed)
Details: {'delay': 600, 'distance': '200M km'}
2024-12-30 15:45:43,156 - INFO - Bundle bundle_154517 - RetryingDisruptedLink at mars_orbiter_1 -> deep_space_relay_1 (Attempt 1/3)
2024-12-30 15:45:43,157 - INFO - Bundle bundle_154517 - StoredBundle at mars_orbiter_1
Details: {'buffer_size': 1}
2024-12-30 15:45:45,158 - INFO - Bundle bundle_154517 - LinkRecovered at mars_orbiter_1 -> deep_space_relay_1
2024-12-30 15:45:45,159 - INFO - Bundle bundle_154517 - Transmission at mars_orbiter_1 -> deep_space_relay_1 (Success)
Details: {'delay': 600, 'total_delay': 840, 'distance': '200M km', 'retransmissions': 4}
2024-12-30 15:45:46,736 - INFO - Bundle bundle_154517 - Transmission at deep_space_relay_1 -> earth_relay_1 (Success)
Details: {'delay': 600, 'total_delay': 1440, 'distance': '50M km', 'retransmissions': 4}
2024-12-30 15:45:48,314 - INFO - Bundle bundle_154517 - Disruption at earth_relay_1 -> earth_station_1 (Failed)
Details: {'delay': 180, 'distance': '400 km'}
2024-12-30 15:45:48,314 - INFO - Bundle bundle_154517 - RetryingDisruptedLink at earth_relay_1 -> earth_station_1 (Attempt 1/3)
2024-12-30 15:45:48,315 - INFO - Bundle bundle_154517 - StoredBundle at earth_relay_1
Details: {'buffer_size': 1}
2024-12-30 15:45:50,894 - INFO - Bundle bundle_154517 - RetryingDisruptedLink at earth_relay_1 -> earth_station_1 (Attempt 2/3)
2024-12-30 15:45:52,895 - INFO - Bundle bundle_154517 - LinkRecovered at earth_relay_1 -> earth_station_1
2024-12-30 15:45:52,896 - INFO - Bundle bundle_154517 - Transmission at earth_relay_1 -> earth_station_1 (Success)
Details: {'delay': 180, 'total_delay': 1620, 'distance': '400 km', 'retransmissions': 5}
2024-12-30 15:45:54,472 - INFO - Network Event - SimulationComplete: {'bundle_id': 'bundle_154517', 'total_delay': 1620, 'total_retransmissions': 5, 'final_path': ['mars_rover_1', 'mars_base', 'mars_orbiter_1', 'deep_space_relay_1', 'earth_relay_1', 'earth_station_1'], 'disruptions': 0, 'paths_attempted': 1, 'total_available_paths': 1, 'max_stored_bundles': 0}
