2025-01-02 00:24:02,571 - INFO - Network Event - PathsFound: {'num_paths': 1, 'paths': [['mars_rover_1', 'mars_base', 'mars_orbiter_1', 'deep_space_relay_1', 'earth_relay_1', 'earth_station_1']], 'delays': {"['mars_rover_1', 'mars_base', 'mars_orbiter_1', 'deep_space_relay_1', 'earth_relay_1', 'earth_station_1']": 1620}}
2025-01-02 00:24:02,572 - INFO - Network Event - AttemptingPath: {'path': ['mars_rover_1', 'mars_base', 'mars_orbiter_1', 'deep_space_relay_1', 'earth_relay_1', 'earth_station_1'], 'bundle': 'bundle_002402', 'estimated_delay': 1620}
2025-01-02 00:24:02,572 - INFO - Network Event - DisruptionCheck: {'current_node': 'mars_rover_1', 'next_node': 'mars_base', 'error_rate': 0.3, 'disruption_rate': 0.3}
2025-01-02 00:24:02,572 - INFO - Bundle bundle_002402 - BundleStored at mars_rover_1
Details: {'reason': 'error', 'buffer_size': 1}
2025-01-02 00:24:02,572 - INFO - Bundle bundle_002402 - RecoveryAttempt at mars_rover_1 -> mars_base (Attempt 1/3)
2025-01-02 00:24:03,574 - INFO - Bundle bundle_002402 - RecoverySuccess at mars_rover_1 -> mars_base (Recovered after 1 attempts)
2025-01-02 00:24:03,574 - INFO - Bundle bundle_002402 - Disruption at mars_rover_1 -> mars_base (Failed)
Details: {'delay': 60, 'distance': '100 km'}
2025-01-02 00:24:03,574 - INFO - Network Event - DisruptionCheck: {'current_node': 'mars_rover_1', 'next_node': 'mars_base', 'error_rate': 0.3, 'disruption_rate': 0.3}
2025-01-02 00:24:03,575 - INFO - Bundle bundle_002402 - Transmission at mars_rover_1 -> mars_base (Success)
Details: {'delay': 60, 'total_delay': 60, 'distance': '100 km', 'retransmissions': 0}
2025-01-02 00:24:05,174 - INFO - Network Event - DisruptionCheck: {'current_node': 'mars_base', 'next_node': 'mars_orbiter_1', 'error_rate': 0.3, 'disruption_rate': 0.3}
2025-01-02 00:24:05,175 - INFO - Bundle bundle_002402 - BundleStored at mars_base
Details: {'reason': 'error', 'buffer_size': 1}
2025-01-02 00:24:05,175 - INFO - Bundle bundle_002402 - RecoveryAttempt at mars_base -> mars_orbiter_1 (Attempt 1/3)
2025-01-02 00:24:06,176 - INFO - Bundle bundle_002402 - RecoverySuccess at mars_base -> mars_orbiter_1 (Recovered after 1 attempts)
2025-01-02 00:24:06,177 - INFO - Bundle bundle_002402 - Transmission at mars_base -> mars_orbiter_1 (Success)
Details: {'delay': 180, 'total_delay': 240, 'distance': '400 km', 'retransmissions': 0}
2025-01-02 00:24:07,754 - INFO - Network Event - DisruptionCheck: {'current_node': 'mars_orbiter_1', 'next_node': 'deep_space_relay_1', 'error_rate': 0.3, 'disruption_rate': 0.3}
2025-01-02 00:24:07,755 - INFO - Bundle bundle_002402 - Disruption at mars_orbiter_1 -> deep_space_relay_1 (Failed)
Details: {'delay': 600, 'distance': '200M km'}
2025-01-02 00:24:07,755 - INFO - Network Event - DisruptionCheck: {'current_node': 'mars_orbiter_1', 'next_node': 'deep_space_relay_1', 'error_rate': 0.3, 'disruption_rate': 0.3}
2025-01-02 00:24:07,755 - INFO - Bundle bundle_002402 - BundleStored at mars_orbiter_1
Details: {'reason': 'error', 'buffer_size': 1}
2025-01-02 00:24:07,755 - INFO - Bundle bundle_002402 - RecoveryAttempt at mars_orbiter_1 -> deep_space_relay_1 (Attempt 1/3)
2025-01-02 00:24:08,757 - INFO - Bundle bundle_002402 - RecoverySuccess at mars_orbiter_1 -> deep_space_relay_1 (Recovered after 1 attempts)
2025-01-02 00:24:08,758 - INFO - Bundle bundle_002402 - Transmission at mars_orbiter_1 -> deep_space_relay_1 (Success)
Details: {'delay': 600, 'total_delay': 840, 'distance': '200M km', 'retransmissions': 0}
2025-01-02 00:24:10,335 - INFO - Network Event - DisruptionCheck: {'current_node': 'deep_space_relay_1', 'next_node': 'earth_relay_1', 'error_rate': 0.3, 'disruption_rate': 0.3}
2025-01-02 00:24:10,336 - INFO - Bundle bundle_002402 - BundleStored at deep_space_relay_1
Details: {'reason': 'error', 'buffer_size': 1}
2025-01-02 00:24:10,336 - INFO - Bundle bundle_002402 - RecoveryAttempt at deep_space_relay_1 -> earth_relay_1 (Attempt 1/3)
2025-01-02 00:24:11,338 - INFO - Bundle bundle_002402 - RecoverySuccess at deep_space_relay_1 -> earth_relay_1 (Recovered after 1 attempts)
2025-01-02 00:24:11,338 - INFO - Bundle bundle_002402 - Disruption at deep_space_relay_1 -> earth_relay_1 (Failed)
Details: {'delay': 600, 'distance': '50M km'}
2025-01-02 00:24:11,339 - INFO - Network Event - DisruptionCheck: {'current_node': 'deep_space_relay_1', 'next_node': 'earth_relay_1', 'error_rate': 0.3, 'disruption_rate': 0.3}
2025-01-02 00:24:11,339 - INFO - Bundle bundle_002402 - Transmission at deep_space_relay_1 -> earth_relay_1 (Success)
Details: {'delay': 600, 'total_delay': 1440, 'distance': '50M km', 'retransmissions': 0}
2025-01-02 00:24:12,911 - INFO - Network Event - DisruptionCheck: {'current_node': 'earth_relay_1', 'next_node': 'earth_station_1', 'error_rate': 0.3, 'disruption_rate': 0.3}
2025-01-02 00:24:12,912 - INFO - Bundle bundle_002402 - Transmission at earth_relay_1 -> earth_station_1 (Success)
Details: {'delay': 180, 'total_delay': 1620, 'distance': '400 km', 'retransmissions': 0}
2025-01-02 00:24:14,495 - INFO - Network Event - SimulationComplete: {'bundle_id': 'bundle_002402', 'total_delay': 1620, 'total_retransmissions': 0, 'final_path': ['mars_rover_1', 'mars_base', 'mars_orbiter_1', 'deep_space_relay_1', 'earth_relay_1', 'earth_station_1'], 'disruptions': 4, 'disrupted_links': [('mars_rover_1', 'mars_base'), ('deep_space_relay_1', 'earth_relay_1')], 'avg_recovery_time': 1.001235544681549, 'stored_bundles': 4, 'max_stored_bundles': 0, 'paths_attempted': 1, 'total_available_paths': 1, 'buffer_states': {'mars_rover_1': 0, 'mars_base': 0, 'mars_orbiter_1': 0, 'deep_space_relay_1': 0}, 'total_storage_events': 4, 'recovery_attempts': 0, 'successful_recoveries': 4}
