2025-01-02 00:00:33,867 - INFO - Network Event - PathsFound: {'num_paths': 1, 'paths': [['mars_rover_1', 'mars_base', 'mars_orbiter_1', 'deep_space_relay_1', 'earth_relay_1', 'earth_station_1']], 'delays': {"['mars_rover_1', 'mars_base', 'mars_orbiter_1', 'deep_space_relay_1', 'earth_relay_1', 'earth_station_1']": 1620}}
2025-01-02 00:00:33,868 - INFO - Network Event - AttemptingPath: {'path': ['mars_rover_1', 'mars_base', 'mars_orbiter_1', 'deep_space_relay_1', 'earth_relay_1', 'earth_station_1'], 'bundle': 'bundle_000033', 'estimated_delay': 1620}
2025-01-02 00:00:33,868 - INFO - Bundle bundle_000033 - Transmission at mars_rover_1 -> mars_base (Success)
Details: {'delay': 60, 'total_delay': 60, 'distance': '100 km', 'retransmissions': 0}
2025-01-02 00:00:35,467 - INFO - Bundle bundle_000033 - Disruption at mars_base -> mars_orbiter_1 (Failed)
Details: {'delay': 180, 'distance': '400 km'}
2025-01-02 00:00:35,467 - INFO - Bundle bundle_000033 - RetryingDisruptedLink at mars_base -> mars_orbiter_1 (Attempt 1/3)
2025-01-02 00:00:35,468 - INFO - Bundle bundle_000033 - StoredBundle at mars_base
Details: {'buffer_size': 1}
2025-01-02 00:00:38,042 - INFO - Bundle bundle_000033 - RetryingDisruptedLink at mars_base -> mars_orbiter_1 (Attempt 2/3)
2025-01-02 00:00:40,623 - INFO - Bundle bundle_000033 - RetryingDisruptedLink at mars_base -> mars_orbiter_1 (Attempt 3/3)
2025-01-02 00:00:42,625 - INFO - Bundle bundle_000033 - LinkRecovered at mars_base -> mars_orbiter_1
2025-01-02 00:00:42,626 - INFO - Bundle bundle_000033 - Transmission at mars_base -> mars_orbiter_1 (Success)
Details: {'delay': 180, 'total_delay': 240, 'distance': '400 km', 'retransmissions': 2}
2025-01-02 00:00:44,204 - INFO - Bundle bundle_000033 - Transmission at mars_orbiter_1 -> deep_space_relay_1 (Success)
Details: {'delay': 600, 'total_delay': 840, 'distance': '200M km', 'retransmissions': 2}
2025-01-02 00:00:45,782 - INFO - Bundle bundle_000033 - Disruption at deep_space_relay_1 -> earth_relay_1 (Failed)
Details: {'delay': 600, 'distance': '50M km'}
2025-01-02 00:00:45,783 - INFO - Bundle bundle_000033 - RetryingDisruptedLink at deep_space_relay_1 -> earth_relay_1 (Attempt 1/3)
2025-01-02 00:00:45,783 - INFO - Bundle bundle_000033 - StoredBundle at deep_space_relay_1
Details: {'buffer_size': 1}
2025-01-02 00:00:47,784 - INFO - Bundle bundle_000033 - LinkRecovered at deep_space_relay_1 -> earth_relay_1
2025-01-02 00:00:47,785 - INFO - Bundle bundle_000033 - Disruption at deep_space_relay_1 -> earth_relay_1 (Failed)
Details: {'delay': 600, 'distance': '50M km'}
2025-01-02 00:00:47,785 - INFO - Bundle bundle_000033 - RetryingDisruptedLink at deep_space_relay_1 -> earth_relay_1 (Attempt 1/3)
2025-01-02 00:00:47,785 - INFO - Bundle bundle_000033 - StoredBundle at deep_space_relay_1
Details: {'buffer_size': 1}
2025-01-02 00:00:49,786 - INFO - Bundle bundle_000033 - LinkRecovered at deep_space_relay_1 -> earth_relay_1
2025-01-02 00:00:49,786 - INFO - Bundle bundle_000033 - Transmission at deep_space_relay_1 -> earth_relay_1 (Success)
Details: {'delay': 600, 'total_delay': 1440, 'distance': '50M km', 'retransmissions': 2}
2025-01-02 00:00:51,339 - INFO - Bundle bundle_000033 - Transmission at earth_relay_1 -> earth_station_1 (Success)
Details: {'delay': 180, 'total_delay': 1620, 'distance': '400 km', 'retransmissions': 2}
2025-01-02 00:00:52,918 - INFO - Network Event - SimulationComplete: {'bundle_id': 'bundle_000033', 'total_delay': 1620, 'total_retransmissions': 2, 'final_path': ['mars_rover_1', 'mars_base', 'mars_orbiter_1', 'deep_space_relay_1', 'earth_relay_1', 'earth_station_1'], 'disruptions': 0, 'paths_attempted': 1, 'total_available_paths': 1, 'max_stored_bundles': 0}
