2025-01-02 00:08:57,925 - INFO - Network Event - PathsFound: {'num_paths': 1, 'paths': [['mars_rover_1', 'mars_base', 'mars_orbiter_1', 'deep_space_relay_1', 'earth_relay_1', 'earth_station_1']], 'delays': {"['mars_rover_1', 'mars_base', 'mars_orbiter_1', 'deep_space_relay_1', 'earth_relay_1', 'earth_station_1']": 1620}}
2025-01-02 00:08:57,926 - INFO - Network Event - AttemptingPath: {'path': ['mars_rover_1', 'mars_base', 'mars_orbiter_1', 'deep_space_relay_1', 'earth_relay_1', 'earth_station_1'], 'bundle': 'bundle_000857', 'estimated_delay': 1620}
2025-01-02 00:08:57,926 - INFO - Bundle bundle_000857 - Disruption at mars_rover_1 -> mars_base (Failed)
Details: {'delay': 60, 'distance': '100 km'}
2025-01-02 00:08:57,927 - INFO - Bundle bundle_000857 - RetryingDisruptedLink at mars_rover_1 -> mars_base (Attempt 1/3)
2025-01-02 00:08:57,927 - INFO - Bundle bundle_000857 - StoredBundle at mars_rover_1
Details: {'buffer_size': 1}
2025-01-02 00:08:59,928 - INFO - Bundle bundle_000857 - LinkRecovered at mars_rover_1 -> mars_base
2025-01-02 00:08:59,928 - INFO - Bundle bundle_000857 - Transmission at mars_rover_1 -> mars_base (Success)
Details: {'delay': 60, 'total_delay': 60, 'distance': '100 km', 'retransmissions': 0}
2025-01-02 00:09:01,495 - INFO - Bundle bundle_000857 - Disruption at mars_base -> mars_orbiter_1 (Failed)
Details: {'delay': 180, 'distance': '400 km'}
2025-01-02 00:09:01,496 - INFO - Bundle bundle_000857 - RetryingDisruptedLink at mars_base -> mars_orbiter_1 (Attempt 1/3)
2025-01-02 00:09:01,496 - INFO - Bundle bundle_000857 - StoredBundle at mars_base
Details: {'buffer_size': 1}
2025-01-02 00:09:03,497 - INFO - Bundle bundle_000857 - LinkRecovered at mars_base -> mars_orbiter_1
2025-01-02 00:09:03,498 - INFO - Bundle bundle_000857 - Transmission at mars_base -> mars_orbiter_1 (Success)
Details: {'delay': 180, 'total_delay': 240, 'distance': '400 km', 'retransmissions': 0}
2025-01-02 00:09:05,076 - INFO - Bundle bundle_000857 - Transmission at mars_orbiter_1 -> deep_space_relay_1 (Success)
Details: {'delay': 600, 'total_delay': 840, 'distance': '200M km', 'retransmissions': 0}
2025-01-02 00:09:06,656 - INFO - Bundle bundle_000857 - Transmission at deep_space_relay_1 -> earth_relay_1 (Success)
Details: {'delay': 600, 'total_delay': 1440, 'distance': '50M km', 'retransmissions': 0}
2025-01-02 00:09:08,233 - INFO - Bundle bundle_000857 - Transmission at earth_relay_1 -> earth_station_1 (Success)
Details: {'delay': 180, 'total_delay': 1620, 'distance': '400 km', 'retransmissions': 0}
2025-01-02 00:09:09,813 - INFO - Network Event - SimulationComplete: {'bundle_id': 'bundle_000857', 'total_delay': 1620, 'total_retransmissions': 0, 'final_path': ['mars_rover_1', 'mars_base', 'mars_orbiter_1', 'deep_space_relay_1', 'earth_relay_1', 'earth_station_1'], 'disruptions': 0, 'paths_attempted': 1, 'total_available_paths': 1, 'max_stored_bundles': 0}
