2024-12-30 15:43:57,280 - INFO - Network Event - PathsFound: {'num_paths': 1, 'paths': [['mars_rover_1', 'mars_base', 'mars_orbiter_1', 'deep_space_relay_1', 'earth_relay_1', 'earth_station_1']], 'delays': {"['mars_rover_1', 'mars_base', 'mars_orbiter_1', 'deep_space_relay_1', 'earth_relay_1', 'earth_station_1']": 1620}}
2024-12-30 15:43:57,281 - INFO - Network Event - AttemptingPath: {'path': ['mars_rover_1', 'mars_base', 'mars_orbiter_1', 'deep_space_relay_1', 'earth_relay_1', 'earth_station_1'], 'bundle': 'bundle_154357', 'estimated_delay': 1620}
2024-12-30 15:43:57,281 - INFO - Bundle bundle_154357 - Disruption at mars_rover_1 -> mars_base (Failed)
Details: {'delay': 60, 'distance': '100 km'}
2024-12-30 15:43:57,281 - INFO - Bundle bundle_154357 - RetryingDisruptedLink at mars_rover_1 -> mars_base (Attempt 1/3)
2024-12-30 15:43:57,281 - INFO - Bundle bundle_154357 - StoredBundle at mars_rover_1
Details: {'buffer_size': 1}
2024-12-30 15:43:59,838 - INFO - Bundle bundle_154357 - RetryingDisruptedLink at mars_rover_1 -> mars_base (Attempt 2/3)
2024-12-30 15:44:01,839 - INFO - Bundle bundle_154357 - LinkRecovered at mars_rover_1 -> mars_base
2024-12-30 15:44:01,840 - INFO - Bundle bundle_154357 - Transmission at mars_rover_1 -> mars_base (Success)
Details: {'delay': 60, 'total_delay': 60, 'distance': '100 km', 'retransmissions': 1}
2024-12-30 15:44:03,415 - INFO - Bundle bundle_154357 - Transmission at mars_base -> mars_orbiter_1 (Success)
Details: {'delay': 180, 'total_delay': 240, 'distance': '400 km', 'retransmissions': 1}
2024-12-30 15:44:04,969 - INFO - Bundle bundle_154357 - Transmission at mars_orbiter_1 -> deep_space_relay_1 (Success)
Details: {'delay': 600, 'total_delay': 840, 'distance': '200M km', 'retransmissions': 1}
2024-12-30 15:44:06,550 - INFO - Bundle bundle_154357 - Transmission at deep_space_relay_1 -> earth_relay_1 (Success)
Details: {'delay': 600, 'total_delay': 1440, 'distance': '50M km', 'retransmissions': 1}
2024-12-30 15:44:08,140 - INFO - Bundle bundle_154357 - Transmission at earth_relay_1 -> earth_station_1 (Success)
Details: {'delay': 180, 'total_delay': 1620, 'distance': '400 km', 'retransmissions': 1}
2024-12-30 15:44:09,717 - INFO - Network Event - SimulationComplete: {'bundle_id': 'bundle_154357', 'total_delay': 1620, 'total_retransmissions': 1, 'final_path': ['mars_rover_1', 'mars_base', 'mars_orbiter_1', 'deep_space_relay_1', 'earth_relay_1', 'earth_station_1'], 'disruptions': 0, 'paths_attempted': 1, 'total_available_paths': 1, 'max_stored_bundles': 0}
