2025-01-06 12:32:59,997 - INFO - Network Event - LinkDisrupted: Link disrupted: mars_rover_1 -> mars_base
2025-01-06 12:33:00,002 - INFO - Network Event - NewPath: Found new path from mars_rover_1: ['mars_rover_1', 'mars_rover_2', 'mars_base', 'mars_orbiter_1', 'deep_space_relay_1', 'earth_relay_1', 'earth_station_1']
2025-01-06 12:33:01,667 - INFO - Network Event - LinkDisrupted: Link disrupted: mars_rover_2 -> mars_base
2025-01-06 12:33:01,670 - INFO - Network Event - NewPath: Found new path from mars_rover_2: ['mars_rover_2', 'mars_rover_1', 'mars_base', 'mars_orbiter_1', 'deep_space_relay_1', 'earth_relay_1', 'earth_station_1']
2025-01-06 12:33:02,238 - INFO - Network Event - LinkDisrupted: Link disrupted: mars_rover_2 -> mars_rover_1
2025-01-06 12:33:02,242 - INFO - Network Event - RetryingLinks: No alternative paths available, attempting to retry disrupted links...
2025-01-06 12:33:02,242 - INFO - Network Event - RetryAttempt: Retry attempt 1/3
2025-01-06 12:33:03,243 - INFO - Network Event - LinkRecovered: Link recovered: mars_rover_2 -> mars_rover_1
2025-01-06 12:33:03,249 - INFO - Network Event - NewPathAfterRecovery: Found new path after recovery: ['mars_rover_2', 'mars_base', 'mars_orbiter_1', 'deep_space_relay_1', 'earth_relay_1', 'earth_station_1']
2025-01-06 12:33:03,826 - INFO - Network Event - LinkDisrupted: Link disrupted: mars_rover_2 -> mars_base
2025-01-06 12:33:03,828 - INFO - Network Event - NewPath: Found new path from mars_rover_2: ['mars_rover_2', 'mars_rover_1', 'mars_base', 'mars_orbiter_1', 'deep_space_relay_1', 'earth_relay_1', 'earth_station_1']
2025-01-06 12:33:04,380 - INFO - Network Event - LinkDisrupted: Link disrupted: mars_rover_2 -> mars_rover_1
2025-01-06 12:33:04,384 - INFO - Network Event - RetryingLinks: No alternative paths available, attempting to retry disrupted links...
2025-01-06 12:33:04,384 - INFO - Network Event - RetryAttempt: Retry attempt 1/3
2025-01-06 12:33:05,385 - INFO - Network Event - LinkRecovered: Link recovered: mars_rover_2 -> mars_rover_1
2025-01-06 12:33:05,390 - INFO - Network Event - NewPathAfterRecovery: Found new path after recovery: ['mars_rover_2', 'mars_base', 'mars_orbiter_1', 'deep_space_relay_1', 'earth_relay_1', 'earth_station_1']
2025-01-06 12:33:05,966 - INFO - Network Event - LinkDisrupted: Link disrupted: mars_rover_2 -> mars_base
2025-01-06 12:33:05,969 - INFO - Network Event - NewPath: Found new path from mars_rover_2: ['mars_rover_2', 'mars_rover_1', 'mars_base', 'mars_orbiter_1', 'deep_space_relay_1', 'earth_relay_1', 'earth_station_1']
2025-01-06 12:33:11,989 - INFO - Network Event - LinkDisrupted: Link disrupted: earth_relay_1 -> earth_station_1
2025-01-06 12:33:11,993 - INFO - Network Event - NewPath: Found new path from earth_relay_1: ['earth_relay_1', 'earth_relay_2', 'earth_station_2', 'earth_station_1']
2025-01-06 12:33:15,760 - INFO - Network Event - SimulationComplete: Simulation completed: Delivered
