2025-01-02 00:23:24,478 - INFO - Network Event - PathsFound: {'num_paths': 1, 'paths': [['mars_rover_1', 'mars_base', 'mars_orbiter_1', 'deep_space_relay_1', 'earth_relay_1', 'earth_station_1']], 'delays': {"['mars_rover_1', 'mars_base', 'mars_orbiter_1', 'deep_space_relay_1', 'earth_relay_1', 'earth_station_1']": 1620}}
2025-01-02 00:23:24,479 - INFO - Network Event - AttemptingPath: {'path': ['mars_rover_1', 'mars_base', 'mars_orbiter_1', 'deep_space_relay_1', 'earth_relay_1', 'earth_station_1'], 'bundle': 'bundle_002324', 'estimated_delay': 1620}
2025-01-02 00:23:24,479 - INFO - Network Event - DisruptionCheck: {'current_node': 'mars_rover_1', 'next_node': 'mars_base', 'error_rate': 0.3, 'disruption_rate': 0.3}
2025-01-02 00:23:24,479 - INFO - Bundle bundle_002324 - BundleStored at mars_rover_1
Details: {'reason': 'error', 'buffer_size': 1}
2025-01-02 00:23:24,479 - INFO - Bundle bundle_002324 - RecoveryAttempt at mars_rover_1 -> mars_base (Attempt 1/3)
2025-01-02 00:23:25,481 - INFO - Bundle bundle_002324 - RecoverySuccess at mars_rover_1 -> mars_base (Recovered after 1 attempts)
2025-01-02 00:23:25,481 - INFO - Bundle bundle_002324 - Disruption at mars_rover_1 -> mars_base (Failed)
Details: {'delay': 60, 'distance': '100 km'}
2025-01-02 00:23:25,482 - INFO - Network Event - DisruptionCheck: {'current_node': 'mars_rover_1', 'next_node': 'mars_base', 'error_rate': 0.3, 'disruption_rate': 0.3}
2025-01-02 00:23:25,482 - INFO - Bundle bundle_002324 - Disruption at mars_rover_1 -> mars_base (Failed)
Details: {'delay': 60, 'distance': '100 km'}
2025-01-02 00:23:25,482 - INFO - Network Event - DisruptionCheck: {'current_node': 'mars_rover_1', 'next_node': 'mars_base', 'error_rate': 0.3, 'disruption_rate': 0.3}
2025-01-02 00:23:25,482 - INFO - Bundle bundle_002324 - BundleStored at mars_rover_1
Details: {'reason': 'error', 'buffer_size': 1}
2025-01-02 00:23:25,482 - INFO - Bundle bundle_002324 - RecoveryAttempt at mars_rover_1 -> mars_base (Attempt 1/3)
2025-01-02 00:23:26,484 - INFO - Bundle bundle_002324 - RecoverySuccess at mars_rover_1 -> mars_base (Recovered after 1 attempts)
2025-01-02 00:23:26,484 - INFO - Bundle bundle_002324 - Transmission at mars_rover_1 -> mars_base (Success)
Details: {'delay': 60, 'total_delay': 60, 'distance': '100 km', 'retransmissions': 0}
2025-01-02 00:23:28,063 - INFO - Network Event - DisruptionCheck: {'current_node': 'mars_base', 'next_node': 'mars_orbiter_1', 'error_rate': 0.3, 'disruption_rate': 0.3}
2025-01-02 00:23:28,063 - INFO - Bundle bundle_002324 - BundleStored at mars_base
Details: {'reason': 'disruption', 'buffer_size': 1}
2025-01-02 00:23:28,064 - INFO - Bundle bundle_002324 - RecoveryAttempt at mars_base -> mars_orbiter_1 (Attempt 1/3)
2025-01-02 00:23:29,065 - INFO - Bundle bundle_002324 - RecoverySuccess at mars_base -> mars_orbiter_1 (Recovered after 1 attempts)
2025-01-02 00:23:29,066 - INFO - Bundle bundle_002324 - Transmission at mars_base -> mars_orbiter_1 (Success)
Details: {'delay': 180, 'total_delay': 240, 'distance': '400 km', 'retransmissions': 0}
2025-01-02 00:23:30,641 - INFO - Network Event - DisruptionCheck: {'current_node': 'mars_orbiter_1', 'next_node': 'deep_space_relay_1', 'error_rate': 0.3, 'disruption_rate': 0.3}
2025-01-02 00:23:30,641 - INFO - Bundle bundle_002324 - Disruption at mars_orbiter_1 -> deep_space_relay_1 (Failed)
Details: {'delay': 600, 'distance': '200M km'}
2025-01-02 00:23:30,642 - INFO - Network Event - DisruptionCheck: {'current_node': 'mars_orbiter_1', 'next_node': 'deep_space_relay_1', 'error_rate': 0.3, 'disruption_rate': 0.3}
2025-01-02 00:23:30,642 - INFO - Bundle bundle_002324 - BundleStored at mars_orbiter_1
Details: {'reason': 'disruption', 'buffer_size': 1}
2025-01-02 00:23:30,642 - INFO - Bundle bundle_002324 - RecoveryAttempt at mars_orbiter_1 -> deep_space_relay_1 (Attempt 1/3)
2025-01-02 00:23:31,643 - INFO - Bundle bundle_002324 - RecoverySuccess at mars_orbiter_1 -> deep_space_relay_1 (Recovered after 1 attempts)
2025-01-02 00:23:31,644 - INFO - Bundle bundle_002324 - Transmission at mars_orbiter_1 -> deep_space_relay_1 (Success)
Details: {'delay': 600, 'total_delay': 840, 'distance': '200M km', 'retransmissions': 0}
2025-01-02 00:23:33,222 - INFO - Network Event - DisruptionCheck: {'current_node': 'deep_space_relay_1', 'next_node': 'earth_relay_1', 'error_rate': 0.3, 'disruption_rate': 0.3}
2025-01-02 00:23:33,223 - INFO - Bundle bundle_002324 - Disruption at deep_space_relay_1 -> earth_relay_1 (Failed)
Details: {'delay': 600, 'distance': '50M km'}
2025-01-02 00:23:33,223 - INFO - Network Event - DisruptionCheck: {'current_node': 'deep_space_relay_1', 'next_node': 'earth_relay_1', 'error_rate': 0.3, 'disruption_rate': 0.3}
2025-01-02 00:23:33,223 - INFO - Bundle bundle_002324 - BundleStored at deep_space_relay_1
Details: {'reason': 'error', 'buffer_size': 1}
2025-01-02 00:23:33,223 - INFO - Bundle bundle_002324 - RecoveryAttempt at deep_space_relay_1 -> earth_relay_1 (Attempt 1/3)
2025-01-02 00:23:34,225 - INFO - Bundle bundle_002324 - RecoverySuccess at deep_space_relay_1 -> earth_relay_1 (Recovered after 1 attempts)
2025-01-02 00:23:34,225 - INFO - Bundle bundle_002324 - Transmission at deep_space_relay_1 -> earth_relay_1 (Success)
Details: {'delay': 600, 'total_delay': 1440, 'distance': '50M km', 'retransmissions': 0}
2025-01-02 00:23:35,810 - INFO - Network Event - DisruptionCheck: {'current_node': 'earth_relay_1', 'next_node': 'earth_station_1', 'error_rate': 0.3, 'disruption_rate': 0.3}
2025-01-02 00:23:35,810 - INFO - Bundle bundle_002324 - Transmission at earth_relay_1 -> earth_station_1 (Success)
Details: {'delay': 180, 'total_delay': 1620, 'distance': '400 km', 'retransmissions': 0}
2025-01-02 00:23:37,388 - INFO - Network Event - SimulationComplete: {'bundle_id': 'bundle_002324', 'total_delay': 1620, 'total_retransmissions': 0, 'final_path': ['mars_rover_1', 'mars_base', 'mars_orbiter_1', 'deep_space_relay_1', 'earth_relay_1', 'earth_station_1'], 'disruptions': 5, 'disrupted_links': [], 'avg_recovery_time': 1.001198959350586, 'stored_bundles': 5, 'max_stored_bundles': 0, 'paths_attempted': 1, 'total_available_paths': 1, 'buffer_states': {'mars_rover_1': 0, 'mars_base': 0, 'mars_orbiter_1': 0, 'deep_space_relay_1': 0}, 'total_storage_events': 5, 'recovery_attempts': 0, 'successful_recoveries': 5}
