2024-12-30 15:44:27,410 - INFO - Network Event - PathsFound: {'num_paths': 1, 'paths': [['mars_rover_1', 'mars_base', 'mars_orbiter_1', 'deep_space_relay_1', 'earth_relay_1', 'earth_station_1']], 'delays': {"['mars_rover_1', 'mars_base', 'mars_orbiter_1', 'deep_space_relay_1', 'earth_relay_1', 'earth_station_1']": 1620}}
2024-12-30 15:44:27,411 - INFO - Network Event - AttemptingPath: {'path': ['mars_rover_1', 'mars_base', 'mars_orbiter_1', 'deep_space_relay_1', 'earth_relay_1', 'earth_station_1'], 'bundle': 'bundle_154427', 'estimated_delay': 1620}
2024-12-30 15:44:27,411 - INFO - Bundle bundle_154427 - Disruption at mars_rover_1 -> mars_base (Failed)
Details: {'delay': 60, 'distance': '100 km'}
2024-12-30 15:44:27,411 - INFO - Bundle bundle_154427 - RetryingDisruptedLink at mars_rover_1 -> mars_base (Attempt 1/3)
2024-12-30 15:44:27,411 - INFO - Bundle bundle_154427 - StoredBundle at mars_rover_1
Details: {'buffer_size': 1}
2024-12-30 15:44:29,413 - INFO - Bundle bundle_154427 - LinkRecovered at mars_rover_1 -> mars_base
2024-12-30 15:44:29,413 - INFO - Bundle bundle_154427 - Disruption at mars_rover_1 -> mars_base (Failed)
Details: {'delay': 60, 'distance': '100 km'}
2024-12-30 15:44:29,414 - INFO - Bundle bundle_154427 - RetryingDisruptedLink at mars_rover_1 -> mars_base (Attempt 1/3)
2024-12-30 15:44:29,414 - INFO - Bundle bundle_154427 - StoredBundle at mars_rover_1
Details: {'buffer_size': 1}
2024-12-30 15:44:31,993 - INFO - Bundle bundle_154427 - RetryingDisruptedLink at mars_rover_1 -> mars_base (Attempt 2/3)
2024-12-30 15:44:34,572 - INFO - Bundle bundle_154427 - RetryingDisruptedLink at mars_rover_1 -> mars_base (Attempt 3/3)
2024-12-30 15:44:37,123 - INFO - Network Event - AttemptingPath: {'path': ['mars_rover_1', 'mars_base', 'mars_orbiter_1', 'deep_space_relay_1', 'earth_relay_1', 'earth_station_1'], 'bundle': 'bundle_154427', 'estimated_delay': 1620}
2024-12-30 15:44:37,123 - INFO - Bundle bundle_154427 - RetryingDisruptedLink at mars_rover_1 -> mars_base (Attempt 1/3)
2024-12-30 15:44:39,698 - INFO - Bundle bundle_154427 - RetryingDisruptedLink at mars_rover_1 -> mars_base (Attempt 2/3)
2024-12-30 15:44:42,288 - INFO - Bundle bundle_154427 - RetryingDisruptedLink at mars_rover_1 -> mars_base (Attempt 3/3)
2024-12-30 15:44:44,853 - INFO - Network Event - AttemptingPath: {'path': ['mars_rover_1', 'mars_base', 'mars_orbiter_1', 'deep_space_relay_1', 'earth_relay_1', 'earth_station_1'], 'bundle': 'bundle_154427', 'estimated_delay': 1620}
2024-12-30 15:44:44,853 - INFO - Bundle bundle_154427 - RetryingDisruptedLink at mars_rover_1 -> mars_base (Attempt 1/3)
2024-12-30 15:44:47,415 - INFO - Bundle bundle_154427 - RetryingDisruptedLink at mars_rover_1 -> mars_base (Attempt 2/3)
2024-12-30 15:44:49,996 - INFO - Bundle bundle_154427 - RetryingDisruptedLink at mars_rover_1 -> mars_base (Attempt 3/3)
2024-12-30 15:44:52,574 - INFO - Network Event - AttemptingPath: {'path': ['mars_rover_1', 'mars_base', 'mars_orbiter_1', 'deep_space_relay_1', 'earth_relay_1', 'earth_station_1'], 'bundle': 'bundle_154427', 'estimated_delay': 1620}
2024-12-30 15:44:52,575 - INFO - Bundle bundle_154427 - RetryingDisruptedLink at mars_rover_1 -> mars_base (Attempt 1/3)
2024-12-30 15:44:55,137 - INFO - Bundle bundle_154427 - RetryingDisruptedLink at mars_rover_1 -> mars_base (Attempt 2/3)
2024-12-30 15:44:57,710 - INFO - Bundle bundle_154427 - RetryingDisruptedLink at mars_rover_1 -> mars_base (Attempt 3/3)
2024-12-30 15:44:59,712 - INFO - Bundle bundle_154427 - LinkRecovered at mars_rover_1 -> mars_base
2024-12-30 15:44:59,712 - INFO - Bundle bundle_154427 - Transmission at mars_rover_1 -> mars_base (Success)
Details: {'delay': 60, 'total_delay': 60, 'distance': '100 km', 'retransmissions': 11}
2024-12-30 15:45:01,275 - INFO - Bundle bundle_154427 - Disruption at mars_base -> mars_orbiter_1 (Failed)
Details: {'delay': 180, 'distance': '400 km'}
2024-12-30 15:45:01,275 - INFO - Bundle bundle_154427 - RetryingDisruptedLink at mars_base -> mars_orbiter_1 (Attempt 1/3)
2024-12-30 15:45:01,276 - INFO - Bundle bundle_154427 - StoredBundle at mars_base
Details: {'buffer_size': 1}
2024-12-30 15:45:03,277 - INFO - Bundle bundle_154427 - LinkRecovered at mars_base -> mars_orbiter_1
2024-12-30 15:45:03,278 - INFO - Bundle bundle_154427 - Disruption at mars_base -> mars_orbiter_1 (Failed)
Details: {'delay': 180, 'distance': '400 km'}
2024-12-30 15:45:03,278 - INFO - Bundle bundle_154427 - RetryingDisruptedLink at mars_base -> mars_orbiter_1 (Attempt 1/3)
2024-12-30 15:45:03,278 - INFO - Bundle bundle_154427 - StoredBundle at mars_base
Details: {'buffer_size': 1}
