2025-01-01 23:50:01,454 - INFO - Network Event - PathsFound: {'num_paths': 1, 'paths': [['mars_rover_1', 'mars_base', 'mars_orbiter_1', 'deep_space_relay_1', 'earth_relay_1', 'earth_station_1']], 'delays': {"['mars_rover_1', 'mars_base', 'mars_orbiter_1', 'deep_space_relay_1', 'earth_relay_1', 'earth_station_1']": 1620}}
2025-01-01 23:50:01,456 - INFO - Network Event - AttemptingPath: {'path': ['mars_rover_1', 'mars_base', 'mars_orbiter_1', 'deep_space_relay_1', 'earth_relay_1', 'earth_station_1'], 'bundle': 'bundle_235001', 'estimated_delay': 1620}
2025-01-01 23:50:01,456 - INFO - Bundle bundle_235001 - Disruption at mars_rover_1 -> mars_base (Failed)
Details: {'delay': 60, 'distance': '100 km'}
2025-01-01 23:50:01,457 - INFO - Bundle bundle_235001 - RetryingDisruptedLink at mars_rover_1 -> mars_base (Attempt 1/3)
2025-01-01 23:50:01,457 - INFO - Bundle bundle_235001 - StoredBundle at mars_rover_1
Details: {'buffer_size': 1}
2025-01-01 23:50:03,457 - INFO - Bundle bundle_235001 - LinkRecovered at mars_rover_1 -> mars_base
2025-01-01 23:50:03,458 - INFO - Bundle bundle_235001 - Transmission at mars_rover_1 -> mars_base (Success)
Details: {'delay': 60, 'total_delay': 60, 'distance': '100 km', 'retransmissions': 0}
2025-01-01 23:50:05,037 - INFO - Bundle bundle_235001 - Disruption at mars_base -> mars_orbiter_1 (Failed)
Details: {'delay': 180, 'distance': '400 km'}
2025-01-01 23:50:05,038 - INFO - Bundle bundle_235001 - RetryingDisruptedLink at mars_base -> mars_orbiter_1 (Attempt 1/3)
2025-01-01 23:50:05,038 - INFO - Bundle bundle_235001 - StoredBundle at mars_base
Details: {'buffer_size': 1}
2025-01-01 23:50:07,619 - INFO - Bundle bundle_235001 - RetryingDisruptedLink at mars_base -> mars_orbiter_1 (Attempt 2/3)
2025-01-01 23:50:10,207 - INFO - Bundle bundle_235001 - RetryingDisruptedLink at mars_base -> mars_orbiter_1 (Attempt 3/3)
2025-01-01 23:50:12,210 - INFO - Bundle bundle_235001 - LinkRecovered at mars_base -> mars_orbiter_1
2025-01-01 23:50:12,211 - INFO - Bundle bundle_235001 - Disruption at mars_base -> mars_orbiter_1 (Failed)
Details: {'delay': 180, 'distance': '400 km'}
2025-01-01 23:50:12,211 - INFO - Bundle bundle_235001 - RetryingDisruptedLink at mars_base -> mars_orbiter_1 (Attempt 1/3)
2025-01-01 23:50:12,211 - INFO - Bundle bundle_235001 - StoredBundle at mars_base
Details: {'buffer_size': 1}
2025-01-01 23:50:14,214 - INFO - Bundle bundle_235001 - LinkRecovered at mars_base -> mars_orbiter_1
2025-01-01 23:50:14,214 - INFO - Bundle bundle_235001 - Disruption at mars_base -> mars_orbiter_1 (Failed)
Details: {'delay': 180, 'distance': '400 km'}
2025-01-01 23:50:14,215 - INFO - Bundle bundle_235001 - RetryingDisruptedLink at mars_base -> mars_orbiter_1 (Attempt 1/3)
2025-01-01 23:50:14,215 - INFO - Bundle bundle_235001 - StoredBundle at mars_base
Details: {'buffer_size': 1}
2025-01-01 23:50:16,217 - INFO - Bundle bundle_235001 - LinkRecovered at mars_base -> mars_orbiter_1
2025-01-01 23:50:16,217 - INFO - Bundle bundle_235001 - Transmission at mars_base -> mars_orbiter_1 (Success)
Details: {'delay': 180, 'total_delay': 240, 'distance': '400 km', 'retransmissions': 2}
2025-01-01 23:50:17,799 - INFO - Bundle bundle_235001 - Transmission at mars_orbiter_1 -> deep_space_relay_1 (Success)
Details: {'delay': 600, 'total_delay': 840, 'distance': '200M km', 'retransmissions': 2}
2025-01-01 23:50:19,375 - INFO - Bundle bundle_235001 - Disruption at deep_space_relay_1 -> earth_relay_1 (Failed)
Details: {'delay': 600, 'distance': '50M km'}
2025-01-01 23:50:19,376 - INFO - Bundle bundle_235001 - RetryingDisruptedLink at deep_space_relay_1 -> earth_relay_1 (Attempt 1/3)
2025-01-01 23:50:19,376 - INFO - Bundle bundle_235001 - StoredBundle at deep_space_relay_1
Details: {'buffer_size': 1}
2025-01-01 23:50:21,965 - INFO - Bundle bundle_235001 - RetryingDisruptedLink at deep_space_relay_1 -> earth_relay_1 (Attempt 2/3)
2025-01-01 23:50:23,968 - INFO - Bundle bundle_235001 - LinkRecovered at deep_space_relay_1 -> earth_relay_1
2025-01-01 23:50:23,970 - INFO - Bundle bundle_235001 - Transmission at deep_space_relay_1 -> earth_relay_1 (Success)
Details: {'delay': 600, 'total_delay': 1440, 'distance': '50M km', 'retransmissions': 3}
2025-01-01 23:50:25,547 - INFO - Bundle bundle_235001 - Transmission at earth_relay_1 -> earth_station_1 (Success)
Details: {'delay': 180, 'total_delay': 1620, 'distance': '400 km', 'retransmissions': 3}
2025-01-01 23:50:27,127 - INFO - Network Event - SimulationComplete: {'bundle_id': 'bundle_235001', 'total_delay': 1620, 'total_retransmissions': 3, 'final_path': ['mars_rover_1', 'mars_base', 'mars_orbiter_1', 'deep_space_relay_1', 'earth_relay_1', 'earth_station_1'], 'disruptions': 0, 'paths_attempted': 1, 'total_available_paths': 1, 'max_stored_bundles': 0}
