2025-01-01 23:50:58,568 - INFO - Network Event - PathsFound: {'num_paths': 1, 'paths': [['mars_rover_1', 'mars_base', 'mars_orbiter_1', 'deep_space_relay_1', 'earth_relay_1', 'earth_station_1']], 'delays': {"['mars_rover_1', 'mars_base', 'mars_orbiter_1', 'deep_space_relay_1', 'earth_relay_1', 'earth_station_1']": 1620}}
2025-01-01 23:50:58,568 - INFO - Network Event - AttemptingPath: {'path': ['mars_rover_1', 'mars_base', 'mars_orbiter_1', 'deep_space_relay_1', 'earth_relay_1', 'earth_station_1'], 'bundle': 'bundle_235058', 'estimated_delay': 1620}
2025-01-01 23:50:58,569 - INFO - Bundle bundle_235058 - Disruption at mars_rover_1 -> mars_base (Failed)
Details: {'delay': 60, 'distance': '100 km'}
2025-01-01 23:50:58,569 - INFO - Bundle bundle_235058 - RetryingDisruptedLink at mars_rover_1 -> mars_base (Attempt 1/3)
2025-01-01 23:50:58,569 - INFO - Bundle bundle_235058 - StoredBundle at mars_rover_1
Details: {'buffer_size': 1}
2025-01-01 23:51:00,569 - INFO - Bundle bundle_235058 - LinkRecovered at mars_rover_1 -> mars_base
2025-01-01 23:51:00,570 - INFO - Bundle bundle_235058 - Transmission at mars_rover_1 -> mars_base (Success)
Details: {'delay': 60, 'total_delay': 60, 'distance': '100 km', 'retransmissions': 0}
2025-01-01 23:51:02,142 - INFO - Bundle bundle_235058 - Disruption at mars_base -> mars_orbiter_1 (Failed)
Details: {'delay': 180, 'distance': '400 km'}
2025-01-01 23:51:02,143 - INFO - Bundle bundle_235058 - RetryingDisruptedLink at mars_base -> mars_orbiter_1 (Attempt 1/3)
2025-01-01 23:51:02,143 - INFO - Bundle bundle_235058 - StoredBundle at mars_base
Details: {'buffer_size': 1}
2025-01-01 23:51:04,144 - INFO - Bundle bundle_235058 - LinkRecovered at mars_base -> mars_orbiter_1
2025-01-01 23:51:04,145 - INFO - Bundle bundle_235058 - Transmission at mars_base -> mars_orbiter_1 (Success)
Details: {'delay': 180, 'total_delay': 240, 'distance': '400 km', 'retransmissions': 0}
2025-01-01 23:51:05,727 - INFO - Bundle bundle_235058 - Transmission at mars_orbiter_1 -> deep_space_relay_1 (Success)
Details: {'delay': 600, 'total_delay': 840, 'distance': '200M km', 'retransmissions': 0}
2025-01-01 23:51:07,303 - INFO - Bundle bundle_235058 - Disruption at deep_space_relay_1 -> earth_relay_1 (Failed)
Details: {'delay': 600, 'distance': '50M km'}
2025-01-01 23:51:07,304 - INFO - Bundle bundle_235058 - RetryingDisruptedLink at deep_space_relay_1 -> earth_relay_1 (Attempt 1/3)
2025-01-01 23:51:07,304 - INFO - Bundle bundle_235058 - StoredBundle at deep_space_relay_1
Details: {'buffer_size': 1}
2025-01-01 23:51:09,305 - INFO - Bundle bundle_235058 - LinkRecovered at deep_space_relay_1 -> earth_relay_1
2025-01-01 23:51:09,306 - INFO - Bundle bundle_235058 - Disruption at deep_space_relay_1 -> earth_relay_1 (Failed)
Details: {'delay': 600, 'distance': '50M km'}
2025-01-01 23:51:09,306 - INFO - Bundle bundle_235058 - RetryingDisruptedLink at deep_space_relay_1 -> earth_relay_1 (Attempt 1/3)
2025-01-01 23:51:09,306 - INFO - Bundle bundle_235058 - StoredBundle at deep_space_relay_1
Details: {'buffer_size': 1}
2025-01-01 23:51:11,308 - INFO - Bundle bundle_235058 - LinkRecovered at deep_space_relay_1 -> earth_relay_1
2025-01-01 23:51:11,309 - INFO - Bundle bundle_235058 - Transmission at deep_space_relay_1 -> earth_relay_1 (Success)
Details: {'delay': 600, 'total_delay': 1440, 'distance': '50M km', 'retransmissions': 0}
2025-01-01 23:51:12,886 - INFO - Bundle bundle_235058 - Transmission at earth_relay_1 -> earth_station_1 (Success)
Details: {'delay': 180, 'total_delay': 1620, 'distance': '400 km', 'retransmissions': 0}
2025-01-01 23:51:14,466 - INFO - Network Event - SimulationComplete: {'bundle_id': 'bundle_235058', 'total_delay': 1620, 'total_retransmissions': 0, 'final_path': ['mars_rover_1', 'mars_base', 'mars_orbiter_1', 'deep_space_relay_1', 'earth_relay_1', 'earth_station_1'], 'disruptions': 0, 'paths_attempted': 1, 'total_available_paths': 1, 'max_stored_bundles': 0}
