2025-01-05 17:40:45,794 - INFO - Network Event - AttemptingPath: {'path': ['mars_rover_1', 'mars_base', 'mars_orbiter_1', 'deep_space_relay_1', 'earth_relay_1', 'earth_station_1'], 'bundle': 'bundle_174045', 'estimated_delay': 1620}
2025-01-05 17:40:45,794 - INFO - Network Event - DisruptionCheck: {'current_node': 'mars_rover_1', 'next_node': 'mars_base', 'error_rate': 0.3, 'disruption_rate': 0.3}
2025-01-05 17:40:45,795 - INFO - Bundle bundle_174045 - Transmission at mars_rover_1 -> mars_base (Success)
Details: {'delay': 60, 'total_delay': 60, 'distance': '100 km', 'retransmissions': 0}
2025-01-05 17:40:47,391 - INFO - Network Event - DisruptionCheck: {'current_node': 'mars_base', 'next_node': 'mars_orbiter_1', 'error_rate': 0.3, 'disruption_rate': 0.3}
2025-01-05 17:40:47,391 - INFO - Bundle bundle_174045 - BundleStored at mars_base
Details: {'reason': 'error', 'buffer_size': 1}
2025-01-05 17:40:47,392 - INFO - Bundle bundle_174045 - RecoveryAttempt at mars_base -> mars_orbiter_1 (Attempt 1/3)
2025-01-05 17:40:48,393 - INFO - Bundle bundle_174045 - RecoverySuccess at mars_base -> mars_orbiter_1 (Recovered after 1 attempts)
2025-01-05 17:40:48,393 - INFO - Bundle bundle_174045 - Transmission at mars_base -> mars_orbiter_1 (Success)
Details: {'delay': 180, 'total_delay': 240, 'distance': '400 km', 'retransmissions': 0}
2025-01-05 17:40:49,981 - INFO - Network Event - DisruptionCheck: {'current_node': 'mars_orbiter_1', 'next_node': 'deep_space_relay_1', 'error_rate': 0.3, 'disruption_rate': 0.3}
2025-01-05 17:40:49,982 - INFO - Bundle bundle_174045 - Transmission at mars_orbiter_1 -> deep_space_relay_1 (Success)
Details: {'delay': 600, 'total_delay': 840, 'distance': '200M km', 'retransmissions': 0}
2025-01-05 17:40:51,562 - INFO - Network Event - DisruptionCheck: {'current_node': 'deep_space_relay_1', 'next_node': 'earth_relay_1', 'error_rate': 0.3, 'disruption_rate': 0.3}
2025-01-05 17:40:51,562 - INFO - Bundle bundle_174045 - Disruption at deep_space_relay_1 -> earth_relay_1 (Failed)
Details: {'delay': 600, 'distance': '50M km'}
2025-01-05 17:40:51,562 - INFO - Network Event - DisruptionCheck: {'current_node': 'deep_space_relay_1', 'next_node': 'earth_relay_1', 'error_rate': 0.3, 'disruption_rate': 0.3}
2025-01-05 17:40:51,562 - INFO - Bundle bundle_174045 - Transmission at deep_space_relay_1 -> earth_relay_1 (Success)
Details: {'delay': 600, 'total_delay': 1440, 'distance': '50M km', 'retransmissions': 0}
2025-01-05 17:40:53,126 - INFO - Network Event - DisruptionCheck: {'current_node': 'earth_relay_1', 'next_node': 'earth_station_1', 'error_rate': 0.3, 'disruption_rate': 0.3}
2025-01-05 17:40:53,127 - INFO - Bundle bundle_174045 - Transmission at earth_relay_1 -> earth_station_1 (Success)
Details: {'delay': 180, 'total_delay': 1620, 'distance': '400 km', 'retransmissions': 0}
2025-01-05 17:40:54,716 - INFO - Network Event - SimulationComplete: {'bundle_id': 'bundle_174045', 'total_delay': 1620, 'total_retransmissions': 0, 'final_path': ['mars_rover_1', 'mars_rover_2', 'mars_base', 'mars_orbiter_1', 'deep_space_relay_1', 'earth_relay_1', 'earth_station_1'], 'disruptions': 1, 'disrupted_links': [('deep_space_relay_1', 'earth_relay_1')], 'avg_recovery_time': 1.0011069774627686, 'stored_bundles': 1, 'max_stored_bundles': 0, 'paths_attempted': 2, 'total_available_paths': 3, 'buffer_states': {'mars_base': 0}, 'total_storage_events': 1, 'recovery_attempts': 0, 'successful_recoveries': 1, 'simulation_timestamp': '2025-01-05 17:40:54', 'source': 'mars_rover_1', 'destination': 'earth_station_1', 'message': 'Hello from Mars!'}
