2025-01-05 17:34:15,743 - INFO - Network Event - AttemptingPath: {'path': ['mars_rover_1', 'mars_base', 'mars_orbiter_1', 'deep_space_relay_1', 'earth_relay_1', 'earth_station_1'], 'bundle': 'bundle_173415', 'estimated_delay': 1620}
2025-01-05 17:34:15,744 - INFO - Network Event - DisruptionCheck: {'current_node': 'mars_rover_1', 'next_node': 'mars_base', 'error_rate': 0.3, 'disruption_rate': 0.3}
2025-01-05 17:34:15,744 - INFO - Bundle bundle_173415 - Transmission at mars_rover_1 -> mars_base (Success)
Details: {'delay': 60, 'total_delay': 60, 'distance': '100 km', 'retransmissions': 0}
2025-01-05 17:34:17,320 - INFO - Network Event - DisruptionCheck: {'current_node': 'mars_base', 'next_node': 'mars_orbiter_1', 'error_rate': 0.3, 'disruption_rate': 0.3}
2025-01-05 17:34:17,321 - INFO - Bundle bundle_173415 - BundleStored at mars_base
Details: {'reason': 'disruption', 'buffer_size': 1}
2025-01-05 17:34:17,321 - INFO - Bundle bundle_173415 - RecoveryAttempt at mars_base -> mars_orbiter_1 (Attempt 1/3)
2025-01-05 17:34:18,322 - INFO - Bundle bundle_173415 - RecoverySuccess at mars_base -> mars_orbiter_1 (Recovered after 1 attempts)
2025-01-05 17:34:18,323 - INFO - Bundle bundle_173415 - Transmission at mars_base -> mars_orbiter_1 (Success)
Details: {'delay': 180, 'total_delay': 240, 'distance': '400 km', 'retransmissions': 0}
2025-01-05 17:34:19,901 - INFO - Network Event - DisruptionCheck: {'current_node': 'mars_orbiter_1', 'next_node': 'deep_space_relay_1', 'error_rate': 0.3, 'disruption_rate': 0.3}
2025-01-05 17:34:19,902 - INFO - Bundle bundle_173415 - Transmission at mars_orbiter_1 -> deep_space_relay_1 (Success)
Details: {'delay': 600, 'total_delay': 840, 'distance': '200M km', 'retransmissions': 0}
2025-01-05 17:34:21,480 - INFO - Network Event - DisruptionCheck: {'current_node': 'deep_space_relay_1', 'next_node': 'earth_relay_1', 'error_rate': 0.3, 'disruption_rate': 0.3}
2025-01-05 17:34:21,481 - INFO - Bundle bundle_173415 - BundleStored at deep_space_relay_1
Details: {'reason': 'error', 'buffer_size': 1}
2025-01-05 17:34:21,481 - INFO - Bundle bundle_173415 - RecoveryAttempt at deep_space_relay_1 -> earth_relay_1 (Attempt 1/3)
2025-01-05 17:34:22,483 - INFO - Bundle bundle_173415 - RecoverySuccess at deep_space_relay_1 -> earth_relay_1 (Recovered after 1 attempts)
2025-01-05 17:34:22,483 - INFO - Bundle bundle_173415 - Disruption at deep_space_relay_1 -> earth_relay_1 (Failed)
Details: {'delay': 600, 'distance': '50M km'}
2025-01-05 17:34:22,484 - INFO - Network Event - DisruptionCheck: {'current_node': 'deep_space_relay_1', 'next_node': 'earth_relay_1', 'error_rate': 0.3, 'disruption_rate': 0.3}
2025-01-05 17:34:22,484 - INFO - Bundle bundle_173415 - BundleStored at deep_space_relay_1
Details: {'reason': 'error', 'buffer_size': 1}
2025-01-05 17:34:22,484 - INFO - Bundle bundle_173415 - RecoveryAttempt at deep_space_relay_1 -> earth_relay_1 (Attempt 1/3)
2025-01-05 17:34:23,485 - INFO - Bundle bundle_173415 - RecoverySuccess at deep_space_relay_1 -> earth_relay_1 (Recovered after 1 attempts)
2025-01-05 17:34:23,486 - INFO - Bundle bundle_173415 - Disruption at deep_space_relay_1 -> earth_relay_1 (Failed)
Details: {'delay': 600, 'distance': '50M km'}
2025-01-05 17:34:23,486 - INFO - Network Event - DisruptionCheck: {'current_node': 'deep_space_relay_1', 'next_node': 'earth_relay_1', 'error_rate': 0.3, 'disruption_rate': 0.3}
2025-01-05 17:34:23,486 - INFO - Bundle bundle_173415 - BundleStored at deep_space_relay_1
Details: {'reason': 'disruption', 'buffer_size': 1}
2025-01-05 17:34:23,486 - INFO - Bundle bundle_173415 - RecoveryAttempt at deep_space_relay_1 -> earth_relay_1 (Attempt 1/3)
2025-01-05 17:34:24,487 - INFO - Bundle bundle_173415 - RecoverySuccess at deep_space_relay_1 -> earth_relay_1 (Recovered after 1 attempts)
2025-01-05 17:34:24,488 - INFO - Bundle bundle_173415 - Transmission at deep_space_relay_1 -> earth_relay_1 (Success)
Details: {'delay': 600, 'total_delay': 1440, 'distance': '50M km', 'retransmissions': 0}
2025-01-05 17:34:26,068 - INFO - Network Event - DisruptionCheck: {'current_node': 'earth_relay_1', 'next_node': 'earth_station_1', 'error_rate': 0.3, 'disruption_rate': 0.3}
2025-01-05 17:34:26,068 - INFO - Bundle bundle_173415 - BundleStored at earth_relay_1
Details: {'reason': 'error', 'buffer_size': 1}
2025-01-05 17:34:26,068 - INFO - Bundle bundle_173415 - RecoveryAttempt at earth_relay_1 -> earth_station_1 (Attempt 1/3)
2025-01-05 17:34:27,070 - INFO - Bundle bundle_173415 - RecoveryAttempt at earth_relay_1 -> earth_station_1 (Attempt 2/3)
2025-01-05 17:34:28,072 - INFO - Bundle bundle_173415 - RecoveryAttempt at earth_relay_1 -> earth_station_1 (Attempt 3/3)
2025-01-05 17:34:29,074 - INFO - Bundle bundle_173415 - RecoverySuccess at earth_relay_1 -> earth_station_1 (Recovered after 3 attempts)
2025-01-05 17:34:29,074 - INFO - Bundle bundle_173415 - Transmission at earth_relay_1 -> earth_station_1 (Success)
Details: {'delay': 180, 'total_delay': 1620, 'distance': '400 km', 'retransmissions': 2}
2025-01-05 17:34:30,673 - INFO - Network Event - SimulationComplete: {'bundle_id': 'bundle_173415', 'total_delay': 1620, 'total_retransmissions': 2, 'final_path': ['mars_rover_1', 'mars_base', 'mars_orbiter_1', 'deep_space_relay_1', 'earth_relay_1', 'earth_station_1'], 'disruptions': 5, 'disrupted_links': [], 'avg_recovery_time': 1.4019782543182373, 'stored_bundles': 5, 'max_stored_bundles': 0, 'paths_attempted': 1, 'total_available_paths': 1, 'buffer_states': {'mars_base': 0, 'deep_space_relay_1': 0, 'earth_relay_1': 0}, 'total_storage_events': 5, 'recovery_attempts': 2, 'successful_recoveries': 5}
