2025-01-02 00:19:00,955 - INFO - Network Event - PathsFound: {'num_paths': 1, 'paths': [['mars_rover_1', 'mars_base', 'mars_orbiter_1', 'deep_space_relay_1', 'earth_relay_1', 'earth_station_1']], 'delays': {"['mars_rover_1', 'mars_base', 'mars_orbiter_1', 'deep_space_relay_1', 'earth_relay_1', 'earth_station_1']": 1620}}
2025-01-02 00:19:00,955 - INFO - Network Event - AttemptingPath: {'path': ['mars_rover_1', 'mars_base', 'mars_orbiter_1', 'deep_space_relay_1', 'earth_relay_1', 'earth_station_1'], 'bundle': 'bundle_001900', 'estimated_delay': 1620}
2025-01-02 00:19:00,955 - INFO - Network Event - DisruptionCheck: {'current_node': 'mars_rover_1', 'next_node': 'mars_base', 'error_rate': 0.3, 'disruption_rate': 0.3}
2025-01-02 00:19:00,955 - INFO - Bundle bundle_001900 - BundleStored at mars_rover_1
Details: {'reason': 'error', 'buffer_size': 1}
2025-01-02 00:19:00,956 - INFO - Bundle bundle_001900 - RecoveryAttempt at mars_rover_1 -> mars_base (Attempt 1/3)
2025-01-02 00:19:01,957 - INFO - Bundle bundle_001900 - RecoverySuccess at mars_rover_1 -> mars_base (Recovered after 1 attempts)
2025-01-02 00:19:01,957 - INFO - Bundle bundle_001900 - Transmission at mars_rover_1 -> mars_base (Success)
Details: {'delay': 60, 'total_delay': 60, 'distance': '100 km', 'retransmissions': 0}
2025-01-02 00:19:03,554 - INFO - Network Event - DisruptionCheck: {'current_node': 'mars_base', 'next_node': 'mars_orbiter_1', 'error_rate': 0.3, 'disruption_rate': 0.3}
2025-01-02 00:19:03,555 - INFO - Bundle bundle_001900 - Disruption at mars_base -> mars_orbiter_1 (Failed)
Details: {'delay': 180, 'distance': '400 km'}
2025-01-02 00:19:03,555 - INFO - Network Event - DisruptionCheck: {'current_node': 'mars_base', 'next_node': 'mars_orbiter_1', 'error_rate': 0.3, 'disruption_rate': 0.3}
2025-01-02 00:19:03,555 - INFO - Bundle bundle_001900 - Transmission at mars_base -> mars_orbiter_1 (Success)
Details: {'delay': 180, 'total_delay': 240, 'distance': '400 km', 'retransmissions': 0}
2025-01-02 00:19:05,133 - INFO - Network Event - DisruptionCheck: {'current_node': 'mars_orbiter_1', 'next_node': 'deep_space_relay_1', 'error_rate': 0.3, 'disruption_rate': 0.3}
2025-01-02 00:19:05,134 - INFO - Bundle bundle_001900 - BundleStored at mars_orbiter_1
Details: {'reason': 'disruption', 'buffer_size': 1}
2025-01-02 00:19:05,135 - INFO - Bundle bundle_001900 - RecoveryAttempt at mars_orbiter_1 -> deep_space_relay_1 (Attempt 1/3)
2025-01-02 00:19:06,136 - INFO - Bundle bundle_001900 - RecoverySuccess at mars_orbiter_1 -> deep_space_relay_1 (Recovered after 1 attempts)
2025-01-02 00:19:06,136 - INFO - Bundle bundle_001900 - Transmission at mars_orbiter_1 -> deep_space_relay_1 (Success)
Details: {'delay': 600, 'total_delay': 840, 'distance': '200M km', 'retransmissions': 0}
2025-01-02 00:19:07,714 - INFO - Network Event - DisruptionCheck: {'current_node': 'deep_space_relay_1', 'next_node': 'earth_relay_1', 'error_rate': 0.3, 'disruption_rate': 0.3}
2025-01-02 00:19:07,715 - INFO - Bundle bundle_001900 - BundleStored at deep_space_relay_1
Details: {'reason': 'error', 'buffer_size': 1}
2025-01-02 00:19:07,715 - INFO - Bundle bundle_001900 - RecoveryAttempt at deep_space_relay_1 -> earth_relay_1 (Attempt 1/3)
2025-01-02 00:19:08,716 - INFO - Bundle bundle_001900 - RecoverySuccess at deep_space_relay_1 -> earth_relay_1 (Recovered after 1 attempts)
2025-01-02 00:19:08,717 - INFO - Bundle bundle_001900 - Disruption at deep_space_relay_1 -> earth_relay_1 (Failed)
Details: {'delay': 600, 'distance': '50M km'}
2025-01-02 00:19:08,717 - INFO - Network Event - DisruptionCheck: {'current_node': 'deep_space_relay_1', 'next_node': 'earth_relay_1', 'error_rate': 0.3, 'disruption_rate': 0.3}
2025-01-02 00:19:08,717 - INFO - Bundle bundle_001900 - BundleStored at deep_space_relay_1
Details: {'reason': 'error', 'buffer_size': 1}
2025-01-02 00:19:08,717 - INFO - Bundle bundle_001900 - RecoveryAttempt at deep_space_relay_1 -> earth_relay_1 (Attempt 1/3)
2025-01-02 00:19:09,719 - INFO - Bundle bundle_001900 - RecoverySuccess at deep_space_relay_1 -> earth_relay_1 (Recovered after 1 attempts)
2025-01-02 00:19:09,720 - INFO - Bundle bundle_001900 - Transmission at deep_space_relay_1 -> earth_relay_1 (Success)
Details: {'delay': 600, 'total_delay': 1440, 'distance': '50M km', 'retransmissions': 0}
2025-01-02 00:19:11,294 - INFO - Network Event - DisruptionCheck: {'current_node': 'earth_relay_1', 'next_node': 'earth_station_1', 'error_rate': 0.3, 'disruption_rate': 0.3}
2025-01-02 00:19:11,295 - INFO - Bundle bundle_001900 - BundleStored at earth_relay_1
Details: {'reason': 'disruption', 'buffer_size': 1}
2025-01-02 00:19:11,295 - INFO - Bundle bundle_001900 - RecoveryAttempt at earth_relay_1 -> earth_station_1 (Attempt 1/3)
2025-01-02 00:19:12,297 - INFO - Bundle bundle_001900 - RecoverySuccess at earth_relay_1 -> earth_station_1 (Recovered after 1 attempts)
2025-01-02 00:19:12,297 - INFO - Bundle bundle_001900 - Transmission at earth_relay_1 -> earth_station_1 (Success)
Details: {'delay': 180, 'total_delay': 1620, 'distance': '400 km', 'retransmissions': 0}
2025-01-02 00:19:13,872 - INFO - Network Event - SimulationComplete: {'bundle_id': 'bundle_001900', 'total_delay': 1620, 'total_retransmissions': 0, 'final_path': ['mars_rover_1', 'mars_base', 'mars_orbiter_1', 'deep_space_relay_1', 'earth_relay_1', 'earth_station_1'], 'disruptions': 5, 'disrupted_links': [('mars_base', 'mars_orbiter_1')], 'avg_recovery_time': 1.0011945724487306, 'stored_bundles': 5, 'max_stored_bundles': 0, 'paths_attempted': 1, 'total_available_paths': 1, 'buffer_states': {'mars_rover_1': 0, 'mars_orbiter_1': 0, 'deep_space_relay_1': 0, 'earth_relay_1': 0}, 'total_storage_events': 5, 'recovery_attempts': 0, 'successful_recoveries': 5}
