2025-01-05 17:55:04,656 - INFO - Network Event - AttemptingPath: {'path': ['mars_rover_1', 'mars_base', 'mars_orbiter_1', 'deep_space_relay_1', 'earth_relay_1', 'earth_station_1'], 'bundle': 'bundle_175504', 'estimated_delay': 1620}
2025-01-05 17:55:04,657 - INFO - Network Event - DisruptionCheck: {'current_node': 'mars_rover_1', 'next_node': 'mars_base', 'error_rate': 0.3, 'disruption_rate': 0.3}
2025-01-05 17:55:04,657 - INFO - Bundle bundle_175504 - Transmission at mars_rover_1 -> mars_base (Success)
Details: {'delay': 60, 'total_delay': 60, 'distance': '100 km', 'retransmissions': 0}
2025-01-05 17:55:06,265 - INFO - Network Event - DisruptionCheck: {'current_node': 'mars_base', 'next_node': 'mars_orbiter_1', 'error_rate': 0.3, 'disruption_rate': 0.3}
2025-01-05 17:55:06,266 - INFO - Bundle bundle_175504 - BundleStored at mars_base
Details: {'reason': 'error', 'buffer_size': 1}
2025-01-05 17:55:06,266 - INFO - Bundle bundle_175504 - RecoveryAttempt at mars_base -> mars_orbiter_1 (Attempt 1/3)
2025-01-05 17:55:07,267 - INFO - Bundle bundle_175504 - RecoverySuccess at mars_base -> mars_orbiter_1 (Recovered after 1 attempts)
2025-01-05 17:55:07,268 - INFO - Bundle bundle_175504 - Transmission at mars_base -> mars_orbiter_1 (Success)
Details: {'delay': 180, 'total_delay': 240, 'distance': '400 km', 'retransmissions': 0}
2025-01-05 17:55:08,853 - INFO - Network Event - DisruptionCheck: {'current_node': 'mars_orbiter_1', 'next_node': 'deep_space_relay_1', 'error_rate': 0.3, 'disruption_rate': 0.3}
2025-01-05 17:55:08,854 - INFO - Bundle bundle_175504 - BundleStored at mars_orbiter_1
Details: {'reason': 'error', 'buffer_size': 1}
2025-01-05 17:55:08,854 - INFO - Bundle bundle_175504 - RecoveryAttempt at mars_orbiter_1 -> deep_space_relay_1 (Attempt 1/3)
2025-01-05 17:55:09,855 - INFO - Bundle bundle_175504 - RecoverySuccess at mars_orbiter_1 -> deep_space_relay_1 (Recovered after 1 attempts)
2025-01-05 17:55:09,856 - INFO - Bundle bundle_175504 - Disruption at mars_orbiter_1 -> deep_space_relay_1 (Failed)
Details: {'delay': 600, 'distance': '200M km'}
2025-01-05 17:55:09,856 - INFO - Network Event - DisruptionCheck: {'current_node': 'mars_orbiter_1', 'next_node': 'deep_space_relay_1', 'error_rate': 0.3, 'disruption_rate': 0.3}
2025-01-05 17:55:09,856 - INFO - Bundle bundle_175504 - BundleStored at mars_orbiter_1
Details: {'reason': 'disruption', 'buffer_size': 1}
2025-01-05 17:55:09,856 - INFO - Bundle bundle_175504 - RecoveryAttempt at mars_orbiter_1 -> deep_space_relay_1 (Attempt 1/3)
2025-01-05 17:55:10,857 - INFO - Bundle bundle_175504 - RecoverySuccess at mars_orbiter_1 -> deep_space_relay_1 (Recovered after 1 attempts)
2025-01-05 17:55:10,858 - INFO - Bundle bundle_175504 - Transmission at mars_orbiter_1 -> deep_space_relay_1 (Success)
Details: {'delay': 600, 'total_delay': 840, 'distance': '200M km', 'retransmissions': 0}
2025-01-05 17:55:12,442 - INFO - Network Event - DisruptionCheck: {'current_node': 'deep_space_relay_1', 'next_node': 'earth_relay_1', 'error_rate': 0.3, 'disruption_rate': 0.3}
2025-01-05 17:55:12,443 - INFO - Bundle bundle_175504 - Transmission at deep_space_relay_1 -> earth_relay_1 (Success)
Details: {'delay': 600, 'total_delay': 1440, 'distance': '50M km', 'retransmissions': 0}
2025-01-05 17:55:14,027 - INFO - Network Event - DisruptionCheck: {'current_node': 'earth_relay_1', 'next_node': 'earth_station_1', 'error_rate': 0.3, 'disruption_rate': 0.3}
2025-01-05 17:55:14,028 - INFO - Bundle bundle_175504 - BundleStored at earth_relay_1
Details: {'reason': 'error', 'buffer_size': 1}
2025-01-05 17:55:14,028 - INFO - Bundle bundle_175504 - RecoveryAttempt at earth_relay_1 -> earth_station_1 (Attempt 1/3)
2025-01-05 17:55:15,030 - INFO - Bundle bundle_175504 - RecoverySuccess at earth_relay_1 -> earth_station_1 (Recovered after 1 attempts)
2025-01-05 17:55:15,030 - INFO - Bundle bundle_175504 - Transmission at earth_relay_1 -> earth_station_1 (Success)
Details: {'delay': 180, 'total_delay': 1620, 'distance': '400 km', 'retransmissions': 0}
2025-01-05 17:55:16,617 - INFO - Network Event - SimulationComplete: {'bundle_id': 'bundle_175504', 'total_delay': 1620, 'total_retransmissions': 0, 'final_path': ['mars_rover_1', 'mars_rover_2', 'mars_base', 'mars_orbiter_1', 'deep_space_relay_1', 'earth_relay_1', 'earth_station_1'], 'disruptions': 4, 'disrupted_links': [], 'avg_recovery_time': 1.001229703426361, 'stored_bundles': 4, 'max_stored_bundles': 0, 'paths_attempted': 2, 'total_available_paths': 3, 'buffer_states': {'mars_base': 0, 'mars_orbiter_1': 0, 'earth_relay_1': 0}, 'total_storage_events': 4, 'recovery_attempts': 0, 'successful_recoveries': 4, 'simulation_timestamp': '2025-01-05 17:55:16', 'source': 'mars_rover_1', 'destination': 'earth_station_1', 'message': 'Hello from mars_rover_1!'}
