2025-01-05 18:49:12,355 - INFO - Network Event - LinkDisrupted: Link disrupted: mars_base -> mars_orbiter_1
2025-01-05 18:49:12,357 - INFO - Network Event - NewPath: Found new path from mars_base: ['mars_base', 'mars_orbiter_2', 'deep_space_relay_2', 'earth_relay_2', 'earth_station_2', 'earth_station_1']
2025-01-05 18:49:12,934 - INFO - Network Event - LinkDisrupted: Link disrupted: mars_base -> mars_orbiter_2
2025-01-05 18:49:12,938 - INFO - Network Event - RetryingLinks: No alternative paths available, attempting to retry disrupted links...
2025-01-05 18:49:12,938 - INFO - Network Event - RetryAttempt: Retry attempt 1/3
2025-01-05 18:49:13,939 - INFO - Network Event - LinkRecovered: Link recovered: mars_base -> mars_orbiter_2
2025-01-05 18:49:13,944 - INFO - Network Event - NewPathAfterRecovery: Found new path after recovery: ['mars_base', 'mars_orbiter_1', 'deep_space_relay_1', 'earth_relay_1', 'earth_station_1']
2025-01-05 18:49:16,685 - INFO - Network Event - LinkDisrupted: Link disrupted: deep_space_relay_1 -> earth_relay_1
2025-01-05 18:49:16,687 - INFO - Network Event - RetryingLinks: No alternative paths available, attempting to retry disrupted links...
2025-01-05 18:49:16,687 - INFO - Network Event - RetryAttempt: Retry attempt 1/3
2025-01-05 18:49:17,689 - INFO - Network Event - RetryAttempt: Retry attempt 2/3
2025-01-05 18:49:18,691 - INFO - Network Event - RetryAttempt: Retry attempt 3/3
2025-01-05 18:49:19,692 - INFO - Network Event - LinkRecovered: Link recovered: deep_space_relay_1 -> earth_relay_1
2025-01-05 18:49:19,695 - INFO - Network Event - NewPathAfterRecovery: Found new path after recovery: ['deep_space_relay_1', 'earth_relay_1', 'earth_station_1']
2025-01-05 18:49:20,272 - INFO - Network Event - LinkDisrupted: Link disrupted: deep_space_relay_1 -> earth_relay_1
2025-01-05 18:49:20,275 - INFO - Network Event - RetryingLinks: No alternative paths available, attempting to retry disrupted links...
2025-01-05 18:49:20,275 - INFO - Network Event - RetryAttempt: Retry attempt 1/3
2025-01-05 18:49:21,276 - INFO - Network Event - RetryAttempt: Retry attempt 2/3
2025-01-05 18:49:22,278 - INFO - Network Event - RetryAttempt: Retry attempt 3/3
2025-01-05 18:49:23,280 - INFO - Network Event - LinkRecovered: Link recovered: deep_space_relay_1 -> earth_relay_1
2025-01-05 18:49:23,282 - INFO - Network Event - NewPathAfterRecovery: Found new path after recovery: ['deep_space_relay_1', 'earth_relay_1', 'earth_station_1']
2025-01-05 18:49:24,919 - INFO - Network Event - LinkDisrupted: Link disrupted: earth_relay_1 -> earth_station_1
2025-01-05 18:49:24,921 - INFO - Network Event - NewPath: Found new path from earth_relay_1: ['earth_relay_1', 'earth_relay_2', 'earth_station_2', 'earth_station_1']
2025-01-05 18:49:27,688 - INFO - Network Event - LinkDisrupted: Link disrupted: earth_station_2 -> earth_station_1
2025-01-05 18:49:27,691 - INFO - Network Event - NewPath: Found new path from earth_station_2: ['earth_station_2', 'earth_relay_2', 'earth_relay_1', 'earth_station_1']
2025-01-05 18:49:28,271 - INFO - Network Event - LinkDisrupted: Link disrupted: earth_station_2 -> earth_relay_2
2025-01-05 18:49:28,273 - INFO - Network Event - RetryingLinks: No alternative paths available, attempting to retry disrupted links...
2025-01-05 18:49:28,273 - INFO - Network Event - RetryAttempt: Retry attempt 1/3
2025-01-05 18:49:29,274 - INFO - Network Event - RetryAttempt: Retry attempt 2/3
2025-01-05 18:49:30,277 - INFO - Network Event - LinkRecovered: Link recovered: earth_station_2 -> earth_relay_2
2025-01-05 18:49:30,278 - INFO - Network Event - NewPathAfterRecovery: Found new path after recovery: ['earth_station_2', 'earth_station_1']
2025-01-05 18:49:31,935 - INFO - Network Event - SimulationComplete: Simulation completed: Delivered
