2025-01-05 18:56:28,630 - INFO - Network Event - LinkDisrupted: Link disrupted: mars_base -> mars_orbiter_1
2025-01-05 18:56:28,631 - INFO - Network Event - NewPath: Found new path from mars_base: ['mars_base', 'mars_orbiter_2', 'deep_space_relay_2', 'earth_relay_2', 'earth_station_2', 'earth_station_1']
2025-01-05 18:56:29,184 - INFO - Network Event - LinkDisrupted: Link disrupted: mars_base -> mars_orbiter_2
2025-01-05 18:56:29,188 - INFO - Network Event - RetryingLinks: No alternative paths available, attempting to retry disrupted links...
2025-01-05 18:56:29,188 - INFO - Network Event - RetryAttempt: Retry attempt 1/3
2025-01-05 18:56:30,190 - INFO - Network Event - LinkRecovered: Link recovered: mars_base -> mars_orbiter_2
2025-01-05 18:56:30,193 - INFO - Network Event - NewPathAfterRecovery: Found new path after recovery: ['mars_base', 'mars_orbiter_1', 'deep_space_relay_1', 'earth_relay_1', 'earth_station_1']
2025-01-05 18:56:30,774 - INFO - Network Event - LinkDisrupted: Link disrupted: mars_base -> mars_orbiter_1
2025-01-05 18:56:30,775 - INFO - Network Event - NewPath: Found new path from mars_base: ['mars_base', 'mars_orbiter_2', 'deep_space_relay_2', 'earth_relay_2', 'earth_station_2', 'earth_station_1']
2025-01-05 18:56:32,412 - INFO - Network Event - LinkDisrupted: Link disrupted: mars_orbiter_2 -> deep_space_relay_2
2025-01-05 18:56:32,415 - INFO - Network Event - RetryingLinks: No alternative paths available, attempting to retry disrupted links...
2025-01-05 18:56:32,415 - INFO - Network Event - RetryAttempt: Retry attempt 1/3
2025-01-05 18:56:33,420 - INFO - Network Event - LinkRecovered: Link recovered: mars_orbiter_2 -> deep_space_relay_2
2025-01-05 18:56:33,422 - INFO - Network Event - NewPathAfterRecovery: Found new path after recovery: ['mars_orbiter_2', 'deep_space_relay_2', 'earth_relay_2', 'earth_station_2', 'earth_station_1']
2025-01-05 18:56:34,013 - INFO - Network Event - LinkDisrupted: Link disrupted: mars_orbiter_2 -> deep_space_relay_2
2025-01-05 18:56:34,015 - INFO - Network Event - RetryingLinks: No alternative paths available, attempting to retry disrupted links...
2025-01-05 18:56:34,016 - INFO - Network Event - RetryAttempt: Retry attempt 1/3
2025-01-05 18:56:35,017 - INFO - Network Event - RetryAttempt: Retry attempt 2/3
2025-01-05 18:56:36,018 - INFO - Network Event - RetryAttempt: Retry attempt 3/3
2025-01-05 18:56:37,019 - INFO - Network Event - LinkRecovered: Link recovered: mars_orbiter_2 -> deep_space_relay_2
2025-01-05 18:56:37,021 - INFO - Network Event - NewPathAfterRecovery: Found new path after recovery: ['mars_orbiter_2', 'deep_space_relay_2', 'earth_relay_2', 'earth_station_2', 'earth_station_1']
2025-01-05 18:56:38,685 - INFO - Network Event - LinkDisrupted: Link disrupted: deep_space_relay_2 -> earth_relay_2
2025-01-05 18:56:38,688 - INFO - Network Event - RetryingLinks: No alternative paths available, attempting to retry disrupted links...
2025-01-05 18:56:38,688 - INFO - Network Event - RetryAttempt: Retry attempt 1/3
2025-01-05 18:56:39,689 - INFO - Network Event - LinkRecovered: Link recovered: deep_space_relay_2 -> earth_relay_2
2025-01-05 18:56:39,692 - INFO - Network Event - NewPathAfterRecovery: Found new path after recovery: ['deep_space_relay_2', 'earth_relay_2', 'earth_station_2', 'earth_station_1']
2025-01-05 18:56:40,299 - INFO - Network Event - LinkDisrupted: Link disrupted: deep_space_relay_2 -> earth_relay_2
2025-01-05 18:56:40,302 - INFO - Network Event - RetryingLinks: No alternative paths available, attempting to retry disrupted links...
2025-01-05 18:56:40,302 - INFO - Network Event - RetryAttempt: Retry attempt 1/3
2025-01-05 18:56:41,303 - INFO - Network Event - LinkRecovered: Link recovered: deep_space_relay_2 -> earth_relay_2
2025-01-05 18:56:41,306 - INFO - Network Event - NewPathAfterRecovery: Found new path after recovery: ['deep_space_relay_2', 'earth_relay_2', 'earth_station_2', 'earth_station_1']
2025-01-05 18:56:41,889 - INFO - Network Event - LinkDisrupted: Link disrupted: deep_space_relay_2 -> earth_relay_2
2025-01-05 18:56:41,892 - INFO - Network Event - RetryingLinks: No alternative paths available, attempting to retry disrupted links...
2025-01-05 18:56:41,893 - INFO - Network Event - RetryAttempt: Retry attempt 1/3
2025-01-05 18:56:42,894 - INFO - Network Event - LinkRecovered: Link recovered: deep_space_relay_2 -> earth_relay_2
2025-01-05 18:56:42,896 - INFO - Network Event - NewPathAfterRecovery: Found new path after recovery: ['deep_space_relay_2', 'earth_relay_2', 'earth_station_2', 'earth_station_1']
2025-01-05 18:56:44,542 - INFO - Network Event - LinkDisrupted: Link disrupted: earth_relay_2 -> earth_station_2
2025-01-05 18:56:44,545 - INFO - Network Event - NewPath: Found new path from earth_relay_2: ['earth_relay_2', 'earth_relay_1', 'earth_station_1']
2025-01-05 18:56:45,126 - INFO - Network Event - LinkDisrupted: Link disrupted: earth_relay_2 -> earth_relay_1
2025-01-05 18:56:45,127 - INFO - Network Event - NewPath: Found new path from earth_relay_2: ['earth_relay_2', 'earth_relay_3', 'earth_station_1']
2025-01-05 18:56:47,821 - INFO - Network Event - SimulationComplete: Simulation completed: Delivered
