2025-01-05 18:02:50,186 - INFO - Network Event - DisruptionCheck: {'current_node': 'mars_rover_1', 'next_node': 'mars_base', 'error_rate': 0.3, 'disruption_rate': 0.3}
2025-01-05 18:02:50,187 - INFO - Bundle bundle_180249 - Transmission at mars_rover_1 -> mars_base (Success)
Details: {'delay': 60, 'total_delay': 60, 'distance': '100 km', 'retransmissions': 0}
2025-01-05 18:02:51,772 - INFO - Network Event - DisruptionCheck: {'current_node': 'mars_base', 'next_node': 'mars_orbiter_1', 'error_rate': 0.3, 'disruption_rate': 0.3}
2025-01-05 18:02:52,359 - INFO - Network Event - DisruptionCheck: {'current_node': 'mars_base', 'next_node': 'mars_orbiter_1', 'error_rate': 0.3, 'disruption_rate': 0.3}
2025-01-05 18:02:52,360 - INFO - Bundle bundle_180249 - Transmission at mars_base -> mars_orbiter_1 (Success)
Details: {'delay': 180, 'total_delay': 240, 'distance': '400 km', 'retransmissions': 0}
2025-01-05 18:02:53,943 - INFO - Network Event - DisruptionCheck: {'current_node': 'mars_orbiter_1', 'next_node': 'deep_space_relay_1', 'error_rate': 0.3, 'disruption_rate': 0.3}
2025-01-05 18:02:54,527 - INFO - Network Event - DisruptionCheck: {'current_node': 'mars_orbiter_1', 'next_node': 'deep_space_relay_1', 'error_rate': 0.3, 'disruption_rate': 0.3}
2025-01-05 18:02:54,527 - INFO - Bundle bundle_180249 - Transmission at mars_orbiter_1 -> deep_space_relay_1 (Success)
Details: {'delay': 600, 'total_delay': 840, 'distance': '200M km', 'retransmissions': 0}
2025-01-05 18:02:56,110 - INFO - Network Event - DisruptionCheck: {'current_node': 'deep_space_relay_1', 'next_node': 'earth_relay_1', 'error_rate': 0.3, 'disruption_rate': 0.3}
2025-01-05 18:02:56,698 - INFO - Network Event - DisruptionCheck: {'current_node': 'deep_space_relay_1', 'next_node': 'earth_relay_1', 'error_rate': 0.3, 'disruption_rate': 0.3}
2025-01-05 18:02:56,698 - INFO - Bundle bundle_180249 - Disruption at deep_space_relay_1 -> earth_relay_1 (Failed)
Details: {'delay': 600, 'distance': '50M km'}
2025-01-05 18:02:56,698 - INFO - Network Event - DisruptionCheck: {'current_node': 'deep_space_relay_1', 'next_node': 'earth_relay_1', 'error_rate': 0.3, 'disruption_rate': 0.3}
2025-01-05 18:02:57,283 - INFO - Network Event - DisruptionCheck: {'current_node': 'deep_space_relay_1', 'next_node': 'earth_relay_1', 'error_rate': 0.3, 'disruption_rate': 0.3}
2025-01-05 18:02:57,868 - INFO - Network Event - DisruptionCheck: {'current_node': 'deep_space_relay_1', 'next_node': 'earth_relay_1', 'error_rate': 0.3, 'disruption_rate': 0.3}
2025-01-05 18:02:58,481 - INFO - Network Event - DisruptionCheck: {'current_node': 'deep_space_relay_1', 'next_node': 'earth_relay_1', 'error_rate': 0.3, 'disruption_rate': 0.3}
2025-01-05 18:02:59,069 - INFO - Network Event - DisruptionCheck: {'current_node': 'deep_space_relay_1', 'next_node': 'earth_relay_1', 'error_rate': 0.3, 'disruption_rate': 0.3}
2025-01-05 18:02:59,620 - INFO - Network Event - DisruptionCheck: {'current_node': 'deep_space_relay_1', 'next_node': 'earth_relay_1', 'error_rate': 0.3, 'disruption_rate': 0.3}
2025-01-05 18:02:59,621 - INFO - Bundle bundle_180249 - Transmission at deep_space_relay_1 -> earth_relay_1 (Success)
Details: {'delay': 600, 'total_delay': 1440, 'distance': '50M km', 'retransmissions': 0}
2025-01-05 18:03:01,205 - INFO - Network Event - DisruptionCheck: {'current_node': 'earth_relay_1', 'next_node': 'earth_station_1', 'error_rate': 0.3, 'disruption_rate': 0.3}
2025-01-05 18:03:01,768 - INFO - Network Event - DisruptionCheck: {'current_node': 'earth_relay_1', 'next_node': 'earth_station_1', 'error_rate': 0.3, 'disruption_rate': 0.3}
2025-01-05 18:03:02,355 - INFO - Network Event - DisruptionCheck: {'current_node': 'earth_relay_1', 'next_node': 'earth_station_1', 'error_rate': 0.3, 'disruption_rate': 0.3}
2025-01-05 18:03:02,942 - INFO - Network Event - DisruptionCheck: {'current_node': 'earth_relay_1', 'next_node': 'earth_station_1', 'error_rate': 0.3, 'disruption_rate': 0.3}
2025-01-05 18:03:03,526 - INFO - Network Event - DisruptionCheck: {'current_node': 'earth_relay_1', 'next_node': 'earth_station_1', 'error_rate': 0.3, 'disruption_rate': 0.3}
2025-01-05 18:03:03,526 - INFO - Bundle bundle_180249 - Disruption at earth_relay_1 -> earth_station_1 (Failed)
Details: {'delay': 180, 'distance': '400 km'}
2025-01-05 18:03:03,526 - INFO - Network Event - DisruptionCheck: {'current_node': 'earth_relay_1', 'next_node': 'earth_station_1', 'error_rate': 0.3, 'disruption_rate': 0.3}
2025-01-05 18:03:03,526 - INFO - Bundle bundle_180249 - Transmission at earth_relay_1 -> earth_station_1 (Success)
Details: {'delay': 180, 'total_delay': 1620, 'distance': '400 km', 'retransmissions': 0}
