2025-01-01 23:51:29,399 - INFO - Network Event - PathsFound: {'num_paths': 1, 'paths': [['mars_rover_1', 'mars_base', 'mars_orbiter_1', 'deep_space_relay_1', 'earth_relay_1', 'earth_station_1']], 'delays': {"['mars_rover_1', 'mars_base', 'mars_orbiter_1', 'deep_space_relay_1', 'earth_relay_1', 'earth_station_1']": 1620}}
2025-01-01 23:51:29,400 - INFO - Network Event - AttemptingPath: {'path': ['mars_rover_1', 'mars_base', 'mars_orbiter_1', 'deep_space_relay_1', 'earth_relay_1', 'earth_station_1'], 'bundle': 'bundle_235129', 'estimated_delay': 1620}
2025-01-01 23:51:29,400 - INFO - Bundle bundle_235129 - Transmission at mars_rover_1 -> mars_base (Success)
Details: {'delay': 60, 'total_delay': 60, 'distance': '100 km', 'retransmissions': 0}
2025-01-01 23:51:30,996 - INFO - Bundle bundle_235129 - Disruption at mars_base -> mars_orbiter_1 (Failed)
Details: {'delay': 180, 'distance': '400 km'}
2025-01-01 23:51:30,997 - INFO - Bundle bundle_235129 - RetryingDisruptedLink at mars_base -> mars_orbiter_1 (Attempt 1/3)
2025-01-01 23:51:30,997 - INFO - Bundle bundle_235129 - StoredBundle at mars_base
Details: {'buffer_size': 1}
2025-01-01 23:51:33,574 - INFO - Bundle bundle_235129 - RetryingDisruptedLink at mars_base -> mars_orbiter_1 (Attempt 2/3)
2025-01-01 23:51:35,576 - INFO - Bundle bundle_235129 - LinkRecovered at mars_base -> mars_orbiter_1
2025-01-01 23:51:35,577 - INFO - Bundle bundle_235129 - Transmission at mars_base -> mars_orbiter_1 (Success)
Details: {'delay': 180, 'total_delay': 240, 'distance': '400 km', 'retransmissions': 1}
2025-01-01 23:51:37,154 - INFO - Bundle bundle_235129 - Disruption at mars_orbiter_1 -> deep_space_relay_1 (Failed)
Details: {'delay': 600, 'distance': '200M km'}
2025-01-01 23:51:37,155 - INFO - Bundle bundle_235129 - RetryingDisruptedLink at mars_orbiter_1 -> deep_space_relay_1 (Attempt 1/3)
2025-01-01 23:51:37,155 - INFO - Bundle bundle_235129 - StoredBundle at mars_orbiter_1
Details: {'buffer_size': 1}
2025-01-01 23:51:39,156 - INFO - Bundle bundle_235129 - LinkRecovered at mars_orbiter_1 -> deep_space_relay_1
2025-01-01 23:51:39,157 - INFO - Bundle bundle_235129 - Transmission at mars_orbiter_1 -> deep_space_relay_1 (Success)
Details: {'delay': 600, 'total_delay': 840, 'distance': '200M km', 'retransmissions': 1}
2025-01-01 23:51:40,734 - INFO - Bundle bundle_235129 - Transmission at deep_space_relay_1 -> earth_relay_1 (Success)
Details: {'delay': 600, 'total_delay': 1440, 'distance': '50M km', 'retransmissions': 1}
2025-01-01 23:51:42,312 - INFO - Bundle bundle_235129 - Transmission at earth_relay_1 -> earth_station_1 (Success)
Details: {'delay': 180, 'total_delay': 1620, 'distance': '400 km', 'retransmissions': 1}
2025-01-01 23:51:43,900 - INFO - Network Event - SimulationComplete: {'bundle_id': 'bundle_235129', 'total_delay': 1620, 'total_retransmissions': 1, 'final_path': ['mars_rover_1', 'mars_base', 'mars_orbiter_1', 'deep_space_relay_1', 'earth_relay_1', 'earth_station_1'], 'disruptions': 0, 'paths_attempted': 1, 'total_available_paths': 1, 'max_stored_bundles': 0}
