2025-01-02 00:08:10,010 - INFO - Network Event - PathsFound: {'num_paths': 1, 'paths': [['mars_rover_1', 'mars_base', 'mars_orbiter_1', 'deep_space_relay_1', 'earth_relay_1', 'earth_station_1']], 'delays': {"['mars_rover_1', 'mars_base', 'mars_orbiter_1', 'deep_space_relay_1', 'earth_relay_1', 'earth_station_1']": 1620}}
2025-01-02 00:08:10,011 - INFO - Network Event - AttemptingPath: {'path': ['mars_rover_1', 'mars_base', 'mars_orbiter_1', 'deep_space_relay_1', 'earth_relay_1', 'earth_station_1'], 'bundle': 'bundle_000810', 'estimated_delay': 1620}
2025-01-02 00:08:10,011 - INFO - Bundle bundle_000810 - Disruption at mars_rover_1 -> mars_base (Failed)
Details: {'delay': 60, 'distance': '100 km'}
2025-01-02 00:08:10,011 - INFO - Bundle bundle_000810 - RetryingDisruptedLink at mars_rover_1 -> mars_base (Attempt 1/3)
2025-01-02 00:08:10,011 - INFO - Bundle bundle_000810 - StoredBundle at mars_rover_1
Details: {'buffer_size': 1}
2025-01-02 00:08:12,583 - INFO - Bundle bundle_000810 - RetryingDisruptedLink at mars_rover_1 -> mars_base (Attempt 2/3)
2025-01-02 00:08:15,161 - INFO - Bundle bundle_000810 - RetryingDisruptedLink at mars_rover_1 -> mars_base (Attempt 3/3)
2025-01-02 00:08:17,163 - INFO - Bundle bundle_000810 - LinkRecovered at mars_rover_1 -> mars_base
2025-01-02 00:08:17,164 - INFO - Bundle bundle_000810 - Disruption at mars_rover_1 -> mars_base (Failed)
Details: {'delay': 60, 'distance': '100 km'}
2025-01-02 00:08:17,164 - INFO - Bundle bundle_000810 - RetryingDisruptedLink at mars_rover_1 -> mars_base (Attempt 1/3)
2025-01-02 00:08:17,164 - INFO - Bundle bundle_000810 - StoredBundle at mars_rover_1
Details: {'buffer_size': 1}
2025-01-02 00:08:19,742 - INFO - Bundle bundle_000810 - RetryingDisruptedLink at mars_rover_1 -> mars_base (Attempt 2/3)
2025-01-02 00:08:22,291 - INFO - Bundle bundle_000810 - RetryingDisruptedLink at mars_rover_1 -> mars_base (Attempt 3/3)
2025-01-02 00:08:24,869 - INFO - Network Event - AttemptingPath: {'path': ['mars_rover_1', 'mars_base', 'mars_orbiter_1', 'deep_space_relay_1', 'earth_relay_1', 'earth_station_1'], 'bundle': 'bundle_000810', 'estimated_delay': 1620}
2025-01-02 00:08:24,870 - INFO - Bundle bundle_000810 - RetryingDisruptedLink at mars_rover_1 -> mars_base (Attempt 1/3)
2025-01-02 00:08:27,449 - INFO - Bundle bundle_000810 - RetryingDisruptedLink at mars_rover_1 -> mars_base (Attempt 2/3)
2025-01-02 00:08:29,451 - INFO - Bundle bundle_000810 - LinkRecovered at mars_rover_1 -> mars_base
2025-01-02 00:08:29,452 - INFO - Bundle bundle_000810 - Disruption at mars_rover_1 -> mars_base (Failed)
Details: {'delay': 60, 'distance': '100 km'}
2025-01-02 00:08:29,452 - INFO - Bundle bundle_000810 - RetryingDisruptedLink at mars_rover_1 -> mars_base (Attempt 1/3)
2025-01-02 00:08:29,452 - INFO - Bundle bundle_000810 - StoredBundle at mars_rover_1
Details: {'buffer_size': 1}
2025-01-02 00:08:32,028 - INFO - Bundle bundle_000810 - RetryingDisruptedLink at mars_rover_1 -> mars_base (Attempt 2/3)
2025-01-02 00:08:34,606 - INFO - Bundle bundle_000810 - RetryingDisruptedLink at mars_rover_1 -> mars_base (Attempt 3/3)
2025-01-02 00:08:37,186 - INFO - Network Event - AttemptingPath: {'path': ['mars_rover_1', 'mars_base', 'mars_orbiter_1', 'deep_space_relay_1', 'earth_relay_1', 'earth_station_1'], 'bundle': 'bundle_000810', 'estimated_delay': 1620}
2025-01-02 00:08:37,187 - INFO - Bundle bundle_000810 - RetryingDisruptedLink at mars_rover_1 -> mars_base (Attempt 1/3)
2025-01-02 00:08:39,797 - INFO - Bundle bundle_000810 - RetryingDisruptedLink at mars_rover_1 -> mars_base (Attempt 2/3)
2025-01-02 00:08:42,353 - INFO - Bundle bundle_000810 - RetryingDisruptedLink at mars_rover_1 -> mars_base (Attempt 3/3)
