2025-01-02 00:35:06,109 - INFO - Network Event - PathsFound: {'num_paths': 1, 'paths': [['mars_rover_1', 'mars_base', 'mars_orbiter_1', 'deep_space_relay_1', 'earth_relay_1', 'earth_station_1']], 'delays': {"['mars_rover_1', 'mars_base', 'mars_orbiter_1', 'deep_space_relay_1', 'earth_relay_1', 'earth_station_1']": 1620}}
2025-01-02 00:35:06,109 - INFO - Network Event - AttemptingPath: {'path': ['mars_rover_1', 'mars_base', 'mars_orbiter_1', 'deep_space_relay_1', 'earth_relay_1', 'earth_station_1'], 'bundle': 'bundle_003506', 'estimated_delay': 1620}
2025-01-02 00:35:06,109 - INFO - Network Event - DisruptionCheck: {'current_node': 'mars_rover_1', 'next_node': 'mars_base', 'error_rate': 0.3, 'disruption_rate': 0.3}
2025-01-02 00:35:06,109 - INFO - Bundle bundle_003506 - BundleStored at mars_rover_1
Details: {'reason': 'disruption', 'buffer_size': 1}
2025-01-02 00:35:06,109 - INFO - Bundle bundle_003506 - RecoveryAttempt at mars_rover_1 -> mars_base (Attempt 1/3)
2025-01-02 00:35:07,111 - INFO - Bundle bundle_003506 - RecoverySuccess at mars_rover_1 -> mars_base (Recovered after 1 attempts)
2025-01-02 00:35:07,111 - INFO - Bundle bundle_003506 - Disruption at mars_rover_1 -> mars_base (Failed)
Details: {'delay': 60, 'distance': '100 km'}
2025-01-02 00:35:07,111 - INFO - Network Event - DisruptionCheck: {'current_node': 'mars_rover_1', 'next_node': 'mars_base', 'error_rate': 0.3, 'disruption_rate': 0.3}
2025-01-02 00:35:07,111 - INFO - Bundle bundle_003506 - BundleStored at mars_rover_1
Details: {'reason': 'error', 'buffer_size': 1}
2025-01-02 00:35:07,111 - INFO - Bundle bundle_003506 - RecoveryAttempt at mars_rover_1 -> mars_base (Attempt 1/3)
2025-01-02 00:35:08,113 - INFO - Bundle bundle_003506 - RecoverySuccess at mars_rover_1 -> mars_base (Recovered after 1 attempts)
2025-01-02 00:35:08,113 - INFO - Bundle bundle_003506 - Transmission at mars_rover_1 -> mars_base (Success)
Details: {'delay': 60, 'total_delay': 60, 'distance': '100 km', 'retransmissions': 0}
2025-01-02 00:35:09,692 - INFO - Network Event - DisruptionCheck: {'current_node': 'mars_base', 'next_node': 'mars_orbiter_1', 'error_rate': 0.3, 'disruption_rate': 0.3}
2025-01-02 00:35:09,692 - INFO - Bundle bundle_003506 - BundleStored at mars_base
Details: {'reason': 'error', 'buffer_size': 1}
2025-01-02 00:35:09,692 - INFO - Bundle bundle_003506 - RecoveryAttempt at mars_base -> mars_orbiter_1 (Attempt 1/3)
2025-01-02 00:35:10,694 - INFO - Bundle bundle_003506 - RecoveryAttempt at mars_base -> mars_orbiter_1 (Attempt 2/3)
2025-01-02 00:35:11,695 - INFO - Bundle bundle_003506 - RecoverySuccess at mars_base -> mars_orbiter_1 (Recovered after 2 attempts)
2025-01-02 00:35:11,696 - INFO - Bundle bundle_003506 - Transmission at mars_base -> mars_orbiter_1 (Success)
Details: {'delay': 180, 'total_delay': 240, 'distance': '400 km', 'retransmissions': 1}
2025-01-02 00:35:13,274 - INFO - Network Event - DisruptionCheck: {'current_node': 'mars_orbiter_1', 'next_node': 'deep_space_relay_1', 'error_rate': 0.3, 'disruption_rate': 0.3}
2025-01-02 00:35:13,275 - INFO - Bundle bundle_003506 - Disruption at mars_orbiter_1 -> deep_space_relay_1 (Failed)
Details: {'delay': 600, 'distance': '200M km'}
2025-01-02 00:35:13,275 - INFO - Network Event - DisruptionCheck: {'current_node': 'mars_orbiter_1', 'next_node': 'deep_space_relay_1', 'error_rate': 0.3, 'disruption_rate': 0.3}
2025-01-02 00:35:13,275 - INFO - Bundle bundle_003506 - Transmission at mars_orbiter_1 -> deep_space_relay_1 (Success)
Details: {'delay': 600, 'total_delay': 840, 'distance': '200M km', 'retransmissions': 1}
2025-01-02 00:35:14,846 - INFO - Network Event - DisruptionCheck: {'current_node': 'deep_space_relay_1', 'next_node': 'earth_relay_1', 'error_rate': 0.3, 'disruption_rate': 0.3}
2025-01-02 00:35:14,847 - INFO - Bundle bundle_003506 - Transmission at deep_space_relay_1 -> earth_relay_1 (Success)
Details: {'delay': 600, 'total_delay': 1440, 'distance': '50M km', 'retransmissions': 1}
2025-01-02 00:35:16,423 - INFO - Network Event - DisruptionCheck: {'current_node': 'earth_relay_1', 'next_node': 'earth_station_1', 'error_rate': 0.3, 'disruption_rate': 0.3}
2025-01-02 00:35:16,424 - INFO - Bundle bundle_003506 - Transmission at earth_relay_1 -> earth_station_1 (Success)
Details: {'delay': 180, 'total_delay': 1620, 'distance': '400 km', 'retransmissions': 1}
2025-01-02 00:35:18,001 - INFO - Network Event - SimulationComplete: {'bundle_id': 'bundle_003506', 'total_delay': 1620, 'total_retransmissions': 1, 'final_path': ['mars_rover_1', 'mars_base', 'mars_orbiter_1', 'deep_space_relay_1', 'earth_relay_1', 'earth_station_1'], 'disruptions': 3, 'disrupted_links': [('mars_orbiter_1', 'deep_space_relay_1')], 'avg_recovery_time': 1.3350680669148762, 'stored_bundles': 3, 'max_stored_bundles': 0, 'paths_attempted': 1, 'total_available_paths': 1, 'buffer_states': {'mars_rover_1': 0, 'mars_base': 0}, 'total_storage_events': 3, 'recovery_attempts': 1, 'successful_recoveries': 3}
