2025-01-05 17:20:55,528 - INFO - Network Event - PathsFound: {'num_paths': 1, 'paths': [['mars_rover_1', 'mars_base', 'mars_orbiter_1', 'deep_space_relay_1', 'earth_relay_1', 'earth_station_1']], 'delays': {"['mars_rover_1', 'mars_base', 'mars_orbiter_1', 'deep_space_relay_1', 'earth_relay_1', 'earth_station_1']": 1620}}
2025-01-05 17:20:55,529 - INFO - Network Event - AttemptingPath: {'path': ['mars_rover_1', 'mars_base', 'mars_orbiter_1', 'deep_space_relay_1', 'earth_relay_1', 'earth_station_1'], 'bundle': 'bundle_172055', 'estimated_delay': 1620}
2025-01-05 17:20:55,529 - INFO - Network Event - DisruptionCheck: {'current_node': 'mars_rover_1', 'next_node': 'mars_base', 'error_rate': 0.3, 'disruption_rate': 0.3}
2025-01-05 17:20:55,529 - INFO - Bundle bundle_172055 - BundleStored at mars_rover_1
Details: {'reason': 'disruption', 'buffer_size': 1}
2025-01-05 17:20:55,529 - INFO - Bundle bundle_172055 - RecoveryAttempt at mars_rover_1 -> mars_base (Attempt 1/3)
2025-01-05 17:20:56,530 - INFO - Bundle bundle_172055 - RecoverySuccess at mars_rover_1 -> mars_base (Recovered after 1 attempts)
2025-01-05 17:20:56,530 - INFO - Bundle bundle_172055 - Disruption at mars_rover_1 -> mars_base (Failed)
Details: {'delay': 60, 'distance': '100 km'}
2025-01-05 17:20:56,531 - INFO - Network Event - DisruptionCheck: {'current_node': 'mars_rover_1', 'next_node': 'mars_base', 'error_rate': 0.3, 'disruption_rate': 0.3}
2025-01-05 17:20:56,531 - INFO - Bundle bundle_172055 - Transmission at mars_rover_1 -> mars_base (Success)
Details: {'delay': 60, 'total_delay': 60, 'distance': '100 km', 'retransmissions': 0}
2025-01-05 17:20:58,092 - INFO - Network Event - DisruptionCheck: {'current_node': 'mars_base', 'next_node': 'mars_orbiter_1', 'error_rate': 0.3, 'disruption_rate': 0.3}
2025-01-05 17:20:58,093 - INFO - Bundle bundle_172055 - BundleStored at mars_base
Details: {'reason': 'disruption', 'buffer_size': 1}
2025-01-05 17:20:58,093 - INFO - Bundle bundle_172055 - RecoveryAttempt at mars_base -> mars_orbiter_1 (Attempt 1/3)
2025-01-05 17:20:59,094 - INFO - Bundle bundle_172055 - RecoverySuccess at mars_base -> mars_orbiter_1 (Recovered after 1 attempts)
2025-01-05 17:20:59,095 - INFO - Bundle bundle_172055 - Transmission at mars_base -> mars_orbiter_1 (Success)
Details: {'delay': 180, 'total_delay': 240, 'distance': '400 km', 'retransmissions': 0}
2025-01-05 17:21:00,650 - INFO - Network Event - DisruptionCheck: {'current_node': 'mars_orbiter_1', 'next_node': 'deep_space_relay_1', 'error_rate': 0.3, 'disruption_rate': 0.3}
2025-01-05 17:21:00,651 - INFO - Bundle bundle_172055 - BundleStored at mars_orbiter_1
Details: {'reason': 'error', 'buffer_size': 1}
2025-01-05 17:21:00,651 - INFO - Bundle bundle_172055 - RecoveryAttempt at mars_orbiter_1 -> deep_space_relay_1 (Attempt 1/3)
2025-01-05 17:21:01,652 - INFO - Bundle bundle_172055 - RecoverySuccess at mars_orbiter_1 -> deep_space_relay_1 (Recovered after 1 attempts)
2025-01-05 17:21:01,653 - INFO - Bundle bundle_172055 - Transmission at mars_orbiter_1 -> deep_space_relay_1 (Success)
Details: {'delay': 600, 'total_delay': 840, 'distance': '200M km', 'retransmissions': 0}
2025-01-05 17:21:03,225 - INFO - Network Event - DisruptionCheck: {'current_node': 'deep_space_relay_1', 'next_node': 'earth_relay_1', 'error_rate': 0.3, 'disruption_rate': 0.3}
2025-01-05 17:21:03,226 - INFO - Bundle bundle_172055 - Transmission at deep_space_relay_1 -> earth_relay_1 (Success)
Details: {'delay': 600, 'total_delay': 1440, 'distance': '50M km', 'retransmissions': 0}
2025-01-05 17:21:04,802 - INFO - Network Event - DisruptionCheck: {'current_node': 'earth_relay_1', 'next_node': 'earth_station_1', 'error_rate': 0.3, 'disruption_rate': 0.3}
2025-01-05 17:21:04,803 - INFO - Bundle bundle_172055 - Transmission at earth_relay_1 -> earth_station_1 (Success)
Details: {'delay': 180, 'total_delay': 1620, 'distance': '400 km', 'retransmissions': 0}
2025-01-05 17:21:06,384 - INFO - Network Event - SimulationComplete: {'bundle_id': 'bundle_172055', 'total_delay': 1620, 'total_retransmissions': 0, 'final_path': ['mars_rover_1', 'mars_base', 'mars_orbiter_1', 'deep_space_relay_1', 'earth_relay_1', 'earth_station_1'], 'disruptions': 3, 'disrupted_links': [('mars_rover_1', 'mars_base')], 'avg_recovery_time': 1.0011138916015625, 'stored_bundles': 3, 'max_stored_bundles': 0, 'paths_attempted': 1, 'total_available_paths': 1, 'buffer_states': {'mars_rover_1': 0, 'mars_base': 0, 'mars_orbiter_1': 0}, 'total_storage_events': 3, 'recovery_attempts': 0, 'successful_recoveries': 3}
