2025-01-05 19:28:54,761 - INFO - Network Event - SimulationComplete: Simulation completed: Delivered
2025-01-05 19:28:55,917 - INFO - Network Event - LinkDisrupted: Link disrupted: mars_rover_2 -> mars_base
2025-01-05 19:28:55,925 - INFO - Network Event - NewPath: Found new path from mars_rover_2: ['mars_rover_2', 'mars_rover_1', 'mars_base', 'mars_orbiter_2', 'deep_space_relay_2', 'earth_relay_2', 'earth_station_2']
2025-01-05 19:29:00,846 - INFO - Network Event - LinkDisrupted: Link disrupted: deep_space_relay_2 -> earth_relay_2
2025-01-05 19:29:00,849 - INFO - Network Event - RetryingLinks: No alternative paths available, attempting to retry disrupted links...
2025-01-05 19:29:00,849 - INFO - Network Event - RetryAttempt: Retry attempt 1/3
2025-01-05 19:29:01,851 - INFO - Network Event - RetryAttempt: Retry attempt 2/3
2025-01-05 19:29:02,853 - INFO - Network Event - LinkRecovered: Link recovered: deep_space_relay_2 -> earth_relay_2
2025-01-05 19:29:02,857 - INFO - Network Event - NewPathAfterRecovery: Found new path after recovery: ['deep_space_relay_2', 'earth_relay_2', 'earth_station_2']
2025-01-05 19:29:03,438 - INFO - Network Event - LinkDisrupted: Link disrupted: deep_space_relay_2 -> earth_relay_2
2025-01-05 19:29:03,440 - INFO - Network Event - RetryingLinks: No alternative paths available, attempting to retry disrupted links...
2025-01-05 19:29:03,440 - INFO - Network Event - RetryAttempt: Retry attempt 1/3
2025-01-05 19:29:04,441 - INFO - Network Event - RetryAttempt: Retry attempt 2/3
2025-01-05 19:29:05,443 - INFO - Network Event - LinkRecovered: Link recovered: deep_space_relay_2 -> earth_relay_2
2025-01-05 19:29:05,447 - INFO - Network Event - NewPathAfterRecovery: Found new path after recovery: ['deep_space_relay_2', 'earth_relay_2', 'earth_station_2']
2025-01-05 19:29:06,027 - INFO - Network Event - LinkDisrupted: Link disrupted: deep_space_relay_2 -> earth_relay_2
2025-01-05 19:29:06,028 - INFO - Network Event - RetryingLinks: No alternative paths available, attempting to retry disrupted links...
2025-01-05 19:29:06,028 - INFO - Network Event - RetryAttempt: Retry attempt 1/3
2025-01-05 19:29:07,029 - INFO - Network Event - RetryAttempt: Retry attempt 2/3
2025-01-05 19:29:08,031 - INFO - Network Event - LinkRecovered: Link recovered: deep_space_relay_2 -> earth_relay_2
2025-01-05 19:29:08,035 - INFO - Network Event - NewPathAfterRecovery: Found new path after recovery: ['deep_space_relay_2', 'earth_relay_2', 'earth_station_2']
2025-01-05 19:29:10,793 - INFO - Network Event - SimulationComplete: Simulation completed: Delivered
