2025-01-05 17:34:47,841 - INFO - Network Event - AttemptingPath: {'path': ['mars_rover_1', 'mars_base', 'mars_orbiter_1', 'deep_space_relay_1', 'earth_relay_1', 'earth_station_1'], 'bundle': 'bundle_173447', 'estimated_delay': 1620}
2025-01-05 17:34:47,841 - INFO - Network Event - DisruptionCheck: {'current_node': 'mars_rover_1', 'next_node': 'mars_base', 'error_rate': 0.3, 'disruption_rate': 0.3}
2025-01-05 17:34:47,841 - INFO - Bundle bundle_173447 - BundleStored at mars_rover_1
Details: {'reason': 'disruption', 'buffer_size': 1}
2025-01-05 17:34:47,841 - INFO - Bundle bundle_173447 - RecoveryAttempt at mars_rover_1 -> mars_base (Attempt 1/3)
2025-01-05 17:34:48,842 - INFO - Bundle bundle_173447 - RecoverySuccess at mars_rover_1 -> mars_base (Recovered after 1 attempts)
2025-01-05 17:34:48,843 - INFO - Bundle bundle_173447 - Disruption at mars_rover_1 -> mars_base (Failed)
Details: {'delay': 60, 'distance': '100 km'}
2025-01-05 17:34:48,843 - INFO - Network Event - DisruptionCheck: {'current_node': 'mars_rover_1', 'next_node': 'mars_base', 'error_rate': 0.3, 'disruption_rate': 0.3}
2025-01-05 17:34:48,843 - INFO - Bundle bundle_173447 - BundleStored at mars_rover_1
Details: {'reason': 'disruption', 'buffer_size': 1}
2025-01-05 17:34:48,843 - INFO - Bundle bundle_173447 - RecoveryAttempt at mars_rover_1 -> mars_base (Attempt 1/3)
2025-01-05 17:34:49,844 - INFO - Bundle bundle_173447 - RecoverySuccess at mars_rover_1 -> mars_base (Recovered after 1 attempts)
2025-01-05 17:34:49,845 - INFO - Bundle bundle_173447 - Transmission at mars_rover_1 -> mars_base (Success)
Details: {'delay': 60, 'total_delay': 60, 'distance': '100 km', 'retransmissions': 0}
2025-01-05 17:34:51,422 - INFO - Network Event - DisruptionCheck: {'current_node': 'mars_base', 'next_node': 'mars_orbiter_1', 'error_rate': 0.3, 'disruption_rate': 0.3}
2025-01-05 17:34:51,423 - INFO - Bundle bundle_173447 - Disruption at mars_base -> mars_orbiter_1 (Failed)
Details: {'delay': 180, 'distance': '400 km'}
2025-01-05 17:34:51,423 - INFO - Network Event - DisruptionCheck: {'current_node': 'mars_base', 'next_node': 'mars_orbiter_1', 'error_rate': 0.3, 'disruption_rate': 0.3}
2025-01-05 17:34:51,423 - INFO - Bundle bundle_173447 - Transmission at mars_base -> mars_orbiter_1 (Success)
Details: {'delay': 180, 'total_delay': 240, 'distance': '400 km', 'retransmissions': 0}
2025-01-05 17:34:53,008 - INFO - Network Event - DisruptionCheck: {'current_node': 'mars_orbiter_1', 'next_node': 'deep_space_relay_1', 'error_rate': 0.3, 'disruption_rate': 0.3}
2025-01-05 17:34:53,009 - INFO - Bundle bundle_173447 - BundleStored at mars_orbiter_1
Details: {'reason': 'error', 'buffer_size': 1}
2025-01-05 17:34:53,009 - INFO - Bundle bundle_173447 - RecoveryAttempt at mars_orbiter_1 -> deep_space_relay_1 (Attempt 1/3)
2025-01-05 17:34:54,010 - INFO - Bundle bundle_173447 - RecoverySuccess at mars_orbiter_1 -> deep_space_relay_1 (Recovered after 1 attempts)
2025-01-05 17:34:54,010 - INFO - Bundle bundle_173447 - Transmission at mars_orbiter_1 -> deep_space_relay_1 (Success)
Details: {'delay': 600, 'total_delay': 840, 'distance': '200M km', 'retransmissions': 0}
2025-01-05 17:34:55,559 - INFO - Network Event - DisruptionCheck: {'current_node': 'deep_space_relay_1', 'next_node': 'earth_relay_1', 'error_rate': 0.3, 'disruption_rate': 0.3}
2025-01-05 17:34:55,560 - INFO - Bundle bundle_173447 - BundleStored at deep_space_relay_1
Details: {'reason': 'error', 'buffer_size': 1}
2025-01-05 17:34:55,560 - INFO - Bundle bundle_173447 - RecoveryAttempt at deep_space_relay_1 -> earth_relay_1 (Attempt 1/3)
2025-01-05 17:34:56,562 - INFO - Bundle bundle_173447 - RecoveryAttempt at deep_space_relay_1 -> earth_relay_1 (Attempt 2/3)
2025-01-05 17:34:57,563 - INFO - Bundle bundle_173447 - RecoveryAttempt at deep_space_relay_1 -> earth_relay_1 (Attempt 3/3)
2025-01-05 17:34:58,564 - INFO - Bundle bundle_173447 - RecoveryFailed at deep_space_relay_1 -> earth_relay_1 (Max retries reached)
2025-01-05 17:34:58,564 - INFO - Network Event - AttemptingPath: {'path': ['mars_rover_1', 'mars_base', 'mars_orbiter_1', 'deep_space_relay_1', 'earth_relay_1', 'earth_station_1'], 'bundle': 'bundle_173447', 'estimated_delay': 1620}
2025-01-05 17:34:58,565 - INFO - Network Event - DisruptionCheck: {'current_node': 'mars_rover_1', 'next_node': 'mars_base', 'error_rate': 0.3, 'disruption_rate': 0.3}
2025-01-05 17:34:58,565 - INFO - Bundle bundle_173447 - BundleStored at mars_rover_1
Details: {'reason': 'error', 'buffer_size': 1}
2025-01-05 17:34:58,565 - INFO - Bundle bundle_173447 - RecoveryAttempt at mars_rover_1 -> mars_base (Attempt 1/3)
2025-01-05 17:34:59,567 - INFO - Bundle bundle_173447 - RecoverySuccess at mars_rover_1 -> mars_base (Recovered after 1 attempts)
2025-01-05 17:34:59,567 - INFO - Bundle bundle_173447 - Transmission at mars_rover_1 -> mars_base (Success)
Details: {'delay': 60, 'total_delay': 900, 'distance': '100 km', 'retransmissions': 3}
2025-01-05 17:35:01,142 - INFO - Network Event - DisruptionCheck: {'current_node': 'mars_base', 'next_node': 'mars_orbiter_1', 'error_rate': 0.3, 'disruption_rate': 0.3}
2025-01-05 17:35:01,143 - INFO - Bundle bundle_173447 - Transmission at mars_base -> mars_orbiter_1 (Success)
Details: {'delay': 180, 'total_delay': 1080, 'distance': '400 km', 'retransmissions': 3}
2025-01-05 17:35:02,726 - INFO - Network Event - DisruptionCheck: {'current_node': 'mars_orbiter_1', 'next_node': 'deep_space_relay_1', 'error_rate': 0.3, 'disruption_rate': 0.3}
2025-01-05 17:35:02,728 - INFO - Bundle bundle_173447 - BundleStored at mars_orbiter_1
Details: {'reason': 'error', 'buffer_size': 1}
2025-01-05 17:35:02,728 - INFO - Bundle bundle_173447 - RecoveryAttempt at mars_orbiter_1 -> deep_space_relay_1 (Attempt 1/3)
2025-01-05 17:35:03,730 - INFO - Bundle bundle_173447 - RecoverySuccess at mars_orbiter_1 -> deep_space_relay_1 (Recovered after 1 attempts)
2025-01-05 17:35:03,730 - INFO - Bundle bundle_173447 - Disruption at mars_orbiter_1 -> deep_space_relay_1 (Failed)
Details: {'delay': 600, 'distance': '200M km'}
2025-01-05 17:35:03,731 - INFO - Network Event - DisruptionCheck: {'current_node': 'mars_orbiter_1', 'next_node': 'deep_space_relay_1', 'error_rate': 0.3, 'disruption_rate': 0.3}
2025-01-05 17:35:03,731 - INFO - Bundle bundle_173447 - BundleStored at mars_orbiter_1
Details: {'reason': 'disruption', 'buffer_size': 1}
2025-01-05 17:35:03,731 - INFO - Bundle bundle_173447 - RecoveryAttempt at mars_orbiter_1 -> deep_space_relay_1 (Attempt 1/3)
2025-01-05 17:35:04,732 - INFO - Bundle bundle_173447 - RecoveryAttempt at mars_orbiter_1 -> deep_space_relay_1 (Attempt 2/3)
2025-01-05 17:35:05,734 - INFO - Bundle bundle_173447 - RecoverySuccess at mars_orbiter_1 -> deep_space_relay_1 (Recovered after 2 attempts)
2025-01-05 17:35:05,734 - INFO - Bundle bundle_173447 - Transmission at mars_orbiter_1 -> deep_space_relay_1 (Success)
Details: {'delay': 600, 'total_delay': 1680, 'distance': '200M km', 'retransmissions': 4}
2025-01-05 17:35:07,297 - INFO - Network Event - DisruptionCheck: {'current_node': 'deep_space_relay_1', 'next_node': 'earth_relay_1', 'error_rate': 0.3, 'disruption_rate': 0.3}
2025-01-05 17:35:07,298 - INFO - Bundle bundle_173447 - RecoveryAttempt at deep_space_relay_1 -> earth_relay_1 (Attempt 1/3)
2025-01-05 17:35:08,299 - INFO - Bundle bundle_173447 - RecoverySuccess at deep_space_relay_1 -> earth_relay_1 (Recovered after 1 attempts)
2025-01-05 17:35:08,300 - INFO - Bundle bundle_173447 - Disruption at deep_space_relay_1 -> earth_relay_1 (Failed)
Details: {'delay': 600, 'distance': '50M km'}
2025-01-05 17:35:08,300 - INFO - Network Event - DisruptionCheck: {'current_node': 'deep_space_relay_1', 'next_node': 'earth_relay_1', 'error_rate': 0.3, 'disruption_rate': 0.3}
2025-01-05 17:35:08,300 - INFO - Bundle bundle_173447 - BundleStored at deep_space_relay_1
Details: {'reason': 'disruption', 'buffer_size': 1}
2025-01-05 17:35:08,301 - INFO - Bundle bundle_173447 - RecoveryAttempt at deep_space_relay_1 -> earth_relay_1 (Attempt 1/3)
2025-01-05 17:35:09,302 - INFO - Bundle bundle_173447 - RecoverySuccess at deep_space_relay_1 -> earth_relay_1 (Recovered after 1 attempts)
2025-01-05 17:35:09,302 - INFO - Bundle bundle_173447 - Transmission at deep_space_relay_1 -> earth_relay_1 (Success)
Details: {'delay': 600, 'total_delay': 2280, 'distance': '50M km', 'retransmissions': 4}
2025-01-05 17:35:10,879 - INFO - Network Event - DisruptionCheck: {'current_node': 'earth_relay_1', 'next_node': 'earth_station_1', 'error_rate': 0.3, 'disruption_rate': 0.3}
2025-01-05 17:35:10,880 - INFO - Bundle bundle_173447 - BundleStored at earth_relay_1
Details: {'reason': 'disruption', 'buffer_size': 1}
2025-01-05 17:35:10,880 - INFO - Bundle bundle_173447 - RecoveryAttempt at earth_relay_1 -> earth_station_1 (Attempt 1/3)
2025-01-05 17:35:11,881 - INFO - Bundle bundle_173447 - RecoveryAttempt at earth_relay_1 -> earth_station_1 (Attempt 2/3)
2025-01-05 17:35:12,882 - INFO - Bundle bundle_173447 - RecoverySuccess at earth_relay_1 -> earth_station_1 (Recovered after 2 attempts)
2025-01-05 17:35:12,883 - INFO - Bundle bundle_173447 - Disruption at earth_relay_1 -> earth_station_1 (Failed)
Details: {'delay': 180, 'distance': '400 km'}
2025-01-05 17:35:12,883 - INFO - Network Event - DisruptionCheck: {'current_node': 'earth_relay_1', 'next_node': 'earth_station_1', 'error_rate': 0.3, 'disruption_rate': 0.3}
2025-01-05 17:35:12,883 - INFO - Bundle bundle_173447 - Transmission at earth_relay_1 -> earth_station_1 (Success)
Details: {'delay': 180, 'total_delay': 2460, 'distance': '400 km', 'retransmissions': 5}
2025-01-05 17:35:14,461 - INFO - Network Event - SimulationComplete: {'bundle_id': 'bundle_173447', 'total_delay': 2460, 'total_retransmissions': 5, 'final_path': ['mars_rover_1', 'mars_base', 'mars_orbiter_1', 'deep_space_relay_1', 'earth_relay_1', 'earth_station_1'], 'disruptions': 10, 'disrupted_links': [('mars_base', 'mars_orbiter_1'), ('earth_relay_1', 'earth_station_1')], 'avg_recovery_time': 1.2237189610799153, 'stored_bundles': 9, 'max_stored_bundles': 0, 'paths_attempted': 1, 'total_available_paths': 1, 'buffer_states': {'mars_rover_1': 0, 'mars_orbiter_1': 0, 'deep_space_relay_1': 0, 'earth_relay_1': 0}, 'total_storage_events': 9, 'recovery_attempts': 5, 'successful_recoveries': 9}
