2025-01-05 17:20:15,583 - INFO - Network Event - PathsFound: {'num_paths': 1, 'paths': [['mars_rover_1', 'mars_base', 'mars_orbiter_1', 'deep_space_relay_1', 'earth_relay_1', 'earth_station_1']], 'delays': {"['mars_rover_1', 'mars_base', 'mars_orbiter_1', 'deep_space_relay_1', 'earth_relay_1', 'earth_station_1']": 1620}}
2025-01-05 17:20:15,583 - INFO - Network Event - AttemptingPath: {'path': ['mars_rover_1', 'mars_base', 'mars_orbiter_1', 'deep_space_relay_1', 'earth_relay_1', 'earth_station_1'], 'bundle': 'bundle_172015', 'estimated_delay': 1620}
2025-01-05 17:20:15,583 - INFO - Network Event - DisruptionCheck: {'current_node': 'mars_rover_1', 'next_node': 'mars_base', 'error_rate': 0.3, 'disruption_rate': 0.3}
2025-01-05 17:20:15,584 - INFO - Bundle bundle_172015 - BundleStored at mars_rover_1
Details: {'reason': 'disruption', 'buffer_size': 1}
2025-01-05 17:20:15,584 - INFO - Bundle bundle_172015 - RecoveryAttempt at mars_rover_1 -> mars_base (Attempt 1/3)
2025-01-05 17:20:16,585 - INFO - Bundle bundle_172015 - RecoveryAttempt at mars_rover_1 -> mars_base (Attempt 2/3)
2025-01-05 17:20:17,587 - INFO - Bundle bundle_172015 - RecoverySuccess at mars_rover_1 -> mars_base (Recovered after 2 attempts)
2025-01-05 17:20:17,587 - INFO - Bundle bundle_172015 - Disruption at mars_rover_1 -> mars_base (Failed)
Details: {'delay': 60, 'distance': '100 km'}
2025-01-05 17:20:17,587 - INFO - Network Event - DisruptionCheck: {'current_node': 'mars_rover_1', 'next_node': 'mars_base', 'error_rate': 0.3, 'disruption_rate': 0.3}
2025-01-05 17:20:17,587 - INFO - Bundle bundle_172015 - Transmission at mars_rover_1 -> mars_base (Success)
Details: {'delay': 60, 'total_delay': 60, 'distance': '100 km', 'retransmissions': 1}
2025-01-05 17:20:19,150 - INFO - Network Event - DisruptionCheck: {'current_node': 'mars_base', 'next_node': 'mars_orbiter_1', 'error_rate': 0.3, 'disruption_rate': 0.3}
2025-01-05 17:20:19,151 - INFO - Bundle bundle_172015 - BundleStored at mars_base
Details: {'reason': 'error', 'buffer_size': 1}
2025-01-05 17:20:19,151 - INFO - Bundle bundle_172015 - RecoveryAttempt at mars_base -> mars_orbiter_1 (Attempt 1/3)
2025-01-05 17:20:20,152 - INFO - Bundle bundle_172015 - RecoverySuccess at mars_base -> mars_orbiter_1 (Recovered after 1 attempts)
2025-01-05 17:20:20,153 - INFO - Bundle bundle_172015 - Transmission at mars_base -> mars_orbiter_1 (Success)
Details: {'delay': 180, 'total_delay': 240, 'distance': '400 km', 'retransmissions': 1}
2025-01-05 17:20:21,701 - INFO - Network Event - DisruptionCheck: {'current_node': 'mars_orbiter_1', 'next_node': 'deep_space_relay_1', 'error_rate': 0.3, 'disruption_rate': 0.3}
2025-01-05 17:20:21,701 - INFO - Bundle bundle_172015 - BundleStored at mars_orbiter_1
Details: {'reason': 'disruption', 'buffer_size': 1}
2025-01-05 17:20:21,701 - INFO - Bundle bundle_172015 - RecoveryAttempt at mars_orbiter_1 -> deep_space_relay_1 (Attempt 1/3)
2025-01-05 17:20:22,702 - INFO - Bundle bundle_172015 - RecoverySuccess at mars_orbiter_1 -> deep_space_relay_1 (Recovered after 1 attempts)
2025-01-05 17:20:22,703 - INFO - Bundle bundle_172015 - Transmission at mars_orbiter_1 -> deep_space_relay_1 (Success)
Details: {'delay': 600, 'total_delay': 840, 'distance': '200M km', 'retransmissions': 1}
2025-01-05 17:20:24,276 - INFO - Network Event - DisruptionCheck: {'current_node': 'deep_space_relay_1', 'next_node': 'earth_relay_1', 'error_rate': 0.3, 'disruption_rate': 0.3}
2025-01-05 17:20:24,277 - INFO - Bundle bundle_172015 - BundleStored at deep_space_relay_1
Details: {'reason': 'disruption', 'buffer_size': 1}
2025-01-05 17:20:24,277 - INFO - Bundle bundle_172015 - RecoveryAttempt at deep_space_relay_1 -> earth_relay_1 (Attempt 1/3)
2025-01-05 17:20:25,278 - INFO - Bundle bundle_172015 - RecoverySuccess at deep_space_relay_1 -> earth_relay_1 (Recovered after 1 attempts)
2025-01-05 17:20:25,279 - INFO - Bundle bundle_172015 - Transmission at deep_space_relay_1 -> earth_relay_1 (Success)
Details: {'delay': 600, 'total_delay': 1440, 'distance': '50M km', 'retransmissions': 1}
2025-01-05 17:20:26,858 - INFO - Network Event - DisruptionCheck: {'current_node': 'earth_relay_1', 'next_node': 'earth_station_1', 'error_rate': 0.3, 'disruption_rate': 0.3}
2025-01-05 17:20:26,859 - INFO - Bundle bundle_172015 - Transmission at earth_relay_1 -> earth_station_1 (Success)
Details: {'delay': 180, 'total_delay': 1620, 'distance': '400 km', 'retransmissions': 1}
2025-01-05 17:20:28,438 - INFO - Network Event - SimulationComplete: {'bundle_id': 'bundle_172015', 'total_delay': 1620, 'total_retransmissions': 1, 'final_path': ['mars_rover_1', 'mars_base', 'mars_orbiter_1', 'deep_space_relay_1', 'earth_relay_1', 'earth_station_1'], 'disruptions': 4, 'disrupted_links': [('mars_rover_1', 'mars_base')], 'avg_recovery_time': 1.2516454458236694, 'stored_bundles': 4, 'max_stored_bundles': 0, 'paths_attempted': 1, 'total_available_paths': 1, 'buffer_states': {'mars_rover_1': 0, 'mars_base': 0, 'mars_orbiter_1': 0, 'deep_space_relay_1': 0}, 'total_storage_events': 4, 'recovery_attempts': 1, 'successful_recoveries': 4}
